[dotenv@17.2.3] injecting env (0) from .env -- tip: ⚙️  suppress all logs with { quiet: true }
[dotenv@17.2.3] injecting env (18) from .env.local -- tip: ⚙️  suppress all logs with { quiet: true }
[dotenv@17.2.3] injecting env (0) from .env -- tip: ⚙️  specify custom .env file path with { path: '/custom/path/.env' }
[dotenv@17.2.3] injecting env (18) from .env.local -- tip: 📡 add observability to secrets: https://dotenvx.com/ops
[discover-social] mode=instagram limit=100 concurrency=3 dry_run=false
[discover-social] Found 66 entities missing instagram
  - 303-boards — not found (303 Boards is a Colorado-based skate shop (Denver/Boulder locations), not located in Los Angeles. No Los Angeles location found.)
  - african-obichi-market — not found (Extensive search found multiple official websites, Facebook page, and directory listings for Obichi Enterprises/African Obichi Market in Mid-City LA, but no official Instagram business account handle. An Instagram location page exists for the business, but no official handle (@username) was identifiable. The business may not maintain an active official Instagram presence.)
  - alices-dog-park — not found (Despite extensive searching, no official Instagram account handle for Alice's Dog Park was found. The park is managed by the City of Pasadena Parks & Recreation, which may use a city account rather than a park-specific account. An Instagram location page exists (ID: 273889497), but no verified official handle was identified.)
  ~ army-surplus-warehouse → @armysurpluswarehouse (low, not saved — low confidence)
  - assi-plaza — not found (The original ASSI Supermarket in Los Angeles Koreatown permanently closed in January 2015 due to eviction and receivership. No current Assi Plaza location exists in Los Angeles Koreatown. The modern Assi Market chain (@assi_official_usa) operates in other states, not LA. Cannot confirm an official Assi Plaza Instagram for a Los Angeles Koreatown location as the business no longer operates there.)
  - atomic-cycles — not found (No official Instagram account found. Only @atomiccycles_fanpage exists, which is explicitly a fan page, not the official business account. The official website does not list an Instagram handle, and no verified official account could be identified despite thorough searching.)
  - audio-video-services — not found (Multiple targeted searches including site-specific Instagram searches returned no official Instagram account for Audio Video West, Inc. The company has a Facebook page and Twitter account, but appears not to maintain an Instagram presence.)
  - bangluck-market — not found (No official Instagram handle could be confirmed for Bangluck Market's East Hollywood location (5170 Hollywood Blvd). While an Instagram location page exists and there's an account for a different location (@newbangluckmarket in Reseda), the primary East Hollywood store does not appear to have an active official business account. The store is listed on various platforms (Yelp, Google, etc.) but Instagram presence is not verified.)
  - banh-mi-che-cali — not found (Despite extensive searches, no official Instagram account handle could be definitively identified for Banh Mi Che Cali. While Instagram location pages exist for various Banh Mi Che Cali locations, no branded business account with a specific handle (@username) was found. The restaurant chain appears to operate multiple franchised locations across Los Angeles County and surrounding areas but does not appear to maintain a centralized official Instagram account.)
  - beijing-pie-house — not found (Found @beijingpie account but cannot confirm it's the official Beijing Pie House restaurant account. The account has minimal followers (79) and limited activity, which raises questions about authenticity. No verified official account could be identified through web search. The restaurant may not maintain an active official Instagram presence, or the account may be difficult to locate definitively.)
  - belvedere-skatepark — not found (No dedicated official Instagram account found for Belvedere Skatepark. The skatepark is operated by LA County Parks & Recreation (@lacountyparks), but this is a general county account, not specific to this skatepark. Searches revealed location tags but no official park-specific Instagram handle.)
  - berezka-international-market — not found (No JSON in response)
  - bills-burgers — not found (While Bill's Hamburgers has an Instagram location page (location ID: 245275191), I could not locate a verified official Instagram business account with an @handle. The restaurant appears to have minimal social media presence, with a Facebook page (Bills Hamburger Etc.) but no clearly identifiable official Instagram account. The business is known for being a traditional, no-frills operation that may not actively maintain social media.)
  - bistro-1968 — not found (Despite extensive searches, no official Instagram account for Bistro 1968 San Gabriel could be identified. While many food bloggers and customers post about the restaurant and tag its location, no verified official restaurant account was found. The restaurant has an official website (bistro1968.site) but appears to not maintain an active official Instagram presence, or it may be under an unexpected handle name.)
  - bluff-creek-dog-park — not found (No official Instagram account found for Bluff Creek Dog Park. Search results show an Instagram location page (not an account), and a Facebook page for the park, but no dedicated official Instagram handle. The park appears to be managed by the City of Los Angeles/Playa Vista without an independent Instagram account.)
  ✓ burgerlords → @burgerlords (high)
  - canterbury-records — not found (Despite extensive searching, no verified official Instagram account could be found for Canterbury Records. While the Playhouse Village directory lists Instagram as a platform they use, the specific handle is not publicly listed or easily discoverable. The store has active presence on other social platforms (Facebook, Twitter, official website) but Instagram presence remains unconfirmed.)
  - chico-loco-pupusas — not found (Restaurant appears to be permanently closed as of January 2026. No official Instagram account found in search results despite targeted searches. Unable to verify an official social media presence.)
  ✓ crispy-pork-gang → @crispyporkgang (high)
  - destination-hifi — not found (Multiple searches for Destination HiFi's Instagram account (including direct searches for @destinationhifi, branded searches, and social media aggregators) returned no official Instagram profile for this North Hollywood audio equipment store. The business website and contact pages do not list an Instagram account. While other HiFi retailers in the US have Instagram presence, this particular business does not appear to maintain an official Instagram account.)
  - doggie-styles-grooming — not found (Multiple 'Doggie Styles' locations exist in Southern California. Found two potential Instagram accounts (@doggystyles_doggrooming and @doggiestyles__) but unable to confirm which is the official account for the Los Angeles location without additional verification from the business's official website or contact information.)
  - don-lencho-restaurant — not found (Extensive search found no official Instagram account for Don Lencho Restaurant (6119 S Normandie Ave, Los Angeles). The restaurant maintains a Facebook page but no verified Instagram presence could be confirmed. Other Instagram accounts with 'Don Lencho' names are for different restaurants in other locations.)
  - dumpling-house-arcadia — not found (While I found an Instagram location page for Dumpling House Arcadia and a potential handle (@dumplinghouse_), I could not verify these are the official business account rather than fan pages. The restaurant's official website (dumplinghousearcadia.com) does not display Instagram links, and my searches did not return clear confirmation of an official verified account. Without being able to confirm verification status or that the account is directly managed by the restaurant, I cannot recommend a specific handle with confidence.)
  ✓ eagle-rock-italian-bakery-and-deli → @eagle_rock_italian_bakery (high)
  - eaton-canyon-trail — not found (Eaton Canyon Trail does not appear to have a dedicated official Instagram account. The trail is managed by LA County Parks & Recreation (@trailslacounty) which posts about the trail, but this is a general county trails account, not a trail-specific handle. The trail itself has Instagram location tags where visitors post, but no official account was found.)
  - elite-restaurant — not found (Elite Restaurant in Monterey Park appears to be permanently closed since December 2022. Despite searching multiple sources including Yelp, business directories, and Instagram, no official Instagram handle could be definitively identified. The restaurant may not have maintained an active Instagram presence, or the account may have been deleted after closure.)
  - fortune-no1 — not found (After multiple targeted searches, no official Instagram account could be verified for Fortune No.1 (138 E Garvey Ave, Monterey Park, CA). The restaurant has a Facebook page but appears to lack an active official Instagram presence. References found were only from food bloggers (lafood24) posting content about the restaurant, not the restaurant's own account.)
  - gi-surplus-store — not found (No business named 'GI Surplus Store' appears to exist in Los Angeles. While several military surplus stores operate in LA (such as The Surplus Store and L.A. Surplus), there is no publicly available information about a store with the specific name 'GI Surplus Store.' The exact business name search yielded no results.)
  - galanga-thai-fusion — not found (Despite extensive searching, no official Instagram handle for Galanga Thai Fusion (7440 Santa Monica Blvd, West Hollywood) could be verified. While the restaurant is listed on Eat + Drink WeHo with an Instagram reference, the actual handle is not publicly accessible through web search. Other 'Galanga Thai' accounts exist but are for different locations. Unable to confirm an active official account for this specific restaurant.)
  - garys-custom-clothing — not found (Gary's Custom Tailoring & Boutique (1076 Glendon Ave, Westwood, Los Angeles) appears to have a website (garytailor.com) but no discoverable official Instagram account. Multiple business listings (Yelp, Yellow Pages, Foursquare, etc.) do not include Instagram links, and direct searches for their Instagram handle returned no results.)
  - hk-market — not found (After extensive searching, no official Instagram account could be verified for HK Market at 124 N Western Ave, Koreatown, LA. While the business is part of the Galleria Market group and shares galleriamarket.com, no dedicated official Instagram handle for HK Market was found. Only user-generated content tags and location pages appeared in search results.)
  - hwayeon-korean-bbq — not found (No JSON in response)
  - india-spices-and-groceries — not found (Found multiple similar Instagram handles (@indianspices_groceries, @indianspicesngroceries, @indiasweetsandspices) but cannot definitively confirm which, if any, is the official account for the Mid-City location at 5994 W Pico Blvd. No verification badges or clear official designation found. The business directories do not prominently link to a verified Instagram account.)
  - jeffrey-h-denham-md — not found (Extensive search found no personal Instagram account for Dr. Jeffrey Denham. Only institutional accounts (Huntington Health, residency program) appeared. As an internal medicine physician, he may not maintain a personal social media presence.)
  - jordan-market — not found (Instagram location page exists for Jordan Market (Westwood), but the specific official business account handle could not be determined from search results. The business appears to lack an actively promoted Instagram presence on their website or other business listings.)
  - kim-long-market — not found (Despite multiple searches, no official Instagram business account could be identified for Kim Long Market Long Beach. An Instagram location page exists (Instagram.com/explore/locations/3782208/kim-long-market/), but this is not a business account. The business appears to have a Facebook page but no traceable official Instagram handle. The market may not actively maintain an Instagram account.)
  - la-skate-co — not found (Found multiple LA Skate-related accounts (@lask8, @laskateco) in Los Angeles, but cannot definitively confirm which is the official LA Skate Co. business account. The website laskate.com references Instagram but the search results don't clearly specify the official handle. Further verification needed.)
  ✓ lax-c-thai-wholesale-market → @laxcmarket (high)
  - lake-hollywood-park — not found (Extensive search found no official Instagram account for Lake Hollywood Park operated by LA Parks & Recreation. Only community fan page @the_pups_of_lake_hollywood exists. Official park communications appear to be through lakehollywoodpark.com and the city's recreation.parks.lacity.gov website.)
  - long-xing-ji-juicy-dumpling — not found (While Long Xing Ji Juicy Dumpling has an Instagram location page and appears in user-posted content, I could not identify a verified official business account handle. The restaurant's official website (longxingjijuicy.com) and social media links do not clearly indicate an official Instagram account. There are multiple locations (San Gabriel and Baldwin Park) which may complicate account verification.)
  ✓ los-liones-trail → @angelesstateparks (medium)
  ✓ malibu-library → @lacountylibrary (high)
  - mei-long-village — not found (Mei Long Village has been closed as of August 2024 according to Yelp. Despite extensive searches, no official Instagram account for the restaurant is available in search results. The restaurant appears to have had an older website (meilongvillage.com) but no verified social media presence was found.)
  - michelles-pancakes — not found (Multiple searches found the restaurant but no clear official Instagram profile was located. While Instagram posts from the restaurant appear to exist, the account handle could not be definitively identified from available search results. The restaurant appears to prioritize their website (michelleshouseofwafflespancakes.com) and third-party delivery platforms for online presence.)
  - numero-uno-market — not found (Numero Uno Market was acquired by Superior Grocers in July 2022. While Numero Uno Market location tags exist on Instagram, no verified official business account for Numero Uno Market specifically could be identified. Stores appear to operate under Superior Grocers corporate branding. The official account for the parent company is @superiorgrocers.)
  - ocean-eyebrow-threading — not found (After multiple search queries targeting the official Ocean Eyebrow Threading Lawndale account, no official Instagram handle was found. The business maintains active presence on Facebook and their website, but Instagram does not appear in their official social media channels.)
  - one-one-dumplings — not found (No official Instagram account found after comprehensive search. Restaurant is small, family-owned establishment (formerly called Luscious Dumplings) that appears to have minimal web presence beyond review sites. May not maintain active social media, or account may be private/unlisted.)
  ~ pp-pop → @pppop (low, not saved — low confidence)
  - pupuseria-jazmins-2 — not found (Pupuseria Jazmin's #2 is a street vendor at Two Guys Plaza market in Koreatown. Despite multiple searches, no official Instagram account could be found. As a casual market stand (not a brick-and-mortar restaurant), it likely does not maintain social media accounts.)
  - qing-dao-bread-food — not found (Extensive search found Instagram location page but no official account handle. This small, family-owned dumpling restaurant does not appear to maintain an official Instagram presence.)
  ✓ rays-barbecue → @raysbbq90255 (high)
  ✓ sakos-mediterranean-cuisine → @soracraftkitchen (high)
  - salsabor-restaurant — not found (While the restaurant has an active website (elsalsabor.com) and Facebook page, I could not find a confirmed official Instagram handle despite locating their Instagram location page on the platform. The restaurant may not actively maintain an Instagram account or it may be under a name not immediately discoverable through web search.)
  - sanamluang-cafe — not found (Official website shows Instagram integration errors. While the restaurant has Instagram location pages and a Twitter account (@sanamluang_HW), I could not confirm a specific verified Instagram handle for Sanamluang Cafe Hollywood. The Claremont location has @sanamluang_claremont, but the Hollywood original location's handle remains unverified.)
  - santa-monica-swim-center — not found (The Santa Monica Swim Center (operated by the City of Santa Monica) does not appear to have a dedicated official Instagram account. Content about the facility is posted on the City of Santa Monica's official account (@cityofsantamonica). An @smcaquatics account exists but cannot be verified as the official facility account.)
  ~ silver-lake-dog-park → @silverlakedogpark (low, not saved — low confidence)
  - soul-skating — not found (While Soul Skating LA has confirmed social media presence on Facebook (SoulSkatingLA) and Twitter (@SoulSkatingLA), I could not locate a verified official Instagram account for the skate shop at 770 S Boyle Ave. Several similarly-named accounts exist but cannot be confirmed as the official shop account. The business website (soulskatingla.com) and phone number (323-266-6611) are confirmed, but no Instagram handle could be verified.)
  - sunken-city-books — not found (The Sunken City is a natural geological site (a 1929 landslide area) in San Pedro, Los Angeles, not an official cultural institution or organization with official management. It is a closed, fenced-off public area managed by the City of Los Angeles Department of Parks and Recreation. There is no official Instagram account for Sunken City itself. While the location has location tags on Instagram and hashtags like #sunkencity with thousands of posts from visitors and content creators, there is no verified official account representing the site as a cultural entity. The only official presence appears to be through the city's parks and recreation department, not a dedicated Sunken City account.)
  - super-sal — not found (After multiple targeted searches, no official Super Sal Market Instagram account was found. An Instagram location page exists but no official business account handle. The market maintains an active Facebook presence and website (supersalmarket.com) but does not appear to have an official Instagram account.)
  ✓ taste-of-ethiopia → @tasteofethiopia.restaurant (high)
  - thai-boom — not found (Despite multiple search attempts targeting Thai Boom Beverly Hills across Instagram and web, no official Instagram account was found. Their verified presence appears limited to their website and Facebook page. The restaurant does not appear to actively maintain an Instagram presence.)
  ✓ audio-specialist → @theaudiospecialist (medium)
  - the-voice-of-vintage — not found (The Voice of Vintage is not a restaurant - it's a vintage Hi-Fi stereo and turntable repair/sales business in the Los Angeles area. The only official Instagram account found (@thevoiceofvintage) belongs to this audio equipment business, not a dining establishment. There is no evidence of a restaurant by this name in Los Angeles.)
  - vandk-middle-eastern-market — not found (Extensive search found no Instagram presence for V&K Middle Eastern Market/V&K Distributing Co at 3407 W Magnolia Blvd, Burbank. Multiple search attempts with various keywords yielded no results. The business appears to maintain only a basic website (v-k-distributing-co.edan.io) and phone presence (818-848-1926). No social media accounts detected.)
  - wat-thai-weekend-market — not found (Despite extensive searching, no verified official Instagram account could be identified for Wat Thai Weekend Market. The temple maintains active Facebook and website presences, but no official Instagram handle with verified credentials appears to exist or be prominently associated with the organization.)
  - giu-giu — not found (While Giu Giu is confirmed to be a Los Angeles-based knitwear brand by designer Giuliana Leila Raggiani, I could not locate a verified official Instagram handle for the brand. The @giugiu account found appears to be associated with a Kyoto-based entity, not the Los Angeles shop. The brand's website is currently under construction, making verification difficult.)

--- Summary ---
Processed: 66
Saved:     10
Found (not saved): 3
Not found: 53
Errors:    0
