[dotenv@17.2.3] injecting env (0) from .env -- tip: ⚙️  specify custom .env file path with { path: '/custom/path/.env' }
[dotenv@17.2.3] injecting env (18) from .env.local -- tip: 🛠️  run anywhere with `dotenvx run -- yourcommand`
[dotenv@17.2.3] injecting env (0) from .env -- tip: 🔑 add access controls to secrets: https://dotenvx.com/ops
[dotenv@17.2.3] injecting env (18) from .env.local -- tip: 🔐 prevent committing .env to code: https://dotenvx.com/precommit
[discover-social] mode=website limit=200 concurrency=3 dry_run=false
[discover-social] Found 100 entities missing website
  - 303-boards — not found (303 Boards is confirmed to be located in Denver and Boulder, Colorado since 1997. No Los Angeles location exists. The search results show no evidence of a 303 Boards skateshop operating in Los Angeles.)
  - alejandra-s-quesadilla-cart-de-oaxaca — not found (Alejandra's Quesadilla Cart de Oaxaca is a mobile food cart that operates in Echo Park, not a permanent restaurant. No official dedicated website was found. Third-party directory listings exist, but these are not official websites managed by the business.)
  ~ araz-international-grocery → @https://www.arazgrocery.com (low, not saved — low confidence)
  ✓ asanebo → @https://asanebo-restaurant.com (high)
  - assi-plaza — not found (Assi Market/Assi Plaza was a Korean supermarket in Koreatown that permanently closed in 2015. The business was evicted due to non-payment of rent and forced into receivership. It no longer operates, so there is no current official website. The search results indicate it was an active business from 1998-2015, but it is not currently operational.)
  - bangluck-market — not found (Extensive search did not reveal an official website with a standard domain name for Bangluck Market at 5170 Hollywood Blvd, Los Angeles (East Hollywood). The only website-like result found was 'bangluck-market-hollywoodthaitown.com-place.com', which appears to be an aggregator/listing site rather than an official company website. The business maintains presence through third-party platforms (Yelp, Google Maps, etc.) but does not appear to operate its own official website.)
  ✓ bavel → @https://baveldtla.com/ (high)
  ✓ belvedere-skatepark → @https://parks.lacounty.gov/belvedere-community-regional-park/ (high)
  ✓ berenjak → @https://berenjak.com/locations/downtown-los-angeles/ (high)
  ✓ berezka-international-market → @http://berezkaboston.com/about.html (high)
  - bills-burgers — not found (After comprehensive search, no official website for Bill's Hamburgers (Van Nuys) was found. The restaurant appears to be a small, cash-only burger stand operating since 1965 that does not maintain its own website. Third-party listing sites exist, but no official domain.)
  - birrieria-nochistlan — not found (After comprehensive search, no official website could be found. The restaurant appears to operate primarily through social media (Instagram, Facebook) and appears on third-party platforms only. No dedicated official website domain is present.)
  - bluff-creek-dog-park — not found (No official website found. Search results contain only third-party directory listings (DogPackApp, TopDogParks, JetSetPets, etc.) and a suspicious domain (bluff-creek-dog-park.com-place.com). No official city website or dedicated park authority site was identified.)
  ✓ california-market → @https://gaju-market.com (high)
  - camouflage — not found (Camouflage Military Surplus (buycamouflage.com) is a legitimate military surplus retailer, but it only operates physical locations in Vancouver, Toronto, and Montreal (all in Canada). There is no official Camouflage store location in Los Angeles. The search results confirm no Los Angeles branch exists for this brand.)
  ✓ capital-seafood → @https://www.capitalseafoodcalifornia.com/ (high)
  - chico-loco-pupusas — not found (Extensive search found no official website for Chico Loco Pupusas. The business is a small family-run operation without a web presence, operating only through phone contact at (323) 602-7171 for orders.)
  ✓ chimac-star → @https://www.chimacstar.com/ (high)
  ✓ cilantro-mexican-grill → @https://cilantromexican.com/ (high)
  ✓ dans-super-subs → @https://www.danssupersubs.com/ (high)
  - delmys-pupusas — not found (Delmy's Pupusas operates as a farmers market vendor/food stand rather than a traditional restaurant with a permanent location. No official dedicated website was found despite extensive searching. Only social media and third-party listing sites appear to have information about this business.)
  ✓ domestic-bbq → @https://domesticbarbecue.com (high)
  ✓ et-surf → @https://www.etsurf.com/ (high)
  ✓ eaton-canyon-trail → @https://trails.lacounty.gov/Trail/22/eaton-canyon-trail (high)
  - el-majahual-pupuseria — not found (Extensive search found no official website for El Majahual Pupuseria (1925 W Temple St, Los Angeles). Only third-party listing sites appeared, several explicitly stating 'This is not the official website.' Restaurant maintains social media (Instagram, Facebook) and uses third-party delivery platforms, but does not appear to have an official dedicated website.)
  - falafel-arax — not found (Extensive search found only third-party aggregator sites and social media pages (Facebook, Instagram). No official restaurant-owned website was identified for Falafel Arax.)
  - fortune-no1 — not found (Despite extensive searching, no official website could be found for Fortune No.1. The restaurant appears to rely on third-party platforms for online presence and reservations, with no dedicated official domain maintained by the restaurant itself.)
  ✓ gi-surplus-store → @https://catcher17.myshopify.com/ (medium)
  - garys-custom-clothing — not found (Search results show two different businesses with similar names. GARYS (garysonline.com) is a luxury retailer but located in Newport Beach/Del Mar, not Los Angeles. Gary's Custom Tailoring & Boutique is located in Los Angeles (Westwood) but does not appear to have an official website. Without clarification on which specific business is being sought, cannot definitively provide the correct official website.)
  ✓ genwa-downtown-la → @https://www.genwakoreanbbq.com (high)
  ✓ griffith-park-trails → @https://recreation.parks.lacity.gov/griffithpark/ (high)
  ✓ gui-bbq-restaurant-and-bar → @https://guibbqrestaurant.com/ (high)
  ✓ hunter-shaw-fine-art → @http://huntershawfineart.com/ (high)
  - india-spices-and-groceries — not found (Extensive search found no official website for India Spices & Groceries at 5994 W Pico Blvd, Mid-City, Los Angeles. While one third-party source cited www.isweethouse.com, that domain belongs to a different business (India Sweet House bakery, est. 1981). The business appears primarily on directory listings and review sites with phone number (323) 931-4871, but no dedicated official website could be verified.)
  ✓ jordan-market → @https://jordanmarket.net/ (high)
  - kusano — not found (KUSANO does not maintain an official website. The restaurant is a small, intimate 8-seat omakase counter operated by Chef Yasu Kusano. Primary digital presence is through Instagram (@kusano_culver_city) and Resy for reservations. Multiple sources confirm no dedicated website exists for this establishment.)
  ✓ kavita-grocery → @http://kavitagrocery.globalsmartlink.com/ (medium)
  - kim-long-market — not found (After multiple targeted searches, no official website with a standard domain could be found for Kim Long Market in Long Beach. The business appears to operate without a dedicated official website. While a third-party directory site (kim-long-market.com-place.com) exists, it is not the official website. All verified business listings only provide address and phone contact information.)
  ✓ kobawoo-house → @https://kobawoohouse.shop/ (high)
  ✓ konbi → @https://www.konbi.co/ (high)
  ✓ los-liones-trail → @https://trails.lacounty.gov/trail/184/los-leones-trail (high)
  ✓ los-molcajetes → @https://losmolcajetes.la/english/ (high)
  ✓ margaret → @https://margaretmargaret.com/ (high)
  ✓ mae-malai → @https://maemalaithaihouseofnoodlesgo.site/ (high)
  ✓ mainline-skate-shop → @https://mainlineskateshop.com/ (high)
  - malaya-coffee — not found (After comprehensive searches, no official website was found for Malaya Coffee and Ice Cream (Silver Lake location). The business appears to rely on social media (Facebook, Instagram) and third-party platforms (DoorDash, Uber Eats, etc.) rather than maintaining an official website. The domain malaya-coffee.com exists but does not appear to be associated with this specific Los Angeles location.)
  ✓ merkato → @https://merkato.weeblyte.com/ (high)
  - my-dung-sandwich-shop — not found (My Dung Sandwich Shop appears to be a small, traditional Vietnamese banh mi shop in Chinatown with no independently owned official website. While various third-party restaurant aggregators and menu sites list it, the restaurant does not appear to maintain its own domain. Contact: (213) 617-7094, Address: 314 Ord St, Los Angeles, CA 90012.)
  ✓ myrtle → @https://myrtlela.com/ (high)
  ✓ myung-in-dumplings → @https://myungindumplings.net/ (medium)
  ✓ new-image-art → @http://www.newimageartgallery.com/ (high)
  - non-factory — not found (Extensive search yielded no official website for Non Factory skateshop. They appear to operate primarily as a brick-and-mortar shop with social media (Instagram @nonfactoryskateshop, Facebook) as their main online presence, but no dedicated official website exists.)
  ✓ numero-uno-market → @https://www.numerouno.market/ (high)
  ✓ nyala-ethiopian-cuisine → @https://www.nyala-la.com (medium)
  - odessa-grocery — not found (No official website found for Odessa Grocery. Search results show only third-party listing sites (place.com, res-menu.com) and aggregators. The two Odessa Grocery locations identified are in West Hollywood and Valley Village, not Central LA. The business appears to operate without a dedicated official website.)
  - one-one-dumplings — not found (After extensive searching, One One Dumplings (formerly Luscious Dumplings) located at 704 W Las Tunas Dr, San Gabriel, CA does not appear to have an official website. While lusciousdumplings.com was historically associated with the location, it now serves as the website for a separate Luscious Dumplings chain with multiple locations. All current search results point only to third-party aggregators and menu sites. The restaurant appears to be a small, family-owned operation that relies on phone orders and walk-ins rather than maintaining its own official web presence.)
  ✓ open-sesame → @https://www.opensesamegrill.com (high)
  - papas-chicken — not found (Papa's Chicken in Koreatown (3003 W Olympic Blvd) closed in 2024. Multiple sources confirm the closure, and the space is now occupied by My Donkasu. The restaurant does not have an official website - no dedicated domain was found in search results, only third-party listings. Since the business is closed, there is no current official website to provide.)
  ✓ pasadena-central-library → @https://www.cityofpasadena.net/library/ (high)
  ✓ poketo → @https://www.poketo.com/ (high)
  ✓ prince-dumpling → @https://princedumpling.com/ (high)
  - pupusas-de-olocuilta — not found (The restaurant permanently closed in January 2023. No official website exists for the current restaurant at that location.)
  - pupuseria-jazmins-2 — not found (Pupuseria Jazmin's #2 is a vendor at El Mercado Salvadoreño street market in Koreatown. Multiple searches found no official website for this specific vendor. It operates as a food stall at the market rather than as a standalone restaurant with web presence.)
  ~ qing-dao-bread-food → @https://qing-dao-bread-food.com-fnb.com/ (low, not saved — low confidence)
  - ragtop-ferns-bbq — not found (Ragtop Fern's BBQ is an underground/pop-up BBQ operation that operates primarily through Instagram (@ragtopfernsbbq). No official dedicated website exists. The business uses Instagram for location updates, serving times, and direct messaging for orders. Facebook and Instagram are their only official social media presence; the restaurant does not have a standalone website.)
  - river-street-bbq — not found (River Street BBQ is a pop-up/roving BBQ operation without a dedicated official website. The business maintains a presence on social media (Facebook and Instagram @riverstreetbbq) but does not appear to have a traditional business website. The company is registered as River Street BBQ & Catering LLC with an address at 514 W River St, Los Angeles, CA 90065, but no official website could be found.)
  - roma-market — not found (Roma Market is a family-owned Italian deli in Pasadena (located at 918 N Lake Ave, Pasadena, CA) with no official website. Search results consistently show it has minimal online presence, with only Instagram (@romamarket) as official social media and several community-maintained third-party menu sites. The restaurant operates as a traditional neighborhood market relying on word-of-mouth and local reputation.)
  - sick-city-records — not found (Extensive search returned no official website. The shop has active social media (Instagram, Facebook, Tumblr) and appears in third-party directories and news articles, but no official website domain exists for this Echo Park record shop.)
  - saigon-bakery — not found (Search results show multiple Saigon Bakery locations in the LA area, but none have a dedicated official website. Results primarily link to third-party platforms (Yelp, Uber Eats, etc.). Saigon Bakery and Sandwiches is in San Gabriel (not Los Angeles), and no official website was found for any Los Angeles location.)
  ✓ sea-view → @https://www.sea-view.us/ (high)
  - shanghai-dumpling-house — not found (No independent official website found. The restaurant appears to rely on third-party platforms (Yelp, Instagram, restaurant aggregators) for online presence rather than maintaining their own official domain.)
  ✓ skafs-grill → @https://skafslebanese.net/ (high)
  ✓ slab-barbecue → @https://www.slabbarbecue.com/ (high)
  - sonmari — not found (Extensive search found no official website domain for Sonmari. OpenTable (a reliable source) lists only their Instagram (@sonmari.la) as their website. The restaurant appears to only maintain a social media presence and use third-party platforms for reservations and information.)
  ✓ soowon-galbi → @http://www.soowongalbi.net/ (high)
  ✓ soul-skating → @https://www.soulskatingla.com (medium)
  - sunken-city-books — not found (The Sunken City is a protected, off-limits geological site without an official dedicated website. It is managed by the LA Department of Parks and Recreation but does not maintain its own official online presence. The area is closed to the public and not operated as a cultural institution or attraction with official web infrastructure.)
  - super-carne-asada-panchos-maywood — not found (Super Carne Asada Panchos appears to be a small taco stand/food cart operation in the Los Angeles area. Despite multiple searches using the exact business name and location, no official website could be found. The business appears only on third-party platforms (Yelp) and in media coverage. Small informal food stands of this type typically do not maintain independent websites.)
  ✓ super-sal → @https://www.supersalmarket.com (high)
  ✓ sushi-enya-beverly-hills → @https://www.sushienya.com (high)
  ✓ sushi-enya-sawtelle → @https://www.sushienya.com (high)
  - taco-zone — not found (No official website found for Taco Zone. Search results only show third-party menu aggregators and social media accounts. The restaurant appears to operate as a food truck without a dedicated official website.)
  - tacos-cinco-y-diez — not found (Despite multiple searches, no official website for Tacos Cinco y Diez could be definitively identified. The restaurant operates primarily through social media (Instagram @tacos_5y10, Facebook) and third-party listing sites. The domains found (tacos-cinco-y-diez.com-fnb.com, tacos-cinco-y-diez.menu-world.com) appear to be third-party aggregators, not official restaurant sites.)
  - tacos-la-rueda — not found (Despite extensive searching, no official website for Tacos La Rueda Bellflower could be found. Third-party sites (restaurants-world.net/com) exist but explicitly state they are not official and community-maintained. The restaurant appears to operate without a dedicated official website.)
  ✓ taqueria-el-otro-amigo → @https://taqueriaelotroamigo.shop/ (medium)
  ✓ taschen-gallery → @https://www.taschen.com/pages/en/company/taschen_gallery/index.taschen_gallery.htm?category=496 (high)
  - taste-of-ethiopia — not found (No restaurant named 'Taste of Ethiopia' was found in Los Angeles based on comprehensive web searches. Results returned other Ethiopian restaurants in LA's Little Ethiopia district, but none matching this exact name. Either the restaurant does not exist, has closed, or operates under a different name.)
  ✓ tasty-food-to-go → @https://www.tastyfoodlb.com (medium)
  ✓ tehran-market → @https://tehranmarketllc.com/ (medium)
  ✓ temescal-canyon-trail → @https://trails.lacounty.gov/Trail/285/temescal-canyon-trail (high)
  ✓ the-blvd-cafe-and-bar → @http://www.theblvdcafeandbar.com (medium)
  ✓ the-dog-savant → @https://dogtrainingla.com (high)
  - the-spot-street-pupusas — not found (Extensive searches found only social media (Instagram) and third-party listings (Yelp, Giftly, Google), but no official independent website for The Spot Street Pupusas. As a street food stand, they may not maintain a formal website.)
  ✓ the-supply-sergeant → @https://www.thesupplysergeant.com (high)
  - the-voice-of-vintage — not found (The Voice of Vintage is a turntable/stereo repair business, not a restaurant. The official website (thevoiceofvintage.com) describes services for stereo console restoration and turntable repairs, not food service.)
  ✓ town-hof-and-thanks-chicken → @https://thankschicken.com/ (high)
  ✓ transport-skate-shop → @https://transportskate.com/ (high)
  - twozone-chicken — not found (While a site at twozone-chicken-la.com-fnb.com appeared in search results, this URL structure (-fnb.com) is suspicious and not a standard domain pattern for official restaurant websites. No legitimate official website with a standard domain (like twozonechicken.com or twozone-la.com) was found. The restaurant maintains presence on third-party platforms (Yelp, Facebook, Instagram, DoorDash, Uber Eats) but does not appear to have a dedicated official website with proper domain branding.)
  ~ u-zen → @https://www.uzenrestaurant.com (low, not saved — low confidence)
  - union-liquor-market-westlake — not found (After multiple targeted searches, no official website was found for Union Liquor Market. The business appears only on third-party platforms (Yelp, Waze, Foursquare) and does not maintain its own dedicated website. The phone number (213) 483-0566 is the primary contact method available.)

--- Summary ---
Processed: 100
Saved:     55
Found (not saved): 3
Not found: 42
Errors:    0
