[2026-03-16T21:22:58.652Z] Running stage 1 (Google Places identity commit) only for dunsmoor
[dotenv@17.2.3] injecting env (0) from .env -- tip: ⚙️  override existing env vars with { override: true }
[dotenv@17.2.3] injecting env (19) from .env.local -- tip: ✅ audit secrets and track compliance: https://dotenvx.com/ops

Enrich: Dunsmoor (dunsmoor)
  ID:      029eb806-0c5a-4e29-8b23-b254718e44e3
  Website: https://www.dunsmoor.la/
  GPID:    ChIJQxbwUsHBwoARqt0NKxponhU

Stage 1: Google Places identity commit — skipped (Google Places data already cached (placesDataCachedAt set))

Re-scanning issues...
  Issues: 1 created, 0 resolved, 1 unchanged

════════════════════════════════════════════════════════════
Enrichment summary: Dunsmoor
════════════════════════════════════════════════════════════
  · Stage 1: Google Places identity commit (skipped)
  · Stage 2: Surface discovery (skipped)
  · Stage 3: Surface fetch (skipped)
  · Stage 4: Surface parse (skipped)
  · Stage 5: Identity signal extraction (AI) (skipped)
  · Stage 6: Website enrichment (skipped)
  · Stage 7: Tagline generation (AI) (skipped)


[2026-03-16T21:23:01.553Z] Process exited with code: 0
