[2026-03-16T20:27:28.826Z] Running stage 1 (Google Places identity commit) only for brothers-cousins
[dotenv@17.2.3] injecting env (0) from .env -- tip: 🔄 add secrets lifecycle management: https://dotenvx.com/ops
[dotenv@17.2.3] injecting env (19) from .env.local -- tip: ⚙️  override existing env vars with { override: true }

Enrich: Brothers Cousins Tacos (brothers-cousins)
  ID:      a5d29663-ba31-4538-9594-902d62e458e5
  Website: https://www.instagram.com/brotherscousinstacos/
  GPID:    ChIJYTEra2y7woARyELU7nnoYoc

Stage 1: Google Places identity commit — skipped (Google Places data already cached (placesDataCachedAt set))

Re-scanning issues...
  Issues: 1 created, 0 resolved, 4 unchanged

════════════════════════════════════════════════════════════
Enrichment summary: Brothers Cousins Tacos
════════════════════════════════════════════════════════════
  · Stage 1: Google Places identity commit (skipped)
  · Stage 2: Surface discovery (skipped)
  · Stage 3: Surface fetch (skipped)
  · Stage 4: Surface parse (skipped)
  · Stage 5: Identity signal extraction (AI) (skipped)
  · Stage 6: Website enrichment (skipped)
  · Stage 7: Tagline generation (AI) (skipped)


[2026-03-16T20:27:30.704Z] Process exited with code: 0
