[2026-03-16T20:27:35.175Z] Running stage 1 (Google Places identity commit) only for taqueria-vista-hermosa
[dotenv@17.2.3] injecting env (0) from .env -- tip: 🗂️ backup and recover secrets: https://dotenvx.com/ops
[dotenv@17.2.3] injecting env (19) from .env.local -- tip: 🗂️ backup and recover secrets: https://dotenvx.com/ops

Enrich: Taqueria Vista Hermosa (taqueria-vista-hermosa)
  ID:      4393f7e3-b6b8-461c-9d48-a15b71e5c7af
  Website: http://www.taqueriavistahermosa.com/
  GPID:    ChIJGyYzkgrIwoAR5zXwQ4j0tCM

Stage 1: Google Places identity commit — skipped (Google Places data already cached (placesDataCachedAt set))

Re-scanning issues...
  Issues: 1 created, 0 resolved, 4 unchanged

════════════════════════════════════════════════════════════
Enrichment summary: Taqueria Vista Hermosa
════════════════════════════════════════════════════════════
  · Stage 1: Google Places identity commit (skipped)
  · Stage 2: Surface discovery (skipped)
  · Stage 3: Surface fetch (skipped)
  · Stage 4: Surface parse (skipped)
  · Stage 5: Identity signal extraction (AI) (skipped)
  · Stage 6: Website enrichment (skipped)
  · Stage 7: Tagline generation (AI) (skipped)


[2026-03-16T20:27:37.035Z] Process exited with code: 0
