[2026-03-16T20:25:55.220Z] Running stage 1 (Google Places identity commit) only for n-naka-restaurant-2-michelin-2-michelin-stars-kaiseki
[dotenv@17.2.3] injecting env (0) from .env -- tip: ⚙️  enable debug logging with { debug: true }
[dotenv@17.2.3] injecting env (19) from .env.local -- tip: 🔐 encrypt with Dotenvx: https://dotenvx.com

Enrich: n/naka (n-naka-restaurant-2-michelin-2-michelin-stars-kaiseki)
  ID:      24e266d3-35c4-48a3-bec4-4986bc264033
  Website: https://n-naka.com/
  GPID:    ChIJb7GeyDS6woAROVvLEUiLZEk

Stage 1: Google Places identity commit — skipped (Google Places data already cached (placesDataCachedAt set))
  ✓ needs_human_review cleared

Re-scanning issues...
  Issues: 0 created, 0 resolved, 4 unchanged

════════════════════════════════════════════════════════════
Enrichment summary: n/naka
════════════════════════════════════════════════════════════
  · Stage 1: Google Places identity commit (skipped)
  · Stage 2: Surface discovery (skipped)
  · Stage 3: Surface fetch (skipped)
  · Stage 4: Surface parse (skipped)
  · Stage 5: Identity signal extraction (AI) (skipped)
  · Stage 6: Website enrichment (skipped)
  · Stage 7: Tagline generation (AI) (skipped)


[2026-03-16T20:25:57.236Z] Process exited with code: 0
