[2026-03-16T20:28:57.441Z] Running stage 1 (Google Places identity commit) only for zibbys-bookshop
[dotenv@17.2.3] injecting env (0) from .env -- tip: 🔄 add secrets lifecycle management: https://dotenvx.com/ops
[dotenv@17.2.3] injecting env (19) from .env.local -- tip: 🔑 add access controls to secrets: https://dotenvx.com/ops

Enrich: Zibby's Bookshop (zibbys-bookshop)
  ID:      5971ba29-9dd3-4cbc-ab2a-da90d35405c7
  Website: https://zibbymedia.com/pages/indie-bookstore
  GPID:    ChIJa9bt8TKlwoARArBoJG_z0Zw

Stage 1: Google Places identity commit — skipped (Google Places data already cached (placesDataCachedAt set))

Re-scanning issues...
  Issues: 1 created, 0 resolved, 6 unchanged

════════════════════════════════════════════════════════════
Enrichment summary: Zibby's Bookshop
════════════════════════════════════════════════════════════
  · Stage 1: Google Places identity commit (skipped)
  · Stage 2: Surface discovery (skipped)
  · Stage 3: Surface fetch (skipped)
  · Stage 4: Surface parse (skipped)
  · Stage 5: Identity signal extraction (AI) (skipped)
  · Stage 6: Website enrichment (skipped)
  · Stage 7: Tagline generation (AI) (skipped)


[2026-03-16T20:28:59.845Z] Process exited with code: 0
