[2026-03-16T21:31:45.511Z] Starting enrichment for alejandra-s-quesadilla-cart-de-oaxaca
[dotenv@17.2.3] injecting env (0) from .env -- tip: 🔄 add secrets lifecycle management: https://dotenvx.com/ops
[dotenv@17.2.3] injecting env (19) from .env.local -- tip: 🔐 prevent committing .env to code: https://dotenvx.com/precommit

Enrich: Alejandra's Quesadilla Cart de Oaxaca (alejandra-s-quesadilla-cart-de-oaxaca)
  ID:      571c08b9-10ee-49bb-bcbe-8402ab599679
  Website: —
  GPID:    ChIJaT4PZsXHwoARS-vewm09HHo

Stage 1: Google Places identity commit — skipped (Google Places data already cached (placesDataCachedAt set))

Stage 2: Surface discovery — skipped (no website)

Stage 3: Surface fetch — skipped (no surfaces with fetch_status=discovered)

Stage 4: Surface parse — skipped (no surfaces pending parse)

────────────────────────────────────────────────────────────
Stage 5: Identity signal extraction (AI)
  node -r ./scripts/load-env.js ./node_modules/.bin/tsx scripts/extract-identity-signals.ts --place=Alejandra's Quesadilla Cart de Oaxaca
────────────────────────────────────────────────────────────
[dotenv@17.2.3] injecting env (0) from .env -- tip: ⚙️  load multiple .env files with { path: ['.env.local', '.env'] }
[dotenv@17.2.3] injecting env (19) from .env.local -- tip: ⚙️  load multiple .env files with { path: ['.env.local', '.env'] }

🔮 Saiko Maps — Identity Signal Extraction
==========================================
🔸 Single place: "Alejandra's Quesadilla Cart de Oaxaca"

📍 Found 0 places to process
   (1 in canonical scope · 1 unprocessed · 0 with extractable content)

No records to process. Exiting.
  ✓ enrichment_stage updated to 5

Stage 6: Website enrichment — skipped (no website)

────────────────────────────────────────────────────────────
Stage 7: Tagline generation (AI)
  node -r ./scripts/load-env.js ./node_modules/.bin/tsx scripts/generate-taglines-v2.ts --place=Alejandra's Quesadilla Cart de Oaxaca
────────────────────────────────────────────────────────────
[dotenv@17.2.3] injecting env (0) from .env -- tip: ⚙️  override existing env vars with { override: true }
[dotenv@17.2.3] injecting env (19) from .env.local -- tip: ⚙️  specify custom .env file path with { path: '/custom/path/.env' }

🎙️  Saiko Voice Engine v2.0 — Tagline Generator
==========================================
🔸 Single place: "Alejandra's Quesadilla Cart de Oaxaca"
🔸 Concurrency: 5

📍 Fetching records with identity signals...
📍 Found 0 places to process

No records to process. Exiting.
  ✓ enrichment_stage updated to 7
  ✓ last_enriched_at updated

Re-scanning issues...
  Issues: 0 created, 1 resolved, 6 unchanged

════════════════════════════════════════════════════════════
Enrichment summary: Alejandra's Quesadilla Cart de Oaxaca
════════════════════════════════════════════════════════════
  · Stage 1: Google Places identity commit (skipped)
  · Stage 2: Surface discovery (skipped)
  · Stage 3: Surface fetch (skipped)
  · Stage 4: Surface parse (skipped)
  ✓ Stage 5: Identity signal extraction (AI) (ran)
  · Stage 6: Website enrichment (skipped)
  ✓ Stage 7: Tagline generation (AI) (ran)


[2026-03-16T21:31:58.115Z] Process exited with code: 0
