[2026-03-16T20:26:12.526Z] Running stage 1 (Google Places identity commit) only for laveta
[dotenv@17.2.3] injecting env (0) from .env -- tip: ⚙️  write to custom object with { processEnv: myObject }
[dotenv@17.2.3] injecting env (19) from .env.local -- tip: 🔄 add secrets lifecycle management: https://dotenvx.com/ops

Enrich: Laveta (laveta)
  ID:      a2cabea9-55cc-4b88-829e-a4c327f72118
  Website: https://gourme.top/businesses/laveta
  GPID:    ChIJmehuWGLHwoARsQ1AqMOtOJs

Stage 1: Google Places identity commit — skipped (Google Places data already cached (placesDataCachedAt set))

Re-scanning issues...
  Issues: 1 created, 0 resolved, 4 unchanged

════════════════════════════════════════════════════════════
Enrichment summary: Laveta
════════════════════════════════════════════════════════════
  · Stage 1: Google Places identity commit (skipped)
  · Stage 2: Surface discovery (skipped)
  · Stage 3: Surface fetch (skipped)
  · Stage 4: Surface parse (skipped)
  · Stage 5: Identity signal extraction (AI) (skipped)
  · Stage 6: Website enrichment (skipped)
  · Stage 7: Tagline generation (AI) (skipped)


[2026-03-16T20:26:15.100Z] Process exited with code: 0
