[2026-03-16T20:27:24.454Z] Running stage 1 (Google Places identity commit) only for esters-wine-shop-and-bar-wine-bar-5-wine-bar-santa-monica
[dotenv@17.2.3] injecting env (0) from .env -- tip: 🔐 prevent building .env in docker: https://dotenvx.com/prebuild
[dotenv@17.2.3] injecting env (19) from .env.local -- tip: ⚙️  suppress all logs with { quiet: true }

Enrich: Esters Wine Shop & Oyster Bar (esters-wine-shop-and-bar-wine-bar-5-wine-bar-santa-monica)
  ID:      610f7169-e4f0-4740-8c9f-70893715a773
  Website: http://www.esterswineshop.com/
  GPID:    ChIJ5Zhalc6kwoARm4tOh2YqVZ8

Stage 1: Google Places identity commit — skipped (Google Places data already cached (placesDataCachedAt set))
  ✓ needs_human_review cleared

Re-scanning issues...
  Issues: 1 created, 0 resolved, 5 unchanged

════════════════════════════════════════════════════════════
Enrichment summary: Esters Wine Shop & Oyster Bar
════════════════════════════════════════════════════════════
  · Stage 1: Google Places identity commit (skipped)
  · Stage 2: Surface discovery (skipped)
  · Stage 3: Surface fetch (skipped)
  · Stage 4: Surface parse (skipped)
  · Stage 5: Identity signal extraction (AI) (skipped)
  · Stage 6: Website enrichment (skipped)
  · Stage 7: Tagline generation (AI) (skipped)


[2026-03-16T20:27:26.789Z] Process exited with code: 0
