[2026-03-16T20:27:52.232Z] Running stage 1 (Google Places identity commit) only for british-audio-guys
[dotenv@17.2.3] injecting env (0) from .env -- tip: 🔄 add secrets lifecycle management: https://dotenvx.com/ops
[dotenv@17.2.3] injecting env (19) from .env.local -- tip: ✅ audit secrets and track compliance: https://dotenvx.com/ops

Enrich: British Audio Guys LLC (british-audio-guys)
  ID:      7c1383f5-f4e5-418c-b0a4-f9f082176fb9
  Website: http://britishaudioguys.com/
  GPID:    ChIJFV9VWfyXwoARVUw4Mw8X-Ig

Stage 1: Google Places identity commit — skipped (Google Places data already cached (placesDataCachedAt set))

Re-scanning issues...
  Issues: 1 created, 0 resolved, 7 unchanged

════════════════════════════════════════════════════════════
Enrichment summary: British Audio Guys LLC
════════════════════════════════════════════════════════════
  · Stage 1: Google Places identity commit (skipped)
  · Stage 2: Surface discovery (skipped)
  · Stage 3: Surface fetch (skipped)
  · Stage 4: Surface parse (skipped)
  · Stage 5: Identity signal extraction (AI) (skipped)
  · Stage 6: Website enrichment (skipped)
  · Stage 7: Tagline generation (AI) (skipped)


[2026-03-16T20:27:56.408Z] Process exited with code: 0
