[2026-03-16T20:28:39.541Z] Running stage 1 (Google Places identity commit) only for the-hoxton-downtown-la
[dotenv@17.2.3] injecting env (0) from .env -- tip: 👥 sync secrets across teammates & machines: https://dotenvx.com/ops
[dotenv@17.2.3] injecting env (19) from .env.local -- tip: 👥 sync secrets across teammates & machines: https://dotenvx.com/ops

Enrich: The Hoxton, Downtown LA (the-hoxton-downtown-la)
  ID:      1192974d-ab12-48b3-b1e9-fcc56eaea49f
  Website: https://thehoxton.com/downtown-la
  GPID:    ChIJE33xBEjHwoAR1mr3P5avZ5A

Stage 1: Google Places identity commit — skipped (Google Places data already cached (placesDataCachedAt set))

Re-scanning issues...
  Issues: 1 created, 0 resolved, 4 unchanged

════════════════════════════════════════════════════════════
Enrichment summary: The Hoxton, Downtown LA
════════════════════════════════════════════════════════════
  · Stage 1: Google Places identity commit (skipped)
  · Stage 2: Surface discovery (skipped)
  · Stage 3: Surface fetch (skipped)
  · Stage 4: Surface parse (skipped)
  · Stage 5: Identity signal extraction (AI) (skipped)
  · Stage 6: Website enrichment (skipped)
  · Stage 7: Tagline generation (AI) (skipped)


[2026-03-16T20:28:42.410Z] Process exited with code: 0
