[2026-03-16T21:23:10.127Z] Running stage 1 (Google Places identity commit) only for the-airliner
[dotenv@17.2.3] injecting env (0) from .env -- tip: 🔐 prevent committing .env to code: https://dotenvx.com/precommit
[dotenv@17.2.3] injecting env (19) from .env.local -- tip: 🔐 prevent building .env in docker: https://dotenvx.com/prebuild

Enrich: The Airliner (the-airliner)
  ID:      52ef2e78-1399-4060-81d6-0a44cc0ef588
  Website: http://barairliner.com/
  GPID:    ChIJ6YtcQn3GwoARkgfd3-CG0rQ

Stage 1: Google Places identity commit — skipped (Google Places data already cached (placesDataCachedAt set))
  ✓ needs_human_review cleared

Re-scanning issues...
  Issues: 1 created, 0 resolved, 2 unchanged

════════════════════════════════════════════════════════════
Enrichment summary: The Airliner
════════════════════════════════════════════════════════════
  · Stage 1: Google Places identity commit (skipped)
  · Stage 2: Surface discovery (skipped)
  · Stage 3: Surface fetch (skipped)
  · Stage 4: Surface parse (skipped)
  · Stage 5: Identity signal extraction (AI) (skipped)
  · Stage 6: Website enrichment (skipped)
  · Stage 7: Tagline generation (AI) (skipped)


[2026-03-16T21:23:13.145Z] Process exited with code: 0
