[2026-03-16T19:38:35.333Z] Starting enrichment for tomat-restaurant-3-hot2025-farm-to-table-michelin-recommended-2025
[dotenv@17.2.3] injecting env (0) from .env -- tip: 📡 add observability to secrets: https://dotenvx.com/ops
[dotenv@17.2.3] injecting env (19) from .env.local -- tip: ✅ audit secrets and track compliance: https://dotenvx.com/ops

Enrich: Tomat (tomat-restaurant-3-hot2025-farm-to-table-michelin-recommended-2025)
  ID:      0ca1276f-8224-4da4-9a96-e661d89ef355
  Website: http://www.tomat.la/
  GPID:    ChIJDUyRuV2xwoARPXiy3q2yRLs

Stage 1: Google Places identity commit — skipped (Google Places identity resolved separately via backfill-google-places.ts)

Stage 2: Surface discovery — skipped (surface rows already exist)

────────────────────────────────────────────────────────────
Stage 3: Surface fetch
  node -r ./scripts/load-env.js ./node_modules/.bin/tsx scripts/run-surface-fetch.ts --entity-id=0ca1276f-8224-4da4-9a96-e661d89ef355 --limit=20
────────────────────────────────────────────────────────────
[dotenv@17.2.3] injecting env (0) from .env -- tip: 🔐 prevent building .env in docker: https://dotenvx.com/prebuild
[dotenv@17.2.3] injecting env (19) from .env.local -- tip: 🔐 encrypt with Dotenvx: https://dotenvx.com
[dotenv@17.2.3] injecting env (0) from .env -- tip: 🔑 add access controls to secrets: https://dotenvx.com/ops
[dotenv@17.2.3] injecting env (19) from .env.local -- tip: 🛠️  run anywhere with `dotenvx run -- yourcommand`
📥 Merchant Surface Fetch Pass

Found 3 discovered surfaces to fetch

  [menu] https://www.tomat.la/menus … ↩ deduped
  [reservation] https://www.tomat.la/reservations … ↩ deduped
  [about] https://www.tomat.la/about-us … ✓ captured

━━━━━━━━━━━━━━━━━━━━━━━━━━━━━━━━━━━━
✅ Fetch pass complete
   Surfaces processed : 3
   Captured (new rows) : 1
   Deduped (skipped)   : 2
   Failed              : 0
  ✓ enrichment_stage updated to 3

────────────────────────────────────────────────────────────
Stage 4: Surface parse
  node -r ./scripts/load-env.js ./node_modules/.bin/tsx scripts/run-surface-parse.ts --entity-id=0ca1276f-8224-4da4-9a96-e661d89ef355 --limit=20
────────────────────────────────────────────────────────────
[dotenv@17.2.3] injecting env (0) from .env -- tip: 🔐 encrypt with Dotenvx: https://dotenvx.com
[dotenv@17.2.3] injecting env (19) from .env.local -- tip: ⚙️  enable debug logging with { debug: true }
[dotenv@17.2.3] injecting env (0) from .env -- tip: ✅ audit secrets and track compliance: https://dotenvx.com/ops
[dotenv@17.2.3] injecting env (19) from .env.local -- tip: 🗂️ backup and recover secrets: https://dotenvx.com/ops
🔍 Merchant Surface Parse Pass

   artifact_type    : parse_v1
   artifact_version : 1

Found 1 surface to parse

  [about      ] https://www.tomat.la/about-us … ✓ parsed

━━━━━━━━━━━━━━━━━━━━━━━━━━━━━━━━━━━━
✅ Parse pass complete
   Surfaces processed : 1
   Parsed (artifacts) : 1
   Deduped (skipped)  : 0
   Failed             : 0
  ✓ enrichment_stage updated to 4

Stage 5: Identity signal extraction (AI) — skipped (identity_signals already in derived_signals)

────────────────────────────────────────────────────────────
Stage 6: Website enrichment
  node -r ./scripts/load-env.js ./node_modules/.bin/tsx scripts/run-website-enrichment.ts --slug=tomat-restaurant-3-hot2025-farm-to-table-michelin-recommended-2025
────────────────────────────────────────────────────────────
[dotenv@17.2.3] injecting env (0) from .env -- tip: 🔐 encrypt with Dotenvx: https://dotenvx.com
[dotenv@17.2.3] injecting env (19) from .env.local -- tip: 🔑 add access controls to secrets: https://dotenvx.com/ops
[34mprisma:query[39m SELECT "public"."entities"."id", "public"."entities"."website", "public"."entities"."name", "public"."entities"."category" FROM "public"."entities" WHERE ("public"."entities"."slug" = $1 AND "public"."entities"."website" IS NOT NULL) ORDER BY "public"."entities"."updated_at" DESC LIMIT $2 OFFSET $3
Website enrichment: 1 places (mode=default, ignoreThrottle=false, dryRun=false)

  Tomat | 200 | conf=0.65 | cat=Cafe
[34mprisma:query[39m INSERT INTO "public"."merchant_enrichment_runs" ("id","entity_id","source_url","final_url","fetched_at","http_status","extraction_json","confidence","cost_usd","created_at") VALUES ($1,$2,$3,$4,$5,$6,$7,$8,$9,$10) RETURNING "public"."merchant_enrichment_runs"."id", "public"."merchant_enrichment_runs"."entity_id", "public"."merchant_enrichment_runs"."source_url", "public"."merchant_enrichment_runs"."final_url", "public"."merchant_enrichment_runs"."fetched_at", "public"."merchant_enrichment_runs"."http_status", "public"."merchant_enrichment_runs"."extraction_json", "public"."merchant_enrichment_runs"."confidence", "public"."merchant_enrichment_runs"."cost_usd", "public"."merchant_enrichment_runs"."created_at"
[34mprisma:query[39m INSERT INTO "public"."merchant_signals" ("entity_id","inferred_category","reservation_provider","reservation_url","menu_url","social_links","extraction_confidence","last_updated_at") VALUES ($1,$2,$3,$4,$5,$6,$7,$8) ON CONFLICT ("entity_id") DO UPDATE SET "inferred_category" = $9, "reservation_provider" = $10, "reservation_url" = $11, "menu_url" = $12, "social_links" = $13, "extraction_confidence" = $14, "last_updated_at" = $15 WHERE ("public"."merchant_signals"."entity_id" = $16 AND 1=1) RETURNING "public"."merchant_signals"."entity_id", "public"."merchant_signals"."inferred_category", "public"."merchant_signals"."inferred_cuisine", "public"."merchant_signals"."reservation_provider", "public"."merchant_signals"."reservation_url", "public"."merchant_signals"."ordering_provider", "public"."merchant_signals"."ordering_url", "public"."merchant_signals"."menu_url", "public"."merchant_signals"."winelist_url", "public"."merchant_signals"."social_links", "public"."merchant_signals"."extraction_confidence", "public"."merchant_signals"."last_updated_at"
[34mprisma:query[39m SELECT "public"."entities"."id", "public"."entities"."category" FROM "public"."entities" WHERE ("public"."entities"."id" = $1 AND 1=1) LIMIT $2 OFFSET $3
[34mprisma:query[39m UPDATE "public"."entities" SET "last_enriched_at" = $1, "needs_human_review" = $2, "updated_at" = $3 WHERE ("public"."entities"."id" = $4 AND 1=1) RETURNING "public"."entities"."id"
[34mprisma:query[39m INSERT INTO "public"."place_job_log" ("id","entity_id","entity_type","job_type","pages_fetched","ai_calls","duration_ms","estimated_cost","created_at") VALUES ($1,$2,$3,$4,$5,$6,$7,$8,$9) RETURNING "public"."place_job_log"."id", "public"."place_job_log"."entity_id", "public"."place_job_log"."entity_type", "public"."place_job_log"."job_type", "public"."place_job_log"."pages_fetched", "public"."place_job_log"."ai_calls", "public"."place_job_log"."duration_ms", "public"."place_job_log"."estimated_cost", "public"."place_job_log"."created_at"
Done.
  ✓ enrichment_stage updated to 6

Stage 7: Tagline generation (AI) — skipped (TAGLINE already in interpretation_cache)
  ✓ last_enriched_at updated
  ✓ needs_human_review cleared

Re-scanning issues...
  Issues: 0 created, 1 resolved, 5 unchanged

════════════════════════════════════════════════════════════
Enrichment summary: Tomat
════════════════════════════════════════════════════════════
  · Stage 1: Google Places identity commit (skipped)
  · Stage 2: Surface discovery (skipped)
  ✓ Stage 3: Surface fetch (ran)
  ✓ Stage 4: Surface parse (ran)
  · Stage 5: Identity signal extraction (AI) (skipped)
  ✓ Stage 6: Website enrichment (ran)
  · Stage 7: Tagline generation (AI) (skipped)


[2026-03-16T19:38:50.197Z] Process exited with code: 0
