[2026-03-16T20:27:49.509Z] Running stage 1 (Google Places identity commit) only for amphai-northern-thai-food-club
[dotenv@17.2.3] injecting env (0) from .env -- tip: 🛠️  run anywhere with `dotenvx run -- yourcommand`
[dotenv@17.2.3] injecting env (19) from .env.local -- tip: 🛠️  run anywhere with `dotenvx run -- yourcommand`

Enrich: Amphai Northern Thai Food Club (amphai-northern-thai-food-club)
  ID:      67944566-465b-4d12-9a18-146f60c565ae
  Website: https://amphainorthernthaifood.site/
  GPID:    ChIJywd8LFG_woARk520MBoOW9o

Stage 1: Google Places identity commit — skipped (Google Places data already cached (placesDataCachedAt set))

Re-scanning issues...
  Issues: 1 created, 0 resolved, 4 unchanged

════════════════════════════════════════════════════════════
Enrichment summary: Amphai Northern Thai Food Club
════════════════════════════════════════════════════════════
  · Stage 1: Google Places identity commit (skipped)
  · Stage 2: Surface discovery (skipped)
  · Stage 3: Surface fetch (skipped)
  · Stage 4: Surface parse (skipped)
  · Stage 5: Identity signal extraction (AI) (skipped)
  · Stage 6: Website enrichment (skipped)
  · Stage 7: Tagline generation (AI) (skipped)


[2026-03-16T20:27:51.990Z] Process exited with code: 0
