[2026-03-16T20:05:09.296Z] Running stage 1 (Google Places identity commit) only for los-angeles-p-tanque-club
[dotenv@17.2.3] injecting env (0) from .env -- tip: ⚙️  override existing env vars with { override: true }
[dotenv@17.2.3] injecting env (19) from .env.local -- tip: 🗂️ backup and recover secrets: https://dotenvx.com/ops

Enrich: Los Angeles Pétanque Club (los-angeles-p-tanque-club)
  ID:      d9e58c1d-82df-41ec-8ccd-fdf67fc63cee
  Website: http://www.losangelespetanque.org/
  GPID:    ChIJrTLbwMG7woARh8yjG9woPD4

Stage 1: Google Places identity commit — skipped (Google Places data already cached (placesDataCachedAt set))

Re-scanning issues...
  Issues: 1 created, 0 resolved, 5 unchanged

════════════════════════════════════════════════════════════
Enrichment summary: Los Angeles Pétanque Club
════════════════════════════════════════════════════════════
  · Stage 1: Google Places identity commit (skipped)
  · Stage 2: Surface discovery (skipped)
  · Stage 3: Surface fetch (skipped)
  · Stage 4: Surface parse (skipped)
  · Stage 5: Identity signal extraction (AI) (skipped)
  · Stage 6: Website enrichment (skipped)
  · Stage 7: Tagline generation (AI) (skipped)


[2026-03-16T20:05:12.767Z] Process exited with code: 0
