[2026-03-16T20:28:29.464Z] Running stage 1 (Google Places identity commit) only for diesel
[dotenv@17.2.3] injecting env (0) from .env -- tip: 🔄 add secrets lifecycle management: https://dotenvx.com/ops
[dotenv@17.2.3] injecting env (19) from .env.local -- tip: ✅ audit secrets and track compliance: https://dotenvx.com/ops

Enrich: DIESEL STORE BEVERLY CENTER (diesel)
  ID:      d5001035-27f4-4575-bfdb-a38036c2b22d
  Website: https://shop.diesel.com/on/demandware.store/Sites-DieselUS-Site/en_US/StoreFinder-Detail?sid=342
  GPID:    ChIJvTrCS7O-woARrDrWoUb1cEI

Stage 1: Google Places identity commit — skipped (Google Places data already cached (placesDataCachedAt set))

Re-scanning issues...
  Issues: 1 created, 0 resolved, 6 unchanged

════════════════════════════════════════════════════════════
Enrichment summary: DIESEL STORE BEVERLY CENTER
════════════════════════════════════════════════════════════
  · Stage 1: Google Places identity commit (skipped)
  · Stage 2: Surface discovery (skipped)
  · Stage 3: Surface fetch (skipped)
  · Stage 4: Surface parse (skipped)
  · Stage 5: Identity signal extraction (AI) (skipped)
  · Stage 6: Website enrichment (skipped)
  · Stage 7: Tagline generation (AI) (skipped)


[2026-03-16T20:28:32.183Z] Process exited with code: 0
