[2026-03-16T20:28:37.369Z] Running stage 1 (Google Places identity commit) only for kinokuniya-bookstore
[dotenv@17.2.3] injecting env (0) from .env -- tip: 🔑 add access controls to secrets: https://dotenvx.com/ops
[dotenv@17.2.3] injecting env (19) from .env.local -- tip: 👥 sync secrets across teammates & machines: https://dotenvx.com/ops

Enrich: Kinokuniya Bookstore - Los Angeles (kinokuniya-bookstore)
  ID:      8d112e91-c652-420c-ac50-6b6332f469f6
  Website: https://usa.kinokuniya.com/
  GPID:    ChIJZZ-jjkjGwoARkNp1_O-Awj4

Stage 1: Google Places identity commit — skipped (Google Places data already cached (placesDataCachedAt set))

Re-scanning issues...
  Issues: 1 created, 0 resolved, 6 unchanged

════════════════════════════════════════════════════════════
Enrichment summary: Kinokuniya Bookstore - Los Angeles
════════════════════════════════════════════════════════════
  · Stage 1: Google Places identity commit (skipped)
  · Stage 2: Surface discovery (skipped)
  · Stage 3: Surface fetch (skipped)
  · Stage 4: Surface parse (skipped)
  · Stage 5: Identity signal extraction (AI) (skipped)
  · Stage 6: Website enrichment (skipped)
  · Stage 7: Tagline generation (AI) (skipped)


[2026-03-16T20:28:40.175Z] Process exited with code: 0
