[2026-03-16T20:27:39.147Z] Running stage 1 (Google Places identity commit) only for howlin-rays
[dotenv@17.2.3] injecting env (0) from .env -- tip: 🔑 add access controls to secrets: https://dotenvx.com/ops
[dotenv@17.2.3] injecting env (19) from .env.local -- tip: 🗂️ backup and recover secrets: https://dotenvx.com/ops

Enrich: Howlin' Ray's Hot Chicken - Chinatown (howlin-rays)
  ID:      fecc2226-d6a8-423c-9b10-ee930cf1d905
  Website: http://www.howlinrays.com/
  GPID:    ChIJsTjh9VrGwoAR0AENjgs5swY

Stage 1: Google Places identity commit — skipped (Google Places data already cached (placesDataCachedAt set))

Re-scanning issues...
  Issues: 1 created, 0 resolved, 5 unchanged

════════════════════════════════════════════════════════════
Enrichment summary: Howlin' Ray's Hot Chicken - Chinatown
════════════════════════════════════════════════════════════
  · Stage 1: Google Places identity commit (skipped)
  · Stage 2: Surface discovery (skipped)
  · Stage 3: Surface fetch (skipped)
  · Stage 4: Surface parse (skipped)
  · Stage 5: Identity signal extraction (AI) (skipped)
  · Stage 6: Website enrichment (skipped)
  · Stage 7: Tagline generation (AI) (skipped)


[2026-03-16T20:27:41.664Z] Process exited with code: 0
