[2026-03-16T20:27:32.083Z] Running stage 1 (Google Places identity commit) only for razos-tacos
[dotenv@17.2.3] injecting env (0) from .env -- tip: ⚙️  specify custom .env file path with { path: '/custom/path/.env' }
[dotenv@17.2.3] injecting env (19) from .env.local -- tip: ⚙️  write to custom object with { processEnv: myObject }

Enrich: Razo’s Fish Tacos (razos-tacos)
  ID:      e17cbfc5-ef6f-4a32-ba44-ba36921e8494
  Website: http://razosfishtacos.com/
  GPID:    ChIJv0u1M9OVwoARjyVGnvDPPNg

Stage 1: Google Places identity commit — skipped (Google Places data already cached (placesDataCachedAt set))

Re-scanning issues...
  Issues: 1 created, 0 resolved, 5 unchanged

════════════════════════════════════════════════════════════
Enrichment summary: Razo’s Fish Tacos
════════════════════════════════════════════════════════════
  · Stage 1: Google Places identity commit (skipped)
  · Stage 2: Surface discovery (skipped)
  · Stage 3: Surface fetch (skipped)
  · Stage 4: Surface parse (skipped)
  · Stage 5: Identity signal extraction (AI) (skipped)
  · Stage 6: Website enrichment (skipped)
  · Stage 7: Tagline generation (AI) (skipped)


[2026-03-16T20:27:33.908Z] Process exited with code: 0
