[2026-03-16T20:28:24.225Z] Running stage 1 (Google Places identity commit) only for now-serving
[dotenv@17.2.3] injecting env (0) from .env -- tip: 🛠️  run anywhere with `dotenvx run -- yourcommand`
[dotenv@17.2.3] injecting env (19) from .env.local -- tip: 🗂️ backup and recover secrets: https://dotenvx.com/ops

Enrich: Now Serving (now-serving)
  ID:      56b3552f-6df1-4b2f-bca5-979cfd041d92
  Website: https://www.nowservingla.com/
  GPID:    ChIJ8RMZYFrGwoAR8Cx4Q_CczIE

Stage 1: Google Places identity commit — skipped (Google Places data already cached (placesDataCachedAt set))

Re-scanning issues...
  Issues: 1 created, 0 resolved, 6 unchanged

════════════════════════════════════════════════════════════
Enrichment summary: Now Serving
════════════════════════════════════════════════════════════
  · Stage 1: Google Places identity commit (skipped)
  · Stage 2: Surface discovery (skipped)
  · Stage 3: Surface fetch (skipped)
  · Stage 4: Surface parse (skipped)
  · Stage 5: Identity signal extraction (AI) (skipped)
  · Stage 6: Website enrichment (skipped)
  · Stage 7: Tagline generation (AI) (skipped)


[2026-03-16T20:28:27.555Z] Process exited with code: 0
