[2026-03-16T21:11:32.998Z] Starting enrichment for sunken-city-books
[dotenv@17.2.3] injecting env (0) from .env -- tip: ⚙️  override existing env vars with { override: true }
[dotenv@17.2.3] injecting env (19) from .env.local -- tip: 📡 add observability to secrets: https://dotenvx.com/ops

Enrich: Sunken City (sunken-city-books)
  ID:      d9879734-5669-47b1-baf7-8febe5dcfa58
  Website: —
  GPID:    ChIJsXW0WZg33YARSqFWwRGLWH0

Stage 1: Google Places identity commit — skipped (Google Places data already cached (placesDataCachedAt set))

Stage 2: Surface discovery — skipped (no website)

Stage 3: Surface fetch — skipped (no surfaces with fetch_status=discovered)

Stage 4: Surface parse — skipped (no surfaces pending parse)

────────────────────────────────────────────────────────────
Stage 5: Identity signal extraction (AI)
  node -r ./scripts/load-env.js ./node_modules/.bin/tsx scripts/extract-identity-signals.ts --place=Sunken City
────────────────────────────────────────────────────────────
[dotenv@17.2.3] injecting env (0) from .env -- tip: ⚙️  specify custom .env file path with { path: '/custom/path/.env' }
[dotenv@17.2.3] injecting env (19) from .env.local -- tip: ✅ audit secrets and track compliance: https://dotenvx.com/ops

🔮 Saiko Maps — Identity Signal Extraction
==========================================
🔸 Single place: "Sunken City"

📍 Found 0 places to process
   (0 in canonical scope · 0 unprocessed · 0 with extractable content)

No records to process. Exiting.
  ✓ enrichment_stage updated to 5

Stage 6: Website enrichment — skipped (no website)

────────────────────────────────────────────────────────────
Stage 7: Tagline generation (AI)
  node -r ./scripts/load-env.js ./node_modules/.bin/tsx scripts/generate-taglines-v2.ts --place=Sunken City
────────────────────────────────────────────────────────────
[dotenv@17.2.3] injecting env (0) from .env -- tip: ⚙️  suppress all logs with { quiet: true }
[dotenv@17.2.3] injecting env (19) from .env.local -- tip: 🔐 prevent committing .env to code: https://dotenvx.com/precommit

🎙️  Saiko Voice Engine v2.0 — Tagline Generator
==========================================
🔸 Single place: "Sunken City"
🔸 Concurrency: 5

📍 Fetching records with identity signals...
📍 Found 0 places to process

No records to process. Exiting.
  ✓ enrichment_stage updated to 7
  ✓ last_enriched_at updated

Re-scanning issues...
  Issues: 0 created, 1 resolved, 8 unchanged

════════════════════════════════════════════════════════════
Enrichment summary: Sunken City
════════════════════════════════════════════════════════════
  · Stage 1: Google Places identity commit (skipped)
  · Stage 2: Surface discovery (skipped)
  · Stage 3: Surface fetch (skipped)
  · Stage 4: Surface parse (skipped)
  ✓ Stage 5: Identity signal extraction (AI) (ran)
  · Stage 6: Website enrichment (skipped)
  ✓ Stage 7: Tagline generation (AI) (ran)


[2026-03-16T21:11:45.484Z] Process exited with code: 0
