[2026-03-16T23:40:39.071Z] Running stage 1 (Google Places identity commit) only for ototo
[dotenv@17.2.3] injecting env (0) from .env -- tip: ⚙️  specify custom .env file path with { path: '/custom/path/.env' }
[dotenv@17.2.3] injecting env (19) from .env.local -- tip: 👥 sync secrets across teammates & machines: https://dotenvx.com/ops

Enrich: OTOTO (ototo)
  ID:      b42cd552-51fb-45c4-b12e-6b0598147817
  Website: http://www.ototo.la/
  GPID:    ChIJB5MRik3HwoARFvZmDC7gi2I
  ✓ needs_human_review cleared

Re-scanning issues...
  Issues: 0 created, 0 resolved, 4 unchanged

════════════════════════════════════════════════════════════
Enrichment summary: OTOTO
════════════════════════════════════════════════════════════
  · Stage 1: Google Places identity commit (skipped)
  · Stage 2: Surface discovery (skipped)
  · Stage 3: Surface fetch (skipped)
  · Stage 4: Surface parse (skipped)
  · Stage 5: Identity signal extraction (AI) (skipped)
  · Stage 6: Website enrichment (skipped)
  · Stage 7: Tagline generation (AI) (skipped)


[2026-03-16T23:40:41.159Z] Process exited with code: 0
