[2026-03-16T20:27:49.840Z] Running stage 1 (Google Places identity commit) only for hoy-ka-thai-noodle-2
[dotenv@17.2.3] injecting env (0) from .env -- tip: 🛠️  run anywhere with `dotenvx run -- yourcommand`
[dotenv@17.2.3] injecting env (19) from .env.local -- tip: 🔐 prevent building .env in docker: https://dotenvx.com/prebuild

Enrich: Hoyka Thai at Echo Park (hoy-ka-thai-noodle-2)
  ID:      842bdc6f-0c95-41d3-b44a-6a63a72a2494
  Website: https://www.hoykala.com/
  GPID:    ChIJHZB_0MfHwoARZAPeuK1zJsQ

Stage 1: Google Places identity commit — skipped (Google Places data already cached (placesDataCachedAt set))

Re-scanning issues...
  Issues: 1 created, 0 resolved, 7 unchanged

════════════════════════════════════════════════════════════
Enrichment summary: Hoyka Thai at Echo Park
════════════════════════════════════════════════════════════
  · Stage 1: Google Places identity commit (skipped)
  · Stage 2: Surface discovery (skipped)
  · Stage 3: Surface fetch (skipped)
  · Stage 4: Surface parse (skipped)
  · Stage 5: Identity signal extraction (AI) (skipped)
  · Stage 6: Website enrichment (skipped)
  · Stage 7: Tagline generation (AI) (skipped)


[2026-03-16T20:27:52.718Z] Process exited with code: 0
