[2026-03-16T20:23:18.462Z] Running stage 1 (Google Places identity commit) only for eightfold-coffee
[dotenv@17.2.3] injecting env (0) from .env -- tip: ⚙️  specify custom .env file path with { path: '/custom/path/.env' }
[dotenv@17.2.3] injecting env (19) from .env.local -- tip: 🗂️ backup and recover secrets: https://dotenvx.com/ops

Enrich: Eightfold Coffee (eightfold-coffee)
  ID:      9312c6e6-0921-4822-bb6b-e3a9ab4ffb55
  Website: https://eightfoldcoffee.square.site/
  GPID:    ChIJjxBGwf3GwoARaszNbZnssKg

Stage 1: Google Places identity commit — skipped (Google Places data already cached (placesDataCachedAt set))

Re-scanning issues...
  Issues: 1 created, 0 resolved, 5 unchanged

════════════════════════════════════════════════════════════
Enrichment summary: Eightfold Coffee
════════════════════════════════════════════════════════════
  · Stage 1: Google Places identity commit (skipped)
  · Stage 2: Surface discovery (skipped)
  · Stage 3: Surface fetch (skipped)
  · Stage 4: Surface parse (skipped)
  · Stage 5: Identity signal extraction (AI) (skipped)
  · Stage 6: Website enrichment (skipped)
  · Stage 7: Tagline generation (AI) (skipped)


[2026-03-16T20:23:20.730Z] Process exited with code: 0
