[2026-03-16T21:23:14.839Z] Running stage 1 (Google Places identity commit) only for pizzeria-mozza-restaurant-1-nancy-silverton-pizza-empire
[dotenv@17.2.3] injecting env (0) from .env -- tip: ⚙️  write to custom object with { processEnv: myObject }
[dotenv@17.2.3] injecting env (19) from .env.local -- tip: 🔄 add secrets lifecycle management: https://dotenvx.com/ops

Enrich: Pizzeria Mozza (pizzeria-mozza-restaurant-1-nancy-silverton-pizza-empire)
  ID:      fe963d2b-9c00-4ed9-ac9a-9abcd665df0a
  Website: http://www.pizzeriamozza.com/
  GPID:    ChIJbWvuoNO4woARx2Xy5MvJ138

Stage 1: Google Places identity commit — skipped (Google Places data already cached (placesDataCachedAt set))
  ✓ needs_human_review cleared

Re-scanning issues...
  Issues: 1 created, 0 resolved, 2 unchanged

════════════════════════════════════════════════════════════
Enrichment summary: Pizzeria Mozza
════════════════════════════════════════════════════════════
  · Stage 1: Google Places identity commit (skipped)
  · Stage 2: Surface discovery (skipped)
  · Stage 3: Surface fetch (skipped)
  · Stage 4: Surface parse (skipped)
  · Stage 5: Identity signal extraction (AI) (skipped)
  · Stage 6: Website enrichment (skipped)
  · Stage 7: Tagline generation (AI) (skipped)


[2026-03-16T21:23:17.236Z] Process exited with code: 0
