[2026-03-17T23:33:31.967Z] Running stage 1 (Google Places identity commit) only for barranco-s-fruit
[dotenv@17.2.3] injecting env (0) from .env -- tip: ⚙️  override existing env vars with { override: true }
[dotenv@17.2.3] injecting env (18) from .env.local -- tip: ⚙️  write to custom object with { processEnv: myObject }

Enrich: Barranco's Fruit (barranco-s-fruit)
  ID:      5eb49a8b-d778-4ace-a159-375c228230c8
  Website: https://barrancos-fruit.business.site
  GPID:    ChIJy5TEdG3WwoARLZGdFN0MMqg

Re-scanning issues...
  Issues: 0 created, 0 resolved, 3 unchanged

════════════════════════════════════════════════════════════
Enrichment summary: Barranco's Fruit
════════════════════════════════════════════════════════════
  · Stage 1: Google Places identity commit (skipped)
  · Stage 2: Surface discovery (skipped)
  · Stage 3: Surface fetch (skipped)
  · Stage 4: Surface parse (skipped)
  · Stage 5: Identity signal extraction (AI) (skipped)
  · Stage 6: Website enrichment (skipped)
  · Stage 7: Tagline generation (AI) (skipped)


[2026-03-17T23:33:33.735Z] Process exited with code: 0
