[2026-03-16T20:27:29.348Z] Running stage 1 (Google Places identity commit) only for mochomitoss
[dotenv@17.2.3] injecting env (0) from .env -- tip: 🔐 encrypt with Dotenvx: https://dotenvx.com
[dotenv@17.2.3] injecting env (19) from .env.local -- tip: 🔄 add secrets lifecycle management: https://dotenvx.com/ops

Enrich: SOMOCHI DTLA (mochomitoss)
  ID:      fe8e06b6-ccdd-4228-b1e5-23fd9bb24f6d
  Website: https://somochi-dtla.com-fnb.com/
  GPID:    ChIJ3Z3JEknHwoARaoPF87LcPpU

Stage 1: Google Places identity commit — skipped (Google Places data already cached (placesDataCachedAt set))

Re-scanning issues...
  Issues: 1 created, 0 resolved, 3 unchanged

════════════════════════════════════════════════════════════
Enrichment summary: SOMOCHI DTLA
════════════════════════════════════════════════════════════
  · Stage 1: Google Places identity commit (skipped)
  · Stage 2: Surface discovery (skipped)
  · Stage 3: Surface fetch (skipped)
  · Stage 4: Surface parse (skipped)
  · Stage 5: Identity signal extraction (AI) (skipped)
  · Stage 6: Website enrichment (skipped)
  · Stage 7: Tagline generation (AI) (skipped)


[2026-03-16T20:27:31.313Z] Process exited with code: 0
