[2026-03-16T20:25:57.960Z] Running stage 1 (Google Places identity commit) only for unknown-3a6281a1
[dotenv@17.2.3] injecting env (0) from .env -- tip: 🔐 prevent building .env in docker: https://dotenvx.com/prebuild
[dotenv@17.2.3] injecting env (19) from .env.local -- tip: ⚙️  specify custom .env file path with { path: '/custom/path/.env' }

Enrich: Intelligentsia Coffee Silver Lake Coffeebar (unknown-3a6281a1)
  ID:      3a6281a1-3b69-4fcb-ac1d-eb4c99be5e39
  Website: https://www.intelligentsia.com/pages/silver-lake-coffeebar
  GPID:    ChIJ763W4UjHwoARhP2LIuCn2dU

Stage 1: Google Places identity commit — skipped (Google Places data already cached (placesDataCachedAt set))

Re-scanning issues...
  Issues: 0 created, 0 resolved, 5 unchanged

════════════════════════════════════════════════════════════
Enrichment summary: Intelligentsia Coffee Silver Lake Coffeebar
════════════════════════════════════════════════════════════
  · Stage 1: Google Places identity commit (skipped)
  · Stage 2: Surface discovery (skipped)
  · Stage 3: Surface fetch (skipped)
  · Stage 4: Surface parse (skipped)
  · Stage 5: Identity signal extraction (AI) (skipped)
  · Stage 6: Website enrichment (skipped)
  · Stage 7: Tagline generation (AI) (skipped)


[2026-03-16T20:26:00.552Z] Process exited with code: 0
