[2026-03-16T20:28:01.996Z] Running stage 1 (Google Places identity commit) only for hiphop-philosophy
[dotenv@17.2.3] injecting env (0) from .env -- tip: ✅ audit secrets and track compliance: https://dotenvx.com/ops
[dotenv@17.2.3] injecting env (19) from .env.local -- tip: 🛠️  run anywhere with `dotenvx run -- yourcommand`

Enrich: HipHop Philosophy (hiphop-philosophy)
  ID:      0e0bd77e-84e0-40f0-8de4-6139dc268b65
  Website: http://www.hiphopphilosophy.com/
  GPID:    (none)

────────────────────────────────────────────────────────────
Stage 1: Google Places identity commit
  node -r ./scripts/load-env.js ./node_modules/.bin/tsx scripts/backfill-google-places.ts --slug hiphop-philosophy
────────────────────────────────────────────────────────────
[dotenv@17.2.3] injecting env (0) from .env -- tip: ⚙️  enable debug logging with { debug: true }
[dotenv@17.2.3] injecting env (19) from .env.local -- tip: ⚙️  enable debug logging with { debug: true }

Backfill Google Places — 1 place(s) to process

  ✓ name match: "HipHop Philosophy Record Shop/Radio Station/Art Gallery" (substring)
  ✅ hiphop-philosophy (HipHop Philosophy)

--- Backfill Complete ---
Enriched: 1

Re-scanning issues...
  Issues: 2 created, 2 resolved, 5 unchanged
  ✓ enrichment_stage updated to 1
  ✓ last_enriched_at updated

Re-scanning issues...
  Issues: 0 created, 1 resolved, 6 unchanged

════════════════════════════════════════════════════════════
Enrichment summary: HipHop Philosophy
════════════════════════════════════════════════════════════
  ✓ Stage 1: Google Places identity commit (ran)
  · Stage 2: Surface discovery (skipped)
  · Stage 3: Surface fetch (skipped)
  · Stage 4: Surface parse (skipped)
  · Stage 5: Identity signal extraction (AI) (skipped)
  · Stage 6: Website enrichment (skipped)
  · Stage 7: Tagline generation (AI) (skipped)


[2026-03-16T20:28:12.492Z] Process exited with code: 0
