[dotenv@17.2.3] injecting env (0) from .env -- tip: ⚙️  suppress all logs with { quiet: true }
[dotenv@17.2.3] injecting env (19) from .env.local -- tip: 🗂️ backup and recover secrets: https://dotenvx.com/ops

Enrich: CaCao Mexicatessen (cacao-mexicatessen-eagle-rock)
  ID:      64794072-0716-4079-8bf6-08d77747d47f
  Website: http://www.cacaodeli.com/
  GPID:    ChIJfSg8t-DDwoARSPpKkxtmem4

────────────────────────────────────────────────────────────
Stage 6: Website enrichment
  ./node_modules/.bin/tsx scripts/run-website-enrichment.ts --slug=cacao-mexicatessen-eagle-rock
────────────────────────────────────────────────────────────
prisma:query SELECT "public"."entities"."id", "public"."entities"."website", "public"."entities"."name", "public"."entities"."category" FROM "public"."entities" WHERE ("public"."entities"."slug" = $1 AND "public"."entities"."website" IS NOT NULL) ORDER BY "public"."entities"."updated_at" DESC LIMIT $2 OFFSET $3
Website enrichment: 1 places (mode=default, ignoreThrottle=false, dryRun=false)

  CaCao Mexicatessen | 200 | conf=0.40 | cat=Bar
prisma:query INSERT INTO "public"."merchant_enrichment_runs" ("id","entity_id","source_url","final_url","fetched_at","http_status","extraction_json","confidence","cost_usd","created_at") VALUES ($1,$2,$3,$4,$5,$6,$7,$8,$9,$10) RETURNING "public"."merchant_enrichment_runs"."id", "public"."merchant_enrichment_runs"."entity_id", "public"."merchant_enrichment_runs"."source_url", "public"."merchant_enrichment_runs"."final_url", "public"."merchant_enrichment_runs"."fetched_at", "public"."merchant_enrichment_runs"."http_status", "public"."merchant_enrichment_runs"."extraction_json", "public"."merchant_enrichment_runs"."confidence", "public"."merchant_enrichment_runs"."cost_usd", "public"."merchant_enrichment_runs"."created_at"
prisma:query SELECT "public"."entities"."id", "public"."entities"."category" FROM "public"."entities" WHERE ("public"."entities"."id" = $1 AND 1=1) LIMIT $2 OFFSET $3
prisma:query UPDATE "public"."entities" SET "last_enriched_at" = $1, "needs_human_review" = $2, "updated_at" = $3 WHERE ("public"."entities"."id" = $4 AND 1=1) RETURNING "public"."entities"."id"
Done.
prisma:query INSERT INTO "public"."place_job_log" ("id","entity_id","entity_type","job_type","pages_fetched","ai_calls","duration_ms","estimated_cost","created_at") VALUES ($1,$2,$3,$4,$5,$6,$7,$8,$9) RETURNING "public"."place_job_log"."id", "public"."place_job_log"."entity_id", "public"."place_job_log"."entity_type", "public"."place_job_log"."job_type", "public"."place_job_log"."pages_fetched", "public"."place_job_log"."ai_calls", "public"."place_job_log"."duration_ms", "public"."place_job_log"."estimated_cost", "public"."place_job_log"."created_at"

════════════════════════════════════════════════════════════
Enrichment summary: CaCao Mexicatessen
════════════════════════════════════════════════════════════
  · Stage 1: Google Places identity commit (skipped)
  · Stage 2: Surface discovery (skipped)
  · Stage 3: Surface fetch (skipped)
  · Stage 4: Surface parse (skipped)
  · Stage 5: Identity signal extraction (AI) (skipped)
  ✓ Stage 6: Website enrichment (ran)
  · Stage 7: Tagline generation (AI) (skipped)

