[2026-03-16T20:27:34.331Z] Running stage 1 (Google Places identity commit) only for chuys-tacos-dorados
[dotenv@17.2.3] injecting env (0) from .env -- tip: 🔄 add secrets lifecycle management: https://dotenvx.com/ops
[dotenv@17.2.3] injecting env (19) from .env.local -- tip: 🔐 prevent building .env in docker: https://dotenvx.com/prebuild

Enrich: Chuy's Tacos Dorados (chuys-tacos-dorados)
  ID:      e58fd4a4-3367-4fd2-919f-4c91c79ca146
  Website: http://www.chuystacosdorados.com/
  GPID:    ChIJj_5FxSLGwoAR8Jlbxey3fPo

Stage 1: Google Places identity commit — skipped (Google Places data already cached (placesDataCachedAt set))

Re-scanning issues...
  Issues: 1 created, 0 resolved, 3 unchanged

════════════════════════════════════════════════════════════
Enrichment summary: Chuy's Tacos Dorados
════════════════════════════════════════════════════════════
  · Stage 1: Google Places identity commit (skipped)
  · Stage 2: Surface discovery (skipped)
  · Stage 3: Surface fetch (skipped)
  · Stage 4: Surface parse (skipped)
  · Stage 5: Identity signal extraction (AI) (skipped)
  · Stage 6: Website enrichment (skipped)
  · Stage 7: Tagline generation (AI) (skipped)


[2026-03-16T20:27:36.321Z] Process exited with code: 0
