[2026-03-16T20:28:20.272Z] Running stage 1 (Google Places identity commit) only for dark-delicacies
[dotenv@17.2.3] injecting env (0) from .env -- tip: ⚙️  enable debug logging with { debug: true }
[dotenv@17.2.3] injecting env (19) from .env.local -- tip: 📡 add observability to secrets: https://dotenvx.com/ops

Enrich: Dark Delicacies (dark-delicacies)
  ID:      1ffe6a27-3f4c-4f57-83c9-e3e25c85387c
  Website: http://www.darkdel.com/
  GPID:    ChIJz8buypqVwoAR7f7Nxp2d87E

Stage 1: Google Places identity commit — skipped (Google Places data already cached (placesDataCachedAt set))

Re-scanning issues...
  Issues: 1 created, 0 resolved, 7 unchanged

════════════════════════════════════════════════════════════
Enrichment summary: Dark Delicacies
════════════════════════════════════════════════════════════
  · Stage 1: Google Places identity commit (skipped)
  · Stage 2: Surface discovery (skipped)
  · Stage 3: Surface fetch (skipped)
  · Stage 4: Surface parse (skipped)
  · Stage 5: Identity signal extraction (AI) (skipped)
  · Stage 6: Website enrichment (skipped)
  · Stage 7: Tagline generation (AI) (skipped)


[2026-03-16T20:28:22.583Z] Process exited with code: 0
