[2026-03-16T20:28:42.573Z] Running stage 1 (Google Places identity commit) only for pink-pepper
[dotenv@17.2.3] injecting env (0) from .env -- tip: ⚙️  suppress all logs with { quiet: true }
[dotenv@17.2.3] injecting env (19) from .env.local -- tip: ⚙️  override existing env vars with { override: true }

Enrich: Pink Pepper (pink-pepper)
  ID:      696ea2d2-e946-4a43-975b-2dcec69b6b9c
  Website: https://pinkpepperhollywood.com/?utm_source=google
  GPID:    ChIJA9OqkyC_woART7gmf-bBXdk

Stage 1: Google Places identity commit — skipped (Google Places data already cached (placesDataCachedAt set))

Re-scanning issues...
  Issues: 1 created, 0 resolved, 5 unchanged

════════════════════════════════════════════════════════════
Enrichment summary: Pink Pepper
════════════════════════════════════════════════════════════
  · Stage 1: Google Places identity commit (skipped)
  · Stage 2: Surface discovery (skipped)
  · Stage 3: Surface fetch (skipped)
  · Stage 4: Surface parse (skipped)
  · Stage 5: Identity signal extraction (AI) (skipped)
  · Stage 6: Website enrichment (skipped)
  · Stage 7: Tagline generation (AI) (skipped)


[2026-03-16T20:28:44.931Z] Process exited with code: 0
