[2026-03-16T20:27:51.604Z] Running stage 1 (Google Places identity commit) only for gryphon-audio
[dotenv@17.2.3] injecting env (0) from .env -- tip: 🛠️  run anywhere with `dotenvx run -- yourcommand`
[dotenv@17.2.3] injecting env (19) from .env.local -- tip: 🔑 add access controls to secrets: https://dotenvx.com/ops

Enrich: Gryphon Audio LA (gryphon-audio)
  ID:      8a85453f-54a8-4185-87c2-e41e0cb4af14
  Website: https://jcsystemsdesign.com
  GPID:    ChIJrS5aCa6_woARt09ZwBA6w2o

Stage 1: Google Places identity commit — skipped (Google Places data already cached (placesDataCachedAt set))

Re-scanning issues...
  Issues: 1 created, 0 resolved, 6 unchanged

════════════════════════════════════════════════════════════
Enrichment summary: Gryphon Audio LA
════════════════════════════════════════════════════════════
  · Stage 1: Google Places identity commit (skipped)
  · Stage 2: Surface discovery (skipped)
  · Stage 3: Surface fetch (skipped)
  · Stage 4: Surface parse (skipped)
  · Stage 5: Identity signal extraction (AI) (skipped)
  · Stage 6: Website enrichment (skipped)
  · Stage 7: Tagline generation (AI) (skipped)


[2026-03-16T20:27:55.329Z] Process exited with code: 0
