[2026-03-16T20:26:15.845Z] Running stage 1 (Google Places identity commit) only for the-west-hollywood-edition-hotel-hotel-boutique-ian-schrager-west-hollywood-19-9
[dotenv@17.2.3] injecting env (0) from .env -- tip: 🔄 add secrets lifecycle management: https://dotenvx.com/ops
[dotenv@17.2.3] injecting env (19) from .env.local -- tip: ⚙️  write to custom object with { processEnv: myObject }

Enrich: The West Hollywood EDITION (the-west-hollywood-edition-hotel-hotel-boutique-ian-schrager-west-hollywood-19-9)
  ID:      47e1ecb4-bf94-45e9-82f9-70b5c7ec9089
  Website: https://www.marriott.com/en-us/hotels/laxeb-the-west-hollywood-edition/overview/?scid=f2ae0541-1279-4f24-b197-a979c79310b0
  GPID:    ChIJr7tLCKG-woARNVvQTdKErgU

Stage 1: Google Places identity commit — skipped (Google Places data already cached (placesDataCachedAt set))

Re-scanning issues...
  Issues: 1 created, 0 resolved, 5 unchanged

════════════════════════════════════════════════════════════
Enrichment summary: The West Hollywood EDITION
════════════════════════════════════════════════════════════
  · Stage 1: Google Places identity commit (skipped)
  · Stage 2: Surface discovery (skipped)
  · Stage 3: Surface fetch (skipped)
  · Stage 4: Surface parse (skipped)
  · Stage 5: Identity signal extraction (AI) (skipped)
  · Stage 6: Website enrichment (skipped)
  · Stage 7: Tagline generation (AI) (skipped)


[2026-03-16T20:26:18.154Z] Process exited with code: 0
