[2026-03-16T23:40:37.952Z] Running stage 1 (Google Places identity commit) only for osteria-mozza-restaurant-1-michelin-star-nancy-silverton
[dotenv@17.2.3] injecting env (0) from .env -- tip: ⚙️  load multiple .env files with { path: ['.env.local', '.env'] }
[dotenv@17.2.3] injecting env (19) from .env.local -- tip: 👥 sync secrets across teammates & machines: https://dotenvx.com/ops

Enrich: Osteria Mozza (osteria-mozza-restaurant-1-michelin-star-nancy-silverton)
  ID:      f01cf5b0-0cd7-4da8-bfad-bf4fd3a645ae
  Website: http://www.osteriamozza.com/
  GPID:    ChIJBacpEtO4woAR8TxewBOIolo
  ✓ needs_human_review cleared

Re-scanning issues...
  Issues: 0 created, 0 resolved, 3 unchanged

════════════════════════════════════════════════════════════
Enrichment summary: Osteria Mozza
════════════════════════════════════════════════════════════
  · Stage 1: Google Places identity commit (skipped)
  · Stage 2: Surface discovery (skipped)
  · Stage 3: Surface fetch (skipped)
  · Stage 4: Surface parse (skipped)
  · Stage 5: Identity signal extraction (AI) (skipped)
  · Stage 6: Website enrichment (skipped)
  · Stage 7: Tagline generation (AI) (skipped)


[2026-03-16T23:40:40.687Z] Process exited with code: 0
