[2026-03-16T20:05:06.819Z] Running stage 1 (Google Places identity commit) only for bavel-restaurant-1-arts-district-middle-eastern-same-owners-as-bestia
[dotenv@17.2.3] injecting env (0) from .env -- tip: ⚙️  override existing env vars with { override: true }
[dotenv@17.2.3] injecting env (19) from .env.local -- tip: 🔄 add secrets lifecycle management: https://dotenvx.com/ops

Enrich: Bavel (bavel-restaurant-1-arts-district-middle-eastern-same-owners-as-bestia)
  ID:      1466d85c-beb9-4b17-912b-f5462beff6d0
  Website: https://baveldtla.com/
  GPID:    ChIJAQDw5jzGwoARJ0ddsqWyCAQ

Stage 1: Google Places identity commit — skipped (Google Places data already cached (placesDataCachedAt set))
  ✓ needs_human_review cleared

Re-scanning issues...
  Issues: 1 created, 0 resolved, 2 unchanged

════════════════════════════════════════════════════════════
Enrichment summary: Bavel
════════════════════════════════════════════════════════════
  · Stage 1: Google Places identity commit (skipped)
  · Stage 2: Surface discovery (skipped)
  · Stage 3: Surface fetch (skipped)
  · Stage 4: Surface parse (skipped)
  · Stage 5: Identity signal extraction (AI) (skipped)
  · Stage 6: Website enrichment (skipped)
  · Stage 7: Tagline generation (AI) (skipped)


[2026-03-16T20:05:09.163Z] Process exited with code: 0
