[2026-03-16T20:28:39.034Z] Running stage 1 (Google Places identity commit) only for te-isshoku
[dotenv@17.2.3] injecting env (0) from .env -- tip: ⚙️  override existing env vars with { override: true }
[dotenv@17.2.3] injecting env (19) from .env.local -- tip: ⚙️  enable debug logging with { debug: true }

Enrich: Te Isshoku Sushi • Made to Order Take-Out (te-isshoku)
  ID:      48257275-cb35-4508-80b2-77c0752c39e4
  Website: https://te-isshoku.square.site/
  GPID:    ChIJtdCuP0zHwoAR2W61HTAcOcw

Stage 1: Google Places identity commit — skipped (Google Places data already cached (placesDataCachedAt set))

Re-scanning issues...
  Issues: 1 created, 0 resolved, 5 unchanged

════════════════════════════════════════════════════════════
Enrichment summary: Te Isshoku Sushi • Made to Order Take-Out
════════════════════════════════════════════════════════════
  · Stage 1: Google Places identity commit (skipped)
  · Stage 2: Surface discovery (skipped)
  · Stage 3: Surface fetch (skipped)
  · Stage 4: Surface parse (skipped)
  · Stage 5: Identity signal extraction (AI) (skipped)
  · Stage 6: Website enrichment (skipped)
  · Stage 7: Tagline generation (AI) (skipped)


[2026-03-16T20:28:41.866Z] Process exited with code: 0
