[2026-03-16T20:26:48.197Z] Running stage 1 (Google Places identity commit) only for rasarumah-restaurant-3-hot2025-malaysian-new-michelin-bib-gourmand-2025
[dotenv@17.2.3] injecting env (0) from .env -- tip: 🔐 encrypt with Dotenvx: https://dotenvx.com
[dotenv@17.2.3] injecting env (19) from .env.local -- tip: 🔐 prevent building .env in docker: https://dotenvx.com/prebuild

Enrich: Rasarumah (rasarumah-restaurant-3-hot2025-malaysian-new-michelin-bib-gourmand-2025)
  ID:      f5a4abdf-ee10-491d-90fd-920838b78e26
  Website: http://www.rasarumah.com/
  GPID:    ChIJ5fd-NQDHwoARKiTGuaNIeco

Stage 1: Google Places identity commit — skipped (Google Places data already cached (placesDataCachedAt set))
  ✓ needs_human_review cleared

Re-scanning issues...
  Issues: 1 created, 0 resolved, 4 unchanged

════════════════════════════════════════════════════════════
Enrichment summary: Rasarumah
════════════════════════════════════════════════════════════
  · Stage 1: Google Places identity commit (skipped)
  · Stage 2: Surface discovery (skipped)
  · Stage 3: Surface fetch (skipped)
  · Stage 4: Surface parse (skipped)
  · Stage 5: Identity signal extraction (AI) (skipped)
  · Stage 6: Website enrichment (skipped)
  · Stage 7: Tagline generation (AI) (skipped)


[2026-03-16T20:26:50.101Z] Process exited with code: 0
