[2026-03-16T21:23:17.023Z] Running stage 1 (Google Places identity commit) only for men-and-beasts-|-modern-chinese-restaurant-and-tea-lounge-los-angeles-ca
[dotenv@17.2.3] injecting env (0) from .env -- tip: ✅ audit secrets and track compliance: https://dotenvx.com/ops
[dotenv@17.2.3] injecting env (19) from .env.local -- tip: ⚙️  load multiple .env files with { path: ['.env.local', '.env'] }

Enrich: Men & Beasts | Modern Chinese Restaurant & Tea Lounge - Los Angeles, CA (men-and-beasts-|-modern-chinese-restaurant-and-tea-lounge-los-angeles-ca)
  ID:      65fa4e60-d067-4e86-8482-16fc5725381f
  Website: https://menandbeasts.com/
  GPID:    ChIJFycRzrHHwoARwBAa5sAAhOg

Stage 1: Google Places identity commit — skipped (Google Places data already cached (placesDataCachedAt set))
  ✓ needs_human_review cleared

Re-scanning issues...
  Issues: 1 created, 0 resolved, 3 unchanged

════════════════════════════════════════════════════════════
Enrichment summary: Men & Beasts | Modern Chinese Restaurant & Tea Lounge - Los Angeles, CA
════════════════════════════════════════════════════════════
  · Stage 1: Google Places identity commit (skipped)
  · Stage 2: Surface discovery (skipped)
  · Stage 3: Surface fetch (skipped)
  · Stage 4: Surface parse (skipped)
  · Stage 5: Identity signal extraction (AI) (skipped)
  · Stage 6: Website enrichment (skipped)
  · Stage 7: Tagline generation (AI) (skipped)


[2026-03-16T21:23:19.979Z] Process exited with code: 0
