[2026-03-16T20:28:29.077Z] Running stage 1 (Google Places identity commit) only for octavias-bookshelf
[dotenv@17.2.3] injecting env (0) from .env -- tip: 📡 add observability to secrets: https://dotenvx.com/ops
[dotenv@17.2.3] injecting env (19) from .env.local -- tip: 🔐 prevent building .env in docker: https://dotenvx.com/prebuild

Enrich: Octavia’s Bookshelf (octavias-bookshelf)
  ID:      c40c3007-1a98-48a2-a33f-aaae648ae94f
  Website: https://www.octaviasbookshelf.com/
  GPID:    ChIJ04P2gcLDwoARnKFwBXe_vv0

Stage 1: Google Places identity commit — skipped (Google Places data already cached (placesDataCachedAt set))

Re-scanning issues...
  Issues: 1 created, 0 resolved, 6 unchanged

════════════════════════════════════════════════════════════
Enrichment summary: Octavia’s Bookshelf
════════════════════════════════════════════════════════════
  · Stage 1: Google Places identity commit (skipped)
  · Stage 2: Surface discovery (skipped)
  · Stage 3: Surface fetch (skipped)
  · Stage 4: Surface parse (skipped)
  · Stage 5: Identity signal extraction (AI) (skipped)
  · Stage 6: Website enrichment (skipped)
  · Stage 7: Tagline generation (AI) (skipped)


[2026-03-16T20:28:31.795Z] Process exited with code: 0
