[2026-03-16T20:28:58.099Z] Running stage 1 (Google Places identity commit) only for vromans-bookstore
[dotenv@17.2.3] injecting env (0) from .env -- tip: ⚙️  override existing env vars with { override: true }
[dotenv@17.2.3] injecting env (19) from .env.local -- tip: 🔑 add access controls to secrets: https://dotenvx.com/ops

Enrich: Vroman's Bookstore (vromans-bookstore)
  ID:      ea4642ce-c3b1-4276-be02-932cd35d3dda
  Website: http://www.vromansbookstore.com/
  GPID:    ChIJOwRoBGjDwoAR0dMeLwrMhZA

Stage 1: Google Places identity commit — skipped (Google Places data already cached (placesDataCachedAt set))

Re-scanning issues...
  Issues: 1 created, 0 resolved, 5 unchanged

════════════════════════════════════════════════════════════
Enrichment summary: Vroman's Bookstore
════════════════════════════════════════════════════════════
  · Stage 1: Google Places identity commit (skipped)
  · Stage 2: Surface discovery (skipped)
  · Stage 3: Surface fetch (skipped)
  · Stage 4: Surface parse (skipped)
  · Stage 5: Identity signal extraction (AI) (skipped)
  · Stage 6: Website enrichment (skipped)
  · Stage 7: Tagline generation (AI) (skipped)


[2026-03-16T20:29:00.318Z] Process exited with code: 0
