[2026-03-16T20:26:22.137Z] Running stage 1 (Google Places identity commit) only for somni-restaurant-2-michelin-3-michelin-stars-one-of-only-two-in-la
[dotenv@17.2.3] injecting env (0) from .env -- tip: ✅ audit secrets and track compliance: https://dotenvx.com/ops
[dotenv@17.2.3] injecting env (19) from .env.local -- tip: 👥 sync secrets across teammates & machines: https://dotenvx.com/ops

Enrich: Somni (somni-restaurant-2-michelin-3-michelin-stars-one-of-only-two-in-la)
  ID:      846ec73b-e777-4b6a-bb0e-1621f43bfb1b
  Website: http://www.somnirestaurant.com/
  GPID:    ChIJVa5jok65woARLJWEqmHTCp8

Stage 1: Google Places identity commit — skipped (Google Places data already cached (placesDataCachedAt set))
  ✓ needs_human_review cleared

Re-scanning issues...
  Issues: 1 created, 0 resolved, 5 unchanged

════════════════════════════════════════════════════════════
Enrichment summary: Somni
════════════════════════════════════════════════════════════
  · Stage 1: Google Places identity commit (skipped)
  · Stage 2: Surface discovery (skipped)
  · Stage 3: Surface fetch (skipped)
  · Stage 4: Surface parse (skipped)
  · Stage 5: Identity signal extraction (AI) (skipped)
  · Stage 6: Website enrichment (skipped)
  · Stage 7: Tagline generation (AI) (skipped)


[2026-03-16T20:26:24.471Z] Process exited with code: 0
