[2026-03-17T23:33:27.435Z] Running stage 1 (Google Places identity commit) only for budonoki
[dotenv@17.2.3] injecting env (0) from .env -- tip: 🔄 add secrets lifecycle management: https://dotenvx.com/ops
[dotenv@17.2.3] injecting env (18) from .env.local -- tip: 🔐 encrypt with Dotenvx: https://dotenvx.com

Enrich: Budonoki (budonoki)
  ID:      place_budonoki_1773195234611
  Website: https://www.budonoki.la/
  GPID:    ChIJD5LuBp3HwoARqHfw3wOS7VA
  ✓ needs_human_review cleared

Re-scanning issues...
  Issues: 0 created, 0 resolved, 3 unchanged

════════════════════════════════════════════════════════════
Enrichment summary: Budonoki
════════════════════════════════════════════════════════════
  · Stage 1: Google Places identity commit (skipped)
  · Stage 2: Surface discovery (skipped)
  · Stage 3: Surface fetch (skipped)
  · Stage 4: Surface parse (skipped)
  · Stage 5: Identity signal extraction (AI) (skipped)
  · Stage 6: Website enrichment (skipped)
  · Stage 7: Tagline generation (AI) (skipped)


[2026-03-17T23:33:29.074Z] Process exited with code: 0
