[2026-03-17T23:33:30.197Z] Running stage 1 (Google Places identity commit) only for unknown-e98bad96
[dotenv@17.2.3] injecting env (0) from .env -- tip: 🔐 encrypt with Dotenvx: https://dotenvx.com
[dotenv@17.2.3] injecting env (18) from .env.local -- tip: ⚙️  load multiple .env files with { path: ['.env.local', '.env'] }

Enrich: Jitlada Restaurant (unknown-e98bad96)
  ID:      e98bad96-dd5b-4e75-8af4-33f75e947ae1
  Website: http://jitladala.com/
  GPID:    ChIJsR6mEFS_woAR-bYcpwWGTSg
  ✓ needs_human_review cleared

Re-scanning issues...
  Issues: 0 created, 0 resolved, 2 unchanged

════════════════════════════════════════════════════════════
Enrichment summary: Jitlada Restaurant
════════════════════════════════════════════════════════════
  · Stage 1: Google Places identity commit (skipped)
  · Stage 2: Surface discovery (skipped)
  · Stage 3: Surface fetch (skipped)
  · Stage 4: Surface parse (skipped)
  · Stage 5: Identity signal extraction (AI) (skipped)
  · Stage 6: Website enrichment (skipped)
  · Stage 7: Tagline generation (AI) (skipped)


[2026-03-17T23:33:32.217Z] Process exited with code: 0
