[2026-03-16T20:05:21.245Z] Running stage 1 (Google Places identity commit) only for petit-ermitage-hotel-hotel-boutique-west-hollywood-hideaway-secluded-rooftop-poo
[dotenv@17.2.3] injecting env (0) from .env -- tip: ⚙️  override existing env vars with { override: true }
[dotenv@17.2.3] injecting env (19) from .env.local -- tip: 🔄 add secrets lifecycle management: https://dotenvx.com/ops

Enrich: Petit Ermitage (petit-ermitage-hotel-hotel-boutique-west-hollywood-hideaway-secluded-rooftop-poo)
  ID:      fb2dbf82-dfb4-4b9e-a72d-74b1fe475b7d
  Website: http://www.petitermitage.com/
  GPID:    ChIJe72g-aS-woARFWxi79pOMe0

Stage 1: Google Places identity commit — skipped (Google Places data already cached (placesDataCachedAt set))

Re-scanning issues...
  Issues: 1 created, 0 resolved, 5 unchanged

════════════════════════════════════════════════════════════
Enrichment summary: Petit Ermitage
════════════════════════════════════════════════════════════
  · Stage 1: Google Places identity commit (skipped)
  · Stage 2: Surface discovery (skipped)
  · Stage 3: Surface fetch (skipped)
  · Stage 4: Surface parse (skipped)
  · Stage 5: Identity signal extraction (AI) (skipped)
  · Stage 6: Website enrichment (skipped)
  · Stage 7: Tagline generation (AI) (skipped)


[2026-03-16T20:05:23.267Z] Process exited with code: 0
