[dotenv@17.2.3] injecting env (0) from .env -- tip: ⚙️  override existing env vars with { override: true }
[dotenv@17.2.3] injecting env (19) from .env.local -- tip: 🔐 encrypt with Dotenvx: https://dotenvx.com

Enrich: Sick City Records (sick-city-records)
  ID:      a39ba0ae-73ef-4e6a-913f-90f46b7866dd
  Website: —
  GPID:    ChIJReTEmTjHwoARvjh__pH1CZc

Stage 1: Google Places identity commit — skipped (Google Places identity resolved separately via backfill-google-places.ts)

Stage 2: Surface discovery — skipped (no website)

Stage 3: Surface fetch — skipped (no surfaces with fetch_status=discovered)

Stage 4: Surface parse — skipped (no surfaces pending parse)

────────────────────────────────────────────────────────────
Stage 5: Identity signal extraction (AI)
  ./node_modules/.bin/tsx scripts/extract-identity-signals.ts --place=Sick City Records
────────────────────────────────────────────────────────────

🔮 Saiko Maps — Identity Signal Extraction
==========================================
🔸 Single place: "Sick City Records"

📍 Found 0 places to process
   (0 in canonical scope · 0 unprocessed · 0 with extractable content)

No records to process. Exiting.

Stage 6: Website enrichment — skipped (no website)

────────────────────────────────────────────────────────────
Stage 7: Tagline generation (AI)
  ./node_modules/.bin/tsx scripts/generate-taglines-v2.ts --place=Sick City Records
────────────────────────────────────────────────────────────

🎙️  Saiko Voice Engine v2.0 — Tagline Generator
==========================================
🔸 Single place: "Sick City Records"
🔸 Concurrency: 5

📍 Fetching records with identity signals...
📍 Found 0 places to process

No records to process. Exiting.

════════════════════════════════════════════════════════════
Enrichment summary: Sick City Records
════════════════════════════════════════════════════════════
  · Stage 1: Google Places identity commit (skipped)
  · Stage 2: Surface discovery (skipped)
  · Stage 3: Surface fetch (skipped)
  · Stage 4: Surface parse (skipped)
  ✓ Stage 5: Identity signal extraction (AI) (ran)
  · Stage 6: Website enrichment (skipped)
  ✓ Stage 7: Tagline generation (AI) (ran)

