[2026-03-16T23:40:30.344Z] Running stage 1 (Google Places identity commit) only for redbird-downtown-los-angeles
[dotenv@17.2.3] injecting env (0) from .env -- tip: ⚙️  write to custom object with { processEnv: myObject }
[dotenv@17.2.3] injecting env (19) from .env.local -- tip: 🔐 prevent building .env in docker: https://dotenvx.com/prebuild

Enrich: Redbird (redbird-downtown-los-angeles)
  ID:      place_redbird-downtown-los-angeles_1773195234760
  Website: http://www.redbird.la/
  GPID:    ChIJv4yVGknGwoARC_5zwy3zU5M
  ✓ needs_human_review cleared

Re-scanning issues...
  Issues: 0 created, 0 resolved, 3 unchanged

════════════════════════════════════════════════════════════
Enrichment summary: Redbird
════════════════════════════════════════════════════════════
  · Stage 1: Google Places identity commit (skipped)
  · Stage 2: Surface discovery (skipped)
  · Stage 3: Surface fetch (skipped)
  · Stage 4: Surface parse (skipped)
  · Stage 5: Identity signal extraction (AI) (skipped)
  · Stage 6: Website enrichment (skipped)
  · Stage 7: Tagline generation (AI) (skipped)


[2026-03-16T23:40:32.080Z] Process exited with code: 0
