[2026-03-16T20:27:59.781Z] Running stage 1 (Google Places identity commit) only for pro-audio-la
[dotenv@17.2.3] injecting env (0) from .env -- tip: 🔐 encrypt with Dotenvx: https://dotenvx.com
[dotenv@17.2.3] injecting env (19) from .env.local -- tip: 🛠️  run anywhere with `dotenvx run -- yourcommand`

Enrich: Pro Audio L.A. (pro-audio-la)
  ID:      efbc74cf-524a-4e03-94ef-c2d0ddd477e8
  Website: https://www.proaudiola.com/
  GPID:    ChIJJzzVqNvAwoAREZ7IeKIy2Ds

Stage 1: Google Places identity commit — skipped (Google Places data already cached (placesDataCachedAt set))

Re-scanning issues...
  Issues: 1 created, 0 resolved, 6 unchanged

════════════════════════════════════════════════════════════
Enrichment summary: Pro Audio L.A.
════════════════════════════════════════════════════════════
  · Stage 1: Google Places identity commit (skipped)
  · Stage 2: Surface discovery (skipped)
  · Stage 3: Surface fetch (skipped)
  · Stage 4: Surface parse (skipped)
  · Stage 5: Identity signal extraction (AI) (skipped)
  · Stage 6: Website enrichment (skipped)
  · Stage 7: Tagline generation (AI) (skipped)


[2026-03-16T20:28:02.359Z] Process exited with code: 0
