[2026-03-16T20:28:07.469Z] Running stage 1 (Google Places identity commit) only for cosmic-vinyl-cafe
[dotenv@17.2.3] injecting env (0) from .env -- tip: 👥 sync secrets across teammates & machines: https://dotenvx.com/ops
[dotenv@17.2.3] injecting env (19) from .env.local -- tip: 🔐 prevent building .env in docker: https://dotenvx.com/prebuild

Enrich: Cosmic Vinyl (cosmic-vinyl-cafe)
  ID:      fc1e2b55-755c-4b25-936b-7740449bcf5a
  Website: http://www.cosmicvinyl.com/
  GPID:    ChIJp90dP9XBwoARXM_Xn3l8K50

Stage 1: Google Places identity commit — skipped (Google Places data already cached (placesDataCachedAt set))

Re-scanning issues...
  Issues: 1 created, 0 resolved, 6 unchanged

════════════════════════════════════════════════════════════
Enrichment summary: Cosmic Vinyl
════════════════════════════════════════════════════════════
  · Stage 1: Google Places identity commit (skipped)
  · Stage 2: Surface discovery (skipped)
  · Stage 3: Surface fetch (skipped)
  · Stage 4: Surface parse (skipped)
  · Stage 5: Identity signal extraction (AI) (skipped)
  · Stage 6: Website enrichment (skipped)
  · Stage 7: Tagline generation (AI) (skipped)


[2026-03-16T20:28:10.260Z] Process exited with code: 0
