[2026-03-16T20:26:42.574Z] Running stage 1 (Google Places identity commit) only for santa-monica-proper-hotel-hotel-boutique-kelly-wearstler-design-rooftop-ocean-ad
[dotenv@17.2.3] injecting env (0) from .env -- tip: ✅ audit secrets and track compliance: https://dotenvx.com/ops
[dotenv@17.2.3] injecting env (19) from .env.local -- tip: ⚙️  suppress all logs with { quiet: true }

Enrich: Santa Monica Proper Hotel (santa-monica-proper-hotel-hotel-boutique-kelly-wearstler-design-rooftop-ocean-ad)
  ID:      3d27bf43-bd40-4ea8-98f5-c12b0fbaae2f
  Website: https://www.properhotel.com/santa-monica/?utm_source=local-listings&utm_medium=organic&utm_campaign=local-listings
  GPID:    ChIJGayEIMmkwoARvutBp7SwpfI

Stage 1: Google Places identity commit — skipped (Google Places data already cached (placesDataCachedAt set))
  ✓ needs_human_review cleared

Re-scanning issues...
  Issues: 0 created, 0 resolved, 4 unchanged

════════════════════════════════════════════════════════════
Enrichment summary: Santa Monica Proper Hotel
════════════════════════════════════════════════════════════
  · Stage 1: Google Places identity commit (skipped)
  · Stage 2: Surface discovery (skipped)
  · Stage 3: Surface fetch (skipped)
  · Stage 4: Surface parse (skipped)
  · Stage 5: Identity signal extraction (AI) (skipped)
  · Stage 6: Website enrichment (skipped)
  · Stage 7: Tagline generation (AI) (skipped)


[2026-03-16T20:26:45.201Z] Process exited with code: 0
