[2026-03-16T20:25:47.436Z] Running stage 1 (Google Places identity commit) only for unknown-5933d98f
[dotenv@17.2.3] injecting env (0) from .env -- tip: 🔐 encrypt with Dotenvx: https://dotenvx.com
[dotenv@17.2.3] injecting env (19) from .env.local -- tip: 🗂️ backup and recover secrets: https://dotenvx.com/ops

Enrich: The Huntington Library, Art Museum, and Botanical Gardens (unknown-5933d98f)
  ID:      5933d98f-6e09-487f-98f2-b8177693c102
  Website: https://huntington.org/
  GPID:    ChIJc1xhAk3bwoARBBlfKQzXKLM

Stage 1: Google Places identity commit — skipped (Google Places data already cached (placesDataCachedAt set))

Re-scanning issues...
  Issues: 0 created, 0 resolved, 5 unchanged

════════════════════════════════════════════════════════════
Enrichment summary: The Huntington Library, Art Museum, and Botanical Gardens
════════════════════════════════════════════════════════════
  · Stage 1: Google Places identity commit (skipped)
  · Stage 2: Surface discovery (skipped)
  · Stage 3: Surface fetch (skipped)
  · Stage 4: Surface parse (skipped)
  · Stage 5: Identity signal extraction (AI) (skipped)
  · Stage 6: Website enrichment (skipped)
  · Stage 7: Tagline generation (AI) (skipped)


[2026-03-16T20:25:49.336Z] Process exited with code: 0
