[2026-03-16T20:26:07.778Z] Running stage 1 (Google Places identity commit) only for unknown-907f5f74
[dotenv@17.2.3] injecting env (0) from .env -- tip: 👥 sync secrets across teammates & machines: https://dotenvx.com/ops
[dotenv@17.2.3] injecting env (19) from .env.local -- tip: 🛠️  run anywhere with `dotenvx run -- yourcommand`

Enrich: Arcana: Books on the Arts (unknown-907f5f74)
  ID:      907f5f74-2275-42cd-a8ed-f4cd69d4699d
  Website: http://www.arcanabooks.com/
  GPID:    ChIJbUsBG4O5woAR36lFBdtnk04

Stage 1: Google Places identity commit — skipped (Google Places data already cached (placesDataCachedAt set))

Re-scanning issues...
  Issues: 1 created, 0 resolved, 5 unchanged

════════════════════════════════════════════════════════════
Enrichment summary: Arcana: Books on the Arts
════════════════════════════════════════════════════════════
  · Stage 1: Google Places identity commit (skipped)
  · Stage 2: Surface discovery (skipped)
  · Stage 3: Surface fetch (skipped)
  · Stage 4: Surface parse (skipped)
  · Stage 5: Identity signal extraction (AI) (skipped)
  · Stage 6: Website enrichment (skipped)
  · Stage 7: Tagline generation (AI) (skipped)


[2026-03-16T20:26:09.999Z] Process exited with code: 0
