[2026-03-16T20:25:56.767Z] Running stage 1 (Google Places identity commit) only for union-liquor-market-westlake
[dotenv@17.2.3] injecting env (0) from .env -- tip: 🔄 add secrets lifecycle management: https://dotenvx.com/ops
[dotenv@17.2.3] injecting env (19) from .env.local -- tip: 👥 sync secrets across teammates & machines: https://dotenvx.com/ops

Enrich: Union Liquor Market (union-liquor-market-westlake)
  ID:      183ec1f5-4f3d-4ea9-af3c-2dd28e01379d
  Website: —
  GPID:    ChIJAwgTXgjHwoARJ8Zj9BQYOwA

Stage 1: Google Places identity commit — skipped (Google Places data already cached (placesDataCachedAt set))

Re-scanning issues...
  Issues: 0 created, 0 resolved, 7 unchanged

════════════════════════════════════════════════════════════
Enrichment summary: Union Liquor Market
════════════════════════════════════════════════════════════
  · Stage 1: Google Places identity commit (skipped)
  · Stage 2: Surface discovery (skipped)
  · Stage 3: Surface fetch (skipped)
  · Stage 4: Surface parse (skipped)
  · Stage 5: Identity signal extraction (AI) (skipped)
  · Stage 6: Website enrichment (skipped)
  · Stage 7: Tagline generation (AI) (skipped)


[2026-03-16T20:25:59.284Z] Process exited with code: 0
