[2026-03-16T20:26:28.236Z] Running stage 1 (Google Places identity commit) only for gjusta-restaurant-4-iconic-venice-bakery-deli-gjelina-family
[dotenv@17.2.3] injecting env (0) from .env -- tip: 🗂️ backup and recover secrets: https://dotenvx.com/ops
[dotenv@17.2.3] injecting env (19) from .env.local -- tip: 🔑 add access controls to secrets: https://dotenvx.com/ops

Enrich: Gjusta (gjusta-restaurant-4-iconic-venice-bakery-deli-gjelina-family)
  ID:      efa90623-b0b3-4e74-b0b7-2cd08a10a022
  Website: http://www.gjusta.com/
  GPID:    ChIJIb5F-cW6woARd4CTt6yz_pg

Stage 1: Google Places identity commit — skipped (Google Places data already cached (placesDataCachedAt set))
  ✓ needs_human_review cleared

Re-scanning issues...
  Issues: 1 created, 0 resolved, 3 unchanged

════════════════════════════════════════════════════════════
Enrichment summary: Gjusta
════════════════════════════════════════════════════════════
  · Stage 1: Google Places identity commit (skipped)
  · Stage 2: Surface discovery (skipped)
  · Stage 3: Surface fetch (skipped)
  · Stage 4: Surface parse (skipped)
  · Stage 5: Identity signal extraction (AI) (skipped)
  · Stage 6: Website enrichment (skipped)
  · Stage 7: Tagline generation (AI) (skipped)


[2026-03-16T20:26:31.075Z] Process exited with code: 0
