[2026-03-16T20:06:17.510Z] Running stage 1 (Google Places identity commit) only for chi-spacca-restaurant-1-nancy-silverton-meat-focused
[dotenv@17.2.3] injecting env (0) from .env -- tip: 🛠️  run anywhere with `dotenvx run -- yourcommand`
[dotenv@17.2.3] injecting env (19) from .env.local -- tip: ⚙️  load multiple .env files with { path: ['.env.local', '.env'] }

Enrich: Chi Spacca (chi-spacca-restaurant-1-nancy-silverton-meat-focused)
  ID:      84cdfb99-80ae-4f9d-8b19-983281497827
  Website: http://www.chispacca.com/
  GPID:    ChIJwbQBbdO4woARHT4khoXPnok

Stage 1: Google Places identity commit — skipped (Google Places data already cached (placesDataCachedAt set))
  ✓ needs_human_review cleared

Re-scanning issues...
  Issues: 1 created, 0 resolved, 3 unchanged

════════════════════════════════════════════════════════════
Enrichment summary: Chi Spacca
════════════════════════════════════════════════════════════
  · Stage 1: Google Places identity commit (skipped)
  · Stage 2: Surface discovery (skipped)
  · Stage 3: Surface fetch (skipped)
  · Stage 4: Surface parse (skipped)
  · Stage 5: Identity signal extraction (AI) (skipped)
  · Stage 6: Website enrichment (skipped)
  · Stage 7: Tagline generation (AI) (skipped)


[2026-03-16T20:06:19.766Z] Process exited with code: 0
