[2026-03-16T20:23:28.115Z] Running stage 1 (Google Places identity commit) only for bestia-restaurant-1-arts-district-italian-perennial-every-list-staple
[dotenv@17.2.3] injecting env (0) from .env -- tip: ⚙️  specify custom .env file path with { path: '/custom/path/.env' }
[dotenv@17.2.3] injecting env (19) from .env.local -- tip: ⚙️  specify custom .env file path with { path: '/custom/path/.env' }

Enrich: Bestia (bestia-restaurant-1-arts-district-italian-perennial-every-list-staple)
  ID:      fcfd0d6c-f53b-4eee-8155-b85c47482bea
  Website: http://www.bestiala.com/
  GPID:    ChIJSRvZ1yHGwoARcLrfvc-APl4

Stage 1: Google Places identity commit — skipped (Google Places data already cached (placesDataCachedAt set))
  ✓ needs_human_review cleared

Re-scanning issues...
  Issues: 1 created, 0 resolved, 2 unchanged

════════════════════════════════════════════════════════════
Enrichment summary: Bestia
════════════════════════════════════════════════════════════
  · Stage 1: Google Places identity commit (skipped)
  · Stage 2: Surface discovery (skipped)
  · Stage 3: Surface fetch (skipped)
  · Stage 4: Surface parse (skipped)
  · Stage 5: Identity signal extraction (AI) (skipped)
  · Stage 6: Website enrichment (skipped)
  · Stage 7: Tagline generation (AI) (skipped)


[2026-03-16T20:23:30.389Z] Process exited with code: 0
