[2026-03-16T20:23:21.544Z] Running stage 1 (Google Places identity commit) only for unknown-b126fe54
[dotenv@17.2.3] injecting env (0) from .env -- tip: 👥 sync secrets across teammates & machines: https://dotenvx.com/ops
[dotenv@17.2.3] injecting env (19) from .env.local -- tip: ⚙️  enable debug logging with { debug: true }

Enrich: Bradbury Building (unknown-b126fe54)
  ID:      b126fe54-b52c-432e-a4ed-75aeeff83bd9
  Website: https://thebradburybuilding.com/
  GPID:    ChIJBYuC8kvGwoAROxBTjwqfWpU

Stage 1: Google Places identity commit — skipped (Google Places data already cached (placesDataCachedAt set))

Re-scanning issues...
  Issues: 1 created, 0 resolved, 4 unchanged

════════════════════════════════════════════════════════════
Enrichment summary: Bradbury Building
════════════════════════════════════════════════════════════
  · Stage 1: Google Places identity commit (skipped)
  · Stage 2: Surface discovery (skipped)
  · Stage 3: Surface fetch (skipped)
  · Stage 4: Surface parse (skipped)
  · Stage 5: Identity signal extraction (AI) (skipped)
  · Stage 6: Website enrichment (skipped)
  · Stage 7: Tagline generation (AI) (skipped)


[2026-03-16T20:23:23.652Z] Process exited with code: 0
