[2026-03-16T20:28:12.817Z] Running stage 1 (Google Places identity commit) only for poo-bah-record-shop
[dotenv@17.2.3] injecting env (0) from .env -- tip: 🔐 encrypt with Dotenvx: https://dotenvx.com
[dotenv@17.2.3] injecting env (19) from .env.local -- tip: 🔐 prevent building .env in docker: https://dotenvx.com/prebuild

Enrich: Poo-Bah Record Shop (poo-bah-record-shop)
  ID:      ce539121-5d4a-47d1-8c64-15785293ca7c
  Website: https://poobah.com/
  GPID:    ChIJKWQhpljbwoARWvHyjA7fkjk

Stage 1: Google Places identity commit — skipped (Google Places data already cached (placesDataCachedAt set))

Re-scanning issues...
  Issues: 1 created, 0 resolved, 5 unchanged

════════════════════════════════════════════════════════════
Enrichment summary: Poo-Bah Record Shop
════════════════════════════════════════════════════════════
  · Stage 1: Google Places identity commit (skipped)
  · Stage 2: Surface discovery (skipped)
  · Stage 3: Surface fetch (skipped)
  · Stage 4: Surface parse (skipped)
  · Stage 5: Identity signal extraction (AI) (skipped)
  · Stage 6: Website enrichment (skipped)
  · Stage 7: Tagline generation (AI) (skipped)


[2026-03-16T20:28:15.254Z] Process exited with code: 0
