[2026-03-17T23:33:30.042Z] Running stage 1 (Google Places identity commit) only for unknown-b126fe54
[dotenv@17.2.3] injecting env (0) from .env -- tip: ✅ audit secrets and track compliance: https://dotenvx.com/ops
[dotenv@17.2.3] injecting env (18) from .env.local -- tip: 🔑 add access controls to secrets: https://dotenvx.com/ops

Enrich: Bradbury Building (unknown-b126fe54)
  ID:      b126fe54-b52c-432e-a4ed-75aeeff83bd9
  Website: https://thebradburybuilding.com/
  GPID:    ChIJBYuC8kvGwoAROxBTjwqfWpU

Re-scanning issues...
  Issues: 0 created, 0 resolved, 4 unchanged

════════════════════════════════════════════════════════════
Enrichment summary: Bradbury Building
════════════════════════════════════════════════════════════
  · Stage 1: Google Places identity commit (skipped)
  · Stage 2: Surface discovery (skipped)
  · Stage 3: Surface fetch (skipped)
  · Stage 4: Surface parse (skipped)
  · Stage 5: Identity signal extraction (AI) (skipped)
  · Stage 6: Website enrichment (skipped)
  · Stage 7: Tagline generation (AI) (skipped)


[2026-03-17T23:33:31.831Z] Process exited with code: 0
