[2026-03-16T20:27:42.993Z] Running stage 1 (Google Places identity commit) only for the-peninsula-beverly-hills
[dotenv@17.2.3] injecting env (0) from .env -- tip: ✅ audit secrets and track compliance: https://dotenvx.com/ops
[dotenv@17.2.3] injecting env (19) from .env.local -- tip: 📡 add observability to secrets: https://dotenvx.com/ops

Enrich: The Peninsula Beverly Hills (the-peninsula-beverly-hills)
  ID:      50ddc5cb-b0cb-46ab-8c08-d4060dc8b65c
  Website: https://www.peninsula.com/en/beverly-hills/5-star-luxury-hotel-beverly-hills
  GPID:    ChIJo4XM5_W7woARSKsK1bsfNS8

Stage 1: Google Places identity commit — skipped (Google Places data already cached (placesDataCachedAt set))

Re-scanning issues...
  Issues: 1 created, 0 resolved, 7 unchanged

════════════════════════════════════════════════════════════
Enrichment summary: The Peninsula Beverly Hills
════════════════════════════════════════════════════════════
  · Stage 1: Google Places identity commit (skipped)
  · Stage 2: Surface discovery (skipped)
  · Stage 3: Surface fetch (skipped)
  · Stage 4: Surface parse (skipped)
  · Stage 5: Identity signal extraction (AI) (skipped)
  · Stage 6: Website enrichment (skipped)
  · Stage 7: Tagline generation (AI) (skipped)


[2026-03-16T20:27:45.246Z] Process exited with code: 0
