[2026-03-16T20:27:35.330Z] Running stage 1 (Google Places identity commit) only for tacos-guelaguetza
[dotenv@17.2.3] injecting env (0) from .env -- tip: ⚙️  suppress all logs with { quiet: true }
[dotenv@17.2.3] injecting env (19) from .env.local -- tip: 🔐 encrypt with Dotenvx: https://dotenvx.com

Enrich: Tacos Guelaguetza (tacos-guelaguetza)
  ID:      4330a06a-f03c-43e9-b0f8-0a1b2afc6a14
  Website: https://tacos-guelaguetza.mx/
  GPID:    ChIJd3BzkU65woAR3Z2bPGtThec

Stage 1: Google Places identity commit — skipped (Google Places data already cached (placesDataCachedAt set))

Re-scanning issues...
  Issues: 1 created, 0 resolved, 4 unchanged

════════════════════════════════════════════════════════════
Enrichment summary: Tacos Guelaguetza
════════════════════════════════════════════════════════════
  · Stage 1: Google Places identity commit (skipped)
  · Stage 2: Surface discovery (skipped)
  · Stage 3: Surface fetch (skipped)
  · Stage 4: Surface parse (skipped)
  · Stage 5: Identity signal extraction (AI) (skipped)
  · Stage 6: Website enrichment (skipped)
  · Stage 7: Tagline generation (AI) (skipped)


[2026-03-16T20:27:37.387Z] Process exited with code: 0
