[2026-03-16T20:26:54.465Z] Running stage 1 (Google Places identity commit) only for kismet-restaurant-4-iconic-los-feliz-middle-eastern
[dotenv@17.2.3] injecting env (0) from .env -- tip: 🔐 encrypt with Dotenvx: https://dotenvx.com
[dotenv@17.2.3] injecting env (19) from .env.local -- tip: ⚙️  suppress all logs with { quiet: true }

Enrich: Kismet (kismet-restaurant-4-iconic-los-feliz-middle-eastern)
  ID:      f436943b-1eac-4f11-8610-fe773f0ded66
  Website: http://kismetla.com/
  GPID:    ChIJD1Q7U6zAwoAR5-VymMH76V0

Stage 1: Google Places identity commit — skipped (Google Places data already cached (placesDataCachedAt set))

Re-scanning issues...
  Issues: 1 created, 0 resolved, 2 unchanged

════════════════════════════════════════════════════════════
Enrichment summary: Kismet
════════════════════════════════════════════════════════════
  · Stage 1: Google Places identity commit (skipped)
  · Stage 2: Surface discovery (skipped)
  · Stage 3: Surface fetch (skipped)
  · Stage 4: Surface parse (skipped)
  · Stage 5: Identity signal extraction (AI) (skipped)
  · Stage 6: Website enrichment (skipped)
  · Stage 7: Tagline generation (AI) (skipped)


[2026-03-16T20:26:56.318Z] Process exited with code: 0
