[2026-03-16T20:28:30.482Z] Running stage 1 (Google Places identity commit) only for childrens-book-world
[dotenv@17.2.3] injecting env (0) from .env -- tip: ⚙️  override existing env vars with { override: true }
[dotenv@17.2.3] injecting env (19) from .env.local -- tip: ⚙️  suppress all logs with { quiet: true }

Enrich: Children's Book World and CBW Teens and Adults (childrens-book-world)
  ID:      378955d8-8962-4b6e-a044-179cbd97e4cc
  Website: https://childrensbookworld.com/
  GPID:    ChIJgfriGr67woARqJd_GIXP1ZA

Stage 1: Google Places identity commit — skipped (Google Places data already cached (placesDataCachedAt set))

Re-scanning issues...
  Issues: 1 created, 0 resolved, 5 unchanged

════════════════════════════════════════════════════════════
Enrichment summary: Children's Book World and CBW Teens and Adults
════════════════════════════════════════════════════════════
  · Stage 1: Google Places identity commit (skipped)
  · Stage 2: Surface discovery (skipped)
  · Stage 3: Surface fetch (skipped)
  · Stage 4: Surface parse (skipped)
  · Stage 5: Identity signal extraction (AI) (skipped)
  · Stage 6: Website enrichment (skipped)
  · Stage 7: Tagline generation (AI) (skipped)


[2026-03-16T20:28:32.944Z] Process exited with code: 0
