[2026-03-16T20:27:37.205Z] Running stage 1 (Google Places identity commit) only for tacos-la-guera
[dotenv@17.2.3] injecting env (0) from .env -- tip: 📡 add observability to secrets: https://dotenvx.com/ops
[dotenv@17.2.3] injecting env (19) from .env.local -- tip: 📡 add observability to secrets: https://dotenvx.com/ops

Enrich: Tacos La Güera (tacos-la-guera)
  ID:      b2bc0ff6-1ae2-4b9a-bd93-e09ffbdafdca
  Website: https://www.lagueratacos.com/
  GPID:    ChIJPUYty93FwoARiOTepFrjTf0

Stage 1: Google Places identity commit — skipped (Google Places data already cached (placesDataCachedAt set))

Re-scanning issues...
  Issues: 1 created, 0 resolved, 3 unchanged

════════════════════════════════════════════════════════════
Enrichment summary: Tacos La Güera
════════════════════════════════════════════════════════════
  · Stage 1: Google Places identity commit (skipped)
  · Stage 2: Surface discovery (skipped)
  · Stage 3: Surface fetch (skipped)
  · Stage 4: Surface parse (skipped)
  · Stage 5: Identity signal extraction (AI) (skipped)
  · Stage 6: Website enrichment (skipped)
  · Stage 7: Tagline generation (AI) (skipped)


[2026-03-16T20:27:39.055Z] Process exited with code: 0
