[2026-03-16T23:40:30.566Z] Running stage 1 (Google Places identity commit) only for republique
[dotenv@17.2.3] injecting env (0) from .env -- tip: 🔐 encrypt with Dotenvx: https://dotenvx.com
[dotenv@17.2.3] injecting env (19) from .env.local -- tip: ⚙️  load multiple .env files with { path: ['.env.local', '.env'] }

Enrich: République Café Bakery & République Restaurant (republique)
  ID:      place_republique_1773195234833
  Website: http://www.republiquela.com/
  GPID:    ChIJqaA5zt-4woARHGIEp3XlsZo
  ✓ needs_human_review cleared

Re-scanning issues...
  Issues: 0 created, 0 resolved, 2 unchanged

════════════════════════════════════════════════════════════
Enrichment summary: République Café Bakery & République Restaurant
════════════════════════════════════════════════════════════
  · Stage 1: Google Places identity commit (skipped)
  · Stage 2: Surface discovery (skipped)
  · Stage 3: Surface fetch (skipped)
  · Stage 4: Surface parse (skipped)
  · Stage 5: Identity signal extraction (AI) (skipped)
  · Stage 6: Website enrichment (skipped)
  · Stage 7: Tagline generation (AI) (skipped)


[2026-03-16T23:40:32.355Z] Process exited with code: 0
