[2026-03-16T20:28:35.315Z] Running stage 1 (Google Places identity commit) only for sunken-city-books
[dotenv@17.2.3] injecting env (0) from .env -- tip: 👥 sync secrets across teammates & machines: https://dotenvx.com/ops
[dotenv@17.2.3] injecting env (19) from .env.local -- tip: ⚙️  override existing env vars with { override: true }

Enrich: Sunken City (sunken-city-books)
  ID:      d9879734-5669-47b1-baf7-8febe5dcfa58
  Website: —
  GPID:    ChIJsXW0WZg33YARSqFWwRGLWH0

Stage 1: Google Places identity commit — skipped (Google Places data already cached (placesDataCachedAt set))

Re-scanning issues...
  Issues: 1 created, 0 resolved, 8 unchanged

════════════════════════════════════════════════════════════
Enrichment summary: Sunken City
════════════════════════════════════════════════════════════
  · Stage 1: Google Places identity commit (skipped)
  · Stage 2: Surface discovery (skipped)
  · Stage 3: Surface fetch (skipped)
  · Stage 4: Surface parse (skipped)
  · Stage 5: Identity signal extraction (AI) (skipped)
  · Stage 6: Website enrichment (skipped)
  · Stage 7: Tagline generation (AI) (skipped)


[2026-03-16T20:28:37.367Z] Process exited with code: 0
