[2026-03-16T23:40:33.843Z] Running stage 1 (Google Places identity commit) only for gold-diggers-hotel-hotel-boutique-east-hollywood-music-venue-bar-hotel-hybrid-18
[dotenv@17.2.3] injecting env (0) from .env -- tip: ⚙️  write to custom object with { processEnv: myObject }
[dotenv@17.2.3] injecting env (19) from .env.local -- tip: ⚙️  suppress all logs with { quiet: true }

Enrich: Gold Diggers Bar (gold-diggers-hotel-hotel-boutique-east-hollywood-music-venue-bar-hotel-hybrid-18)
  ID:      9d00545a-819b-4915-b1e6-2fab555fb7d0
  Website: https://gold-diggers.com/pages/drink
  GPID:    ChIJRzgRy3-5woARAjIJY4NIfPk
  ✓ needs_human_review cleared

Re-scanning issues...
  Issues: 0 created, 0 resolved, 5 unchanged

════════════════════════════════════════════════════════════
Enrichment summary: Gold Diggers Bar
════════════════════════════════════════════════════════════
  · Stage 1: Google Places identity commit (skipped)
  · Stage 2: Surface discovery (skipped)
  · Stage 3: Surface fetch (skipped)
  · Stage 4: Surface parse (skipped)
  · Stage 5: Identity signal extraction (AI) (skipped)
  · Stage 6: Website enrichment (skipped)
  · Stage 7: Tagline generation (AI) (skipped)


[2026-03-16T23:40:35.765Z] Process exited with code: 0
