[2026-03-16T20:27:30.514Z] Running stage 1 (Google Places identity commit) only for antojitos-los-cuates
[dotenv@17.2.3] injecting env (0) from .env -- tip: 🔑 add access controls to secrets: https://dotenvx.com/ops
[dotenv@17.2.3] injecting env (19) from .env.local -- tip: ✅ audit secrets and track compliance: https://dotenvx.com/ops

Enrich: Antojitos Los Cuates cenaduria (antojitos-los-cuates)
  ID:      8ab4dd7a-c460-4fdd-abdd-c77dd29c3f44
  Website: http://orderantojitosloscuates.mobile-webview6.com/
  GPID:    ChIJCUWtQJvMwoAR7KzAi4a4XXA

Stage 1: Google Places identity commit — skipped (Google Places data already cached (placesDataCachedAt set))

Re-scanning issues...
  Issues: 1 created, 0 resolved, 4 unchanged

════════════════════════════════════════════════════════════
Enrichment summary: Antojitos Los Cuates cenaduria
════════════════════════════════════════════════════════════
  · Stage 1: Google Places identity commit (skipped)
  · Stage 2: Surface discovery (skipped)
  · Stage 3: Surface fetch (skipped)
  · Stage 4: Surface parse (skipped)
  · Stage 5: Identity signal extraction (AI) (skipped)
  · Stage 6: Website enrichment (skipped)
  · Stage 7: Tagline generation (AI) (skipped)


[2026-03-16T20:27:32.487Z] Process exited with code: 0
