[2026-03-16T23:40:37.234Z] Running stage 1 (Google Places identity commit) only for dan-tanas
[dotenv@17.2.3] injecting env (0) from .env -- tip: 🔐 prevent committing .env to code: https://dotenvx.com/precommit
[dotenv@17.2.3] injecting env (19) from .env.local -- tip: ⚙️  suppress all logs with { quiet: true }

Enrich: Dan Tana's (dan-tanas)
  ID:      5af44f91-e94d-41a8-a44f-b7d67d9a6fc8
  Website: https://dantanasrestaurant.com/
  GPID:    ChIJreK-k6i-woARSyd335Nkcr0

Re-scanning issues...
  Issues: 0 created, 0 resolved, 4 unchanged

════════════════════════════════════════════════════════════
Enrichment summary: Dan Tana's
════════════════════════════════════════════════════════════
  · Stage 1: Google Places identity commit (skipped)
  · Stage 2: Surface discovery (skipped)
  · Stage 3: Surface fetch (skipped)
  · Stage 4: Surface parse (skipped)
  · Stage 5: Identity signal extraction (AI) (skipped)
  · Stage 6: Website enrichment (skipped)
  · Stage 7: Tagline generation (AI) (skipped)


[2026-03-16T23:40:39.258Z] Process exited with code: 0
