[2026-03-16T20:05:18.619Z] Running stage 1 (Google Places identity commit) only for quarter-sheets
[dotenv@17.2.3] injecting env (0) from .env -- tip: 🔑 add access controls to secrets: https://dotenvx.com/ops
[dotenv@17.2.3] injecting env (19) from .env.local -- tip: ⚙️  load multiple .env files with { path: ['.env.local', '.env'] }

Enrich: Quarter Sheets (quarter-sheets)
  ID:      eef1d604-c46b-479e-a683-23799546fb77
  Website: http://www.quartersheetspizza.com/
  GPID:    ChIJRSM0cUvHwoAR5stWQtCvfUs

Stage 1: Google Places identity commit — skipped (Google Places data already cached (placesDataCachedAt set))

Re-scanning issues...
  Issues: 1 created, 0 resolved, 5 unchanged

════════════════════════════════════════════════════════════
Enrichment summary: Quarter Sheets
════════════════════════════════════════════════════════════
  · Stage 1: Google Places identity commit (skipped)
  · Stage 2: Surface discovery (skipped)
  · Stage 3: Surface fetch (skipped)
  · Stage 4: Surface parse (skipped)
  · Stage 5: Identity signal extraction (AI) (skipped)
  · Stage 6: Website enrichment (skipped)
  · Stage 7: Tagline generation (AI) (skipped)


[2026-03-16T20:05:20.773Z] Process exited with code: 0
