[2026-03-16T22:59:45.312Z] Starting enrichment for unknown-6293f468
[dotenv@17.2.3] injecting env (0) from .env -- tip: ⚙️  write to custom object with { processEnv: myObject }
[dotenv@17.2.3] injecting env (19) from .env.local -- tip: ⚙️  specify custom .env file path with { path: '/custom/path/.env' }

Enrich: New Beverly Cinema (unknown-6293f468)
  ID:      6293f468-ecaa-40ca-a2e1-ba8ddd2cefcd
  Website: http://thenewbev.com/
  GPID:    ChIJLfFFL9a4woARRBcUFGpcO9M

Stage 2: Surface discovery — skipped (surface rows already exist)

────────────────────────────────────────────────────────────
Stage 3: Surface fetch
  node -r ./scripts/load-env.js ./node_modules/.bin/tsx scripts/run-surface-fetch.ts --entity-id=6293f468-ecaa-40ca-a2e1-ba8ddd2cefcd --limit=20
────────────────────────────────────────────────────────────
[dotenv@17.2.3] injecting env (0) from .env -- tip: 🔑 add access controls to secrets: https://dotenvx.com/ops
[dotenv@17.2.3] injecting env (19) from .env.local -- tip: ⚙️  suppress all logs with { quiet: true }
[dotenv@17.2.3] injecting env (0) from .env -- tip: 👥 sync secrets across teammates & machines: https://dotenvx.com/ops
[dotenv@17.2.3] injecting env (19) from .env.local -- tip: 🔄 add secrets lifecycle management: https://dotenvx.com/ops
📥 Merchant Surface Fetch Pass

Found 3 discovered surfaces to fetch

  [about] https://thenewbev.com/about/ … ↩ deduped
  [contact] https://thenewbev.com/contact/ … ↩ deduped
  [about] https://thenewbev.com/about#glossary … ↩ deduped

━━━━━━━━━━━━━━━━━━━━━━━━━━━━━━━━━━━━
✅ Fetch pass complete
   Surfaces processed : 3
   Captured (new rows) : 0
   Deduped (skipped)   : 3
   Failed              : 0
  ✓ enrichment_stage updated to 3

Stage 4: Surface parse — skipped (no surfaces pending parse)

────────────────────────────────────────────────────────────
Stage 5: Identity signal extraction (AI)
  node -r ./scripts/load-env.js ./node_modules/.bin/tsx scripts/extract-identity-signals.ts --place=New Beverly Cinema
────────────────────────────────────────────────────────────
[dotenv@17.2.3] injecting env (0) from .env -- tip: 🔐 prevent building .env in docker: https://dotenvx.com/prebuild
[dotenv@17.2.3] injecting env (19) from .env.local -- tip: 🔑 add access controls to secrets: https://dotenvx.com/ops

🔮 Saiko Maps — Identity Signal Extraction
==========================================
🔸 Single place: "New Beverly Cinema"
🔸 Concurrency: 5

📍 Found 1 places to process
   (1 in canonical scope · 1 unprocessed · 1 with extractable content)


[Batch 1/1] Processing 1 places...
[1/1] New Beverly Cinema
    Held (confidence 0.15) — write skipped, will retry when content improves

==========================================
📊 EXTRACTION SUMMARY
==========================================
Total processed:   1
Extracted:         0
Held (low conf):   1  ← not written, will retry
Skipped (no data): 0
Failed:            0

By Confidence Tier:
  Publish (≥0.7):  0
  Review (0.4-0.7): 0
  Hold (<0.4):     1

By Input Quality:
  Good (2+ sources): 0
  Partial (1 source): 1
  Minimal:          0
  None:             0
==========================================

✅ Database updated
  ✓ enrichment_stage updated to 5

Stage 6: Website enrichment — skipped (last_enriched_at already set)

────────────────────────────────────────────────────────────
Stage 7: Tagline generation (AI)
  node -r ./scripts/load-env.js ./node_modules/.bin/tsx scripts/generate-taglines-v2.ts --place=New Beverly Cinema
────────────────────────────────────────────────────────────
[dotenv@17.2.3] injecting env (0) from .env -- tip: 🔑 add access controls to secrets: https://dotenvx.com/ops
[dotenv@17.2.3] injecting env (19) from .env.local -- tip: ⚙️  override existing env vars with { override: true }

🎙️  Saiko Voice Engine v2.0 — Tagline Generator
==========================================
🔸 Single place: "New Beverly Cinema"
🔸 Concurrency: 5

📍 Fetching records with identity signals...
📍 Found 0 places to process

No records to process. Exiting.
  ✓ enrichment_stage updated to 7
  ✓ last_enriched_at updated

Re-scanning issues...
  Issues: 0 created, 1 resolved, 5 unchanged

════════════════════════════════════════════════════════════
Enrichment summary: New Beverly Cinema
════════════════════════════════════════════════════════════
  · Stage 1: Google Places identity commit (skipped)
  · Stage 2: Surface discovery (skipped)
  ✓ Stage 3: Surface fetch (ran)
  · Stage 4: Surface parse (skipped)
  ✓ Stage 5: Identity signal extraction (AI) (ran)
  · Stage 6: Website enrichment (skipped)
  ✓ Stage 7: Tagline generation (AI) (ran)


[2026-03-16T22:59:56.343Z] Process exited with code: 0
