[2026-03-16T20:05:57.650Z] Running stage 1 (Google Places identity commit) only for lasa-restaurant-4-iconic-filipino-chinatown
[dotenv@17.2.3] injecting env (0) from .env -- tip: ⚙️  enable debug logging with { debug: true }
[dotenv@17.2.3] injecting env (19) from .env.local -- tip: 🗂️ backup and recover secrets: https://dotenvx.com/ops

Enrich: Lasita Rotisserie & Natural Wine (lasa-restaurant-4-iconic-filipino-chinatown)
  ID:      639c93a2-47d5-46f0-9c08-1a373e2ab7dd
  Website: http://www.lasita-la.com/
  GPID:    ChIJk3enX1rGwoARARB8Q8dTh1I

Stage 1: Google Places identity commit — skipped (Google Places data already cached (placesDataCachedAt set))
  ✓ needs_human_review cleared

Re-scanning issues...
  Issues: 1 created, 0 resolved, 2 unchanged

════════════════════════════════════════════════════════════
Enrichment summary: Lasita Rotisserie & Natural Wine
════════════════════════════════════════════════════════════
  · Stage 1: Google Places identity commit (skipped)
  · Stage 2: Surface discovery (skipped)
  · Stage 3: Surface fetch (skipped)
  · Stage 4: Surface parse (skipped)
  · Stage 5: Identity signal extraction (AI) (skipped)
  · Stage 6: Website enrichment (skipped)
  · Stage 7: Tagline generation (AI) (skipped)


[2026-03-16T20:06:00.632Z] Process exited with code: 0
