[2026-03-16T23:40:36.065Z] Running stage 1 (Google Places identity commit) only for n-naka-restaurant-2-michelin-2-michelin-stars-kaiseki
[dotenv@17.2.3] injecting env (0) from .env -- tip: 📡 add observability to secrets: https://dotenvx.com/ops
[dotenv@17.2.3] injecting env (19) from .env.local -- tip: ✅ audit secrets and track compliance: https://dotenvx.com/ops

Enrich: n/naka (n-naka-restaurant-2-michelin-2-michelin-stars-kaiseki)
  ID:      24e266d3-35c4-48a3-bec4-4986bc264033
  Website: https://n-naka.com/
  GPID:    ChIJb7GeyDS6woAROVvLEUiLZEk
  ✓ needs_human_review cleared

Re-scanning issues...
  Issues: 0 created, 0 resolved, 3 unchanged

════════════════════════════════════════════════════════════
Enrichment summary: n/naka
════════════════════════════════════════════════════════════
  · Stage 1: Google Places identity commit (skipped)
  · Stage 2: Surface discovery (skipped)
  · Stage 3: Surface fetch (skipped)
  · Stage 4: Surface parse (skipped)
  · Stage 5: Identity signal extraction (AI) (skipped)
  · Stage 6: Website enrichment (skipped)
  · Stage 7: Tagline generation (AI) (skipped)


[2026-03-16T23:40:38.710Z] Process exited with code: 0
