[2026-03-16T20:27:26.358Z] Running stage 1 (Google Places identity commit) only for taqueria-frontera-cypress-park
[dotenv@17.2.3] injecting env (0) from .env -- tip: 🔐 encrypt with Dotenvx: https://dotenvx.com
[dotenv@17.2.3] injecting env (19) from .env.local -- tip: 🔐 encrypt with Dotenvx: https://dotenvx.com

Enrich: Taqueria Frontera (taqueria-frontera-cypress-park)
  ID:      6ba4be1d-ad74-4b7e-afb3-6a801090f358
  Website: NONE
  GPID:    ChIJq-wlGADHwoARfnCcqPOh9Jw

Stage 1: Google Places identity commit — skipped (Google Places data already cached (placesDataCachedAt set))

Re-scanning issues...
  Issues: 1 created, 0 resolved, 3 unchanged

════════════════════════════════════════════════════════════
Enrichment summary: Taqueria Frontera
════════════════════════════════════════════════════════════
  · Stage 1: Google Places identity commit (skipped)
  · Stage 2: Surface discovery (skipped)
  · Stage 3: Surface fetch (skipped)
  · Stage 4: Surface parse (skipped)
  · Stage 5: Identity signal extraction (AI) (skipped)
  · Stage 6: Website enrichment (skipped)
  · Stage 7: Tagline generation (AI) (skipped)


[2026-03-16T20:27:28.301Z] Process exited with code: 0
