[2026-03-16T20:27:49.042Z] Running stage 1 (Google Places identity commit) only for luv2eat-thai-bistro
[dotenv@17.2.3] injecting env (0) from .env -- tip: ⚙️  specify custom .env file path with { path: '/custom/path/.env' }
[dotenv@17.2.3] injecting env (19) from .env.local -- tip: 👥 sync secrets across teammates & machines: https://dotenvx.com/ops

Enrich: Luv2eat Thai Bistro (luv2eat-thai-bistro)
  ID:      6c6f0be2-15dc-49a3-a74d-5bf30dedbdc0
  Website: https://luv2eatthaibistro.com/?utm_source=google
  GPID:    ChIJice5PyW_woARfsR5aDz03K0

Stage 1: Google Places identity commit — skipped (Google Places data already cached (placesDataCachedAt set))

Re-scanning issues...
  Issues: 1 created, 0 resolved, 5 unchanged

════════════════════════════════════════════════════════════
Enrichment summary: Luv2eat Thai Bistro
════════════════════════════════════════════════════════════
  · Stage 1: Google Places identity commit (skipped)
  · Stage 2: Surface discovery (skipped)
  · Stage 3: Surface fetch (skipped)
  · Stage 4: Surface parse (skipped)
  · Stage 5: Identity signal extraction (AI) (skipped)
  · Stage 6: Website enrichment (skipped)
  · Stage 7: Tagline generation (AI) (skipped)


[2026-03-16T20:27:51.162Z] Process exited with code: 0
