[2026-03-16T20:27:39.765Z] Running stage 1 (Google Places identity commit) only for sapp-coffee-shop
[dotenv@17.2.3] injecting env (0) from .env -- tip: ⚙️  suppress all logs with { quiet: true }
[dotenv@17.2.3] injecting env (19) from .env.local -- tip: 🔄 add secrets lifecycle management: https://dotenvx.com/ops

Enrich: Sapp Coffee Shop Thai Restaurant (sapp-coffee-shop)
  ID:      eaf672d2-0318-4a9d-9f20-6f24c70891f5
  Website: https://sappcoffeeshop.com/?utm_source=google
  GPID:    ChIJN3x6HVe_woARUmO6EWElp4A

Stage 1: Google Places identity commit — skipped (Google Places data already cached (placesDataCachedAt set))

Re-scanning issues...
  Issues: 1 created, 0 resolved, 5 unchanged

════════════════════════════════════════════════════════════
Enrichment summary: Sapp Coffee Shop Thai Restaurant
════════════════════════════════════════════════════════════
  · Stage 1: Google Places identity commit (skipped)
  · Stage 2: Surface discovery (skipped)
  · Stage 3: Surface fetch (skipped)
  · Stage 4: Surface parse (skipped)
  · Stage 5: Identity signal extraction (AI) (skipped)
  · Stage 6: Website enrichment (skipped)
  · Stage 7: Tagline generation (AI) (skipped)


[2026-03-16T20:27:42.203Z] Process exited with code: 0
