[2026-03-16T20:28:15.738Z] Running stage 1 (Google Places identity commit) only for fingerprints-music
[dotenv@17.2.3] injecting env (0) from .env -- tip: ⚙️  enable debug logging with { debug: true }
[dotenv@17.2.3] injecting env (19) from .env.local -- tip: ⚙️  write to custom object with { processEnv: myObject }

Enrich: Fingerprints Music (fingerprints-music)
  ID:      55521a21-0732-43f9-b7a7-1026f645a33a
  Website: http://www.fingerprintsmusic.com/
  GPID:    ChIJd8eytUsw3YARE42RR8Pbn6U

Stage 1: Google Places identity commit — skipped (Google Places data already cached (placesDataCachedAt set))

Re-scanning issues...
  Issues: 1 created, 0 resolved, 6 unchanged

════════════════════════════════════════════════════════════
Enrichment summary: Fingerprints Music
════════════════════════════════════════════════════════════
  · Stage 1: Google Places identity commit (skipped)
  · Stage 2: Surface discovery (skipped)
  · Stage 3: Surface fetch (skipped)
  · Stage 4: Surface parse (skipped)
  · Stage 5: Identity signal extraction (AI) (skipped)
  · Stage 6: Website enrichment (skipped)
  · Stage 7: Tagline generation (AI) (skipped)


[2026-03-16T20:28:18.058Z] Process exited with code: 0
