[2026-03-16T20:28:18.291Z] Running stage 1 (Google Places identity commit) only for rubycon-records-and-tapes
[dotenv@17.2.3] injecting env (0) from .env -- tip: 🔐 prevent committing .env to code: https://dotenvx.com/precommit
[dotenv@17.2.3] injecting env (19) from .env.local -- tip: ⚙️  write to custom object with { processEnv: myObject }

Enrich: Rubycon Records and Tapes (rubycon-records-and-tapes)
  ID:      4602a5a1-3b0d-4232-b363-98c744181410
  Website: http://rubyconrecords.com/
  GPID:    ChIJYbiD-QzHwoARv7I1rMfSlAI

Stage 1: Google Places identity commit — skipped (Google Places data already cached (placesDataCachedAt set))

Re-scanning issues...
  Issues: 0 created, 0 resolved, 8 unchanged

════════════════════════════════════════════════════════════
Enrichment summary: Rubycon Records and Tapes
════════════════════════════════════════════════════════════
  · Stage 1: Google Places identity commit (skipped)
  · Stage 2: Surface discovery (skipped)
  · Stage 3: Surface fetch (skipped)
  · Stage 4: Surface parse (skipped)
  · Stage 5: Identity signal extraction (AI) (skipped)
  · Stage 6: Website enrichment (skipped)
  · Stage 7: Tagline generation (AI) (skipped)


[2026-03-16T20:28:20.896Z] Process exited with code: 0
