[2026-03-16T20:28:59.607Z] Running stage 1 (Google Places identity commit) only for q-sushi
[dotenv@17.2.3] injecting env (0) from .env -- tip: ✅ audit secrets and track compliance: https://dotenvx.com/ops
[dotenv@17.2.3] injecting env (19) from .env.local -- tip: 🔑 add access controls to secrets: https://dotenvx.com/ops

Enrich: Q Sushi Bar & Kitchen (q-sushi)
  ID:      7ee32fbb-2e3c-4299-9be4-072e6f5b4de5
  Website: http://qsushibarkitchen.com/
  GPID:    ChIJ5_u0fmQFkFQRZbuxNHzXJ20

Stage 1: Google Places identity commit — skipped (Google Places data already cached (placesDataCachedAt set))

Re-scanning issues...
  Issues: 1 created, 0 resolved, 4 unchanged

════════════════════════════════════════════════════════════
Enrichment summary: Q Sushi Bar & Kitchen
════════════════════════════════════════════════════════════
  · Stage 1: Google Places identity commit (skipped)
  · Stage 2: Surface discovery (skipped)
  · Stage 3: Surface fetch (skipped)
  · Stage 4: Surface parse (skipped)
  · Stage 5: Identity signal extraction (AI) (skipped)
  · Stage 6: Website enrichment (skipped)
  · Stage 7: Tagline generation (AI) (skipped)


[2026-03-16T20:29:02.483Z] Process exited with code: 0
