[2026-03-16T20:29:00.337Z] Running stage 1 (Google Places identity commit) only for bub-and-grandmas
[dotenv@17.2.3] injecting env (0) from .env -- tip: ⚙️  load multiple .env files with { path: ['.env.local', '.env'] }
[dotenv@17.2.3] injecting env (19) from .env.local -- tip: 🔐 encrypt with Dotenvx: https://dotenvx.com

Enrich: Bub and Grandma's Restaurant (bub-and-grandmas)
  ID:      6abcf235-3d29-4ec1-bbd7-52b6f3ce9529
  Website: http://bubandgrandmas.com/
  GPID:    ChIJgdLZJ7zBwoARQGXVpOAYiT4

Stage 1: Google Places identity commit — skipped (Google Places data already cached (placesDataCachedAt set))
  ✓ needs_human_review cleared

Re-scanning issues...
  Issues: 1 created, 0 resolved, 5 unchanged

════════════════════════════════════════════════════════════
Enrichment summary: Bub and Grandma's Restaurant
════════════════════════════════════════════════════════════
  · Stage 1: Google Places identity commit (skipped)
  · Stage 2: Surface discovery (skipped)
  · Stage 3: Surface fetch (skipped)
  · Stage 4: Surface parse (skipped)
  · Stage 5: Identity signal extraction (AI) (skipped)
  · Stage 6: Website enrichment (skipped)
  · Stage 7: Tagline generation (AI) (skipped)


[2026-03-16T20:29:03.518Z] Process exited with code: 0
