[2026-03-16T20:28:10.370Z] Running stage 1 (Google Places identity commit) only for de-la-playa
[dotenv@17.2.3] injecting env (0) from .env -- tip: ⚙️  suppress all logs with { quiet: true }
[dotenv@17.2.3] injecting env (19) from .env.local -- tip: 🔑 add access controls to secrets: https://dotenvx.com/ops

Enrich: De La Playa Records & Leisure (de-la-playa)
  ID:      69cbcace-e4a0-4961-8ef7-14bdd0cd817a
  Website: https://www.delaplayamusic.com/
  GPID:    ChIJJ8ordwDFwoARushRAHurxUU

Stage 1: Google Places identity commit — skipped (Google Places data already cached (placesDataCachedAt set))

Re-scanning issues...
  Issues: 1 created, 0 resolved, 7 unchanged

════════════════════════════════════════════════════════════
Enrichment summary: De La Playa Records & Leisure
════════════════════════════════════════════════════════════
  · Stage 1: Google Places identity commit (skipped)
  · Stage 2: Surface discovery (skipped)
  · Stage 3: Surface fetch (skipped)
  · Stage 4: Surface parse (skipped)
  · Stage 5: Identity signal extraction (AI) (skipped)
  · Stage 6: Website enrichment (skipped)
  · Stage 7: Tagline generation (AI) (skipped)


[2026-03-16T20:28:12.986Z] Process exited with code: 0
