[2026-03-16T23:40:36.786Z] Running stage 1 (Google Places identity commit) only for silver-lake-pool-and-inn-hotel-hotel-boutique-relaxed-organic-vibe-silver-lake-e
[dotenv@17.2.3] injecting env (0) from .env -- tip: 📡 add observability to secrets: https://dotenvx.com/ops
[dotenv@17.2.3] injecting env (19) from .env.local -- tip: ⚙️  load multiple .env files with { path: ['.env.local', '.env'] }

Enrich: Silver Lake Pool & Inn (silver-lake-pool-and-inn-hotel-hotel-boutique-relaxed-organic-vibe-silver-lake-e)
  ID:      048ab187-5259-4718-bae3-3ad6f7239311
  Website: https://www.palisociety.com/hotels/silverlake
  GPID:    ChIJB7x_3E7HwoARby2w2st4Mwg
  ✓ needs_human_review cleared

Re-scanning issues...
  Issues: 0 created, 0 resolved, 5 unchanged

════════════════════════════════════════════════════════════
Enrichment summary: Silver Lake Pool & Inn
════════════════════════════════════════════════════════════
  · Stage 1: Google Places identity commit (skipped)
  · Stage 2: Surface discovery (skipped)
  · Stage 3: Surface fetch (skipped)
  · Stage 4: Surface parse (skipped)
  · Stage 5: Identity signal extraction (AI) (skipped)
  · Stage 6: Website enrichment (skipped)
  · Stage 7: Tagline generation (AI) (skipped)


[2026-03-16T23:40:39.171Z] Process exited with code: 0
