[2026-03-16T20:27:34.478Z] Running stage 1 (Google Places identity commit) only for el-cocinero-restaurant
[dotenv@17.2.3] injecting env (0) from .env -- tip: 🗂️ backup and recover secrets: https://dotenvx.com/ops
[dotenv@17.2.3] injecting env (19) from .env.local -- tip: 🗂️ backup and recover secrets: https://dotenvx.com/ops

Enrich: El Cocinero Restaurant (el-cocinero-restaurant)
  ID:      6f71e809-889e-4f38-b080-fa567474700d
  Website: https://www.elcocinerorestaurant.com/
  GPID:    ChIJ1U5OrY-XwoARZTJ13C_2TG0

Stage 1: Google Places identity commit — skipped (Google Places data already cached (placesDataCachedAt set))

Re-scanning issues...
  Issues: 1 created, 0 resolved, 4 unchanged

════════════════════════════════════════════════════════════
Enrichment summary: El Cocinero Restaurant
════════════════════════════════════════════════════════════
  · Stage 1: Google Places identity commit (skipped)
  · Stage 2: Surface discovery (skipped)
  · Stage 3: Surface fetch (skipped)
  · Stage 4: Surface parse (skipped)
  · Stage 5: Identity signal extraction (AI) (skipped)
  · Stage 6: Website enrichment (skipped)
  · Stage 7: Tagline generation (AI) (skipped)


[2026-03-16T20:27:36.524Z] Process exited with code: 0
