[2026-03-17T23:33:27.223Z] Running stage 1 (Google Places identity commit) only for seco
[dotenv@17.2.3] injecting env (0) from .env -- tip: ⚙️  load multiple .env files with { path: ['.env.local', '.env'] }
[dotenv@17.2.3] injecting env (18) from .env.local -- tip: 🛠️  run anywhere with `dotenvx run -- yourcommand`

Enrich: Seco (seco)
  ID:      place_seco_1773195233878
  Website: https://www.instagram.com/seco.silverlake
  GPID:    ChIJqXVPrFnHwoARHRmEYTHmXzw
  ✓ needs_human_review cleared

Re-scanning issues...
  Issues: 0 created, 0 resolved, 3 unchanged

════════════════════════════════════════════════════════════
Enrichment summary: Seco
════════════════════════════════════════════════════════════
  · Stage 1: Google Places identity commit (skipped)
  · Stage 2: Surface discovery (skipped)
  · Stage 3: Surface fetch (skipped)
  · Stage 4: Surface parse (skipped)
  · Stage 5: Identity signal extraction (AI) (skipped)
  · Stage 6: Website enrichment (skipped)
  · Stage 7: Tagline generation (AI) (skipped)


[2026-03-17T23:33:28.884Z] Process exited with code: 0
