[2026-03-16T23:40:32.348Z] Running stage 1 (Google Places identity commit) only for unknown-3c9d8a08
[dotenv@17.2.3] injecting env (0) from .env -- tip: 👥 sync secrets across teammates & machines: https://dotenvx.com/ops
[dotenv@17.2.3] injecting env (19) from .env.local -- tip: 📡 add observability to secrets: https://dotenvx.com/ops

Enrich: Natural History Museum of Los Angeles County (unknown-3c9d8a08)
  ID:      3c9d8a08-a6c7-4a1a-a358-46e3eab15faf
  Website: https://nhm.org/
  GPID:    ChIJXzARBf3HwoARJyT7uZSV-G4

Re-scanning issues...
  Issues: 0 created, 0 resolved, 3 unchanged

════════════════════════════════════════════════════════════
Enrichment summary: Natural History Museum of Los Angeles County
════════════════════════════════════════════════════════════
  · Stage 1: Google Places identity commit (skipped)
  · Stage 2: Surface discovery (skipped)
  · Stage 3: Surface fetch (skipped)
  · Stage 4: Surface parse (skipped)
  · Stage 5: Identity signal extraction (AI) (skipped)
  · Stage 6: Website enrichment (skipped)
  · Stage 7: Tagline generation (AI) (skipped)


[2026-03-16T23:40:34.077Z] Process exited with code: 0
