[2026-03-16T23:40:37.613Z] Running stage 1 (Google Places identity commit) only for union-liquor-market-westlake
[dotenv@17.2.3] injecting env (0) from .env -- tip: 🔐 prevent building .env in docker: https://dotenvx.com/prebuild
[dotenv@17.2.3] injecting env (19) from .env.local -- tip: ⚙️  override existing env vars with { override: true }

Enrich: Union Liquor Market (union-liquor-market-westlake)
  ID:      183ec1f5-4f3d-4ea9-af3c-2dd28e01379d
  Website: —
  GPID:    ChIJAwgTXgjHwoARJ8Zj9BQYOwA

Re-scanning issues...
  Issues: 0 created, 0 resolved, 6 unchanged

════════════════════════════════════════════════════════════
Enrichment summary: Union Liquor Market
════════════════════════════════════════════════════════════
  · Stage 1: Google Places identity commit (skipped)
  · Stage 2: Surface discovery (skipped)
  · Stage 3: Surface fetch (skipped)
  · Stage 4: Surface parse (skipped)
  · Stage 5: Identity signal extraction (AI) (skipped)
  · Stage 6: Website enrichment (skipped)
  · Stage 7: Tagline generation (AI) (skipped)


[2026-03-16T23:40:40.167Z] Process exited with code: 0
