[2026-03-16T20:06:27.115Z] Running stage 1 (Google Places identity commit) only for lowboy
[dotenv@17.2.3] injecting env (0) from .env -- tip: 🔑 add access controls to secrets: https://dotenvx.com/ops
[dotenv@17.2.3] injecting env (19) from .env.local -- tip: 🔄 add secrets lifecycle management: https://dotenvx.com/ops

Enrich: Lowboy (lowboy)
  ID:      99e620b0-6ac0-4cad-87e4-571ebe353274
  Website: http://www.lowboybar.com/
  GPID:    ChIJGbrA4GHHwoARpSjh59biZrQ

Stage 1: Google Places identity commit — skipped (Google Places data already cached (placesDataCachedAt set))
  ✓ needs_human_review cleared

Re-scanning issues...
  Issues: 1 created, 0 resolved, 2 unchanged

════════════════════════════════════════════════════════════
Enrichment summary: Lowboy
════════════════════════════════════════════════════════════
  · Stage 1: Google Places identity commit (skipped)
  · Stage 2: Surface discovery (skipped)
  · Stage 3: Surface fetch (skipped)
  · Stage 4: Surface parse (skipped)
  · Stage 5: Identity signal extraction (AI) (skipped)
  · Stage 6: Website enrichment (skipped)
  · Stage 7: Tagline generation (AI) (skipped)


[2026-03-16T20:06:30.201Z] Process exited with code: 0
