[2026-03-16T20:05:23.020Z] Running stage 1 (Google Places identity commit) only for beethoven-market-restaurant-3-hot2025-mar-vista-italian-infatuation-#10-neighbor
[dotenv@17.2.3] injecting env (0) from .env -- tip: ⚙️  enable debug logging with { debug: true }
[dotenv@17.2.3] injecting env (19) from .env.local -- tip: ⚙️  suppress all logs with { quiet: true }

Enrich: Beethoven Market (beethoven-market-restaurant-3-hot2025-mar-vista-italian-infatuation-#10-neighbor)
  ID:      970410ca-8b48-40b8-9c3c-30e0eaca488a
  Website: https://www.beethovenmarket.com/
  GPID:    ChIJlwU_uvC6woAR9hXvi7zlRSg

Stage 1: Google Places identity commit — skipped (Google Places data already cached (placesDataCachedAt set))
  ✓ needs_human_review cleared

Re-scanning issues...
  Issues: 0 created, 0 resolved, 6 unchanged

════════════════════════════════════════════════════════════
Enrichment summary: Beethoven Market
════════════════════════════════════════════════════════════
  · Stage 1: Google Places identity commit (skipped)
  · Stage 2: Surface discovery (skipped)
  · Stage 3: Surface fetch (skipped)
  · Stage 4: Surface parse (skipped)
  · Stage 5: Identity signal extraction (AI) (skipped)
  · Stage 6: Website enrichment (skipped)
  · Stage 7: Tagline generation (AI) (skipped)


[2026-03-16T20:05:25.131Z] Process exited with code: 0
