[2026-03-16T20:28:41.441Z] Running stage 1 (Google Places identity commit) only for crispy-pork-gang
[dotenv@17.2.3] injecting env (0) from .env -- tip: 🔐 prevent committing .env to code: https://dotenvx.com/precommit
[dotenv@17.2.3] injecting env (19) from .env.local -- tip: 🛠️  run anywhere with `dotenvx run -- yourcommand`

Enrich: Crispy Pork Gang Thai Restaurant (crispy-pork-gang)
  ID:      93346dab-31c5-44bc-a0be-3ec8495638d9
  Website: https://www.crispyporkgangla.com/
  GPID:    ChIJ0_aDzVC_woARdYQjPw04fcA

Stage 1: Google Places identity commit — skipped (Google Places data already cached (placesDataCachedAt set))

Re-scanning issues...
  Issues: 1 created, 0 resolved, 4 unchanged

════════════════════════════════════════════════════════════
Enrichment summary: Crispy Pork Gang Thai Restaurant
════════════════════════════════════════════════════════════
  · Stage 1: Google Places identity commit (skipped)
  · Stage 2: Surface discovery (skipped)
  · Stage 3: Surface fetch (skipped)
  · Stage 4: Surface parse (skipped)
  · Stage 5: Identity signal extraction (AI) (skipped)
  · Stage 6: Website enrichment (skipped)
  · Stage 7: Tagline generation (AI) (skipped)


[2026-03-16T20:28:44.082Z] Process exited with code: 0
