[2026-03-16T23:40:37.449Z] Running stage 1 (Google Places identity commit) only for the-airliner
[dotenv@17.2.3] injecting env (0) from .env -- tip: ⚙️  specify custom .env file path with { path: '/custom/path/.env' }
[dotenv@17.2.3] injecting env (19) from .env.local -- tip: ⚙️  write to custom object with { processEnv: myObject }

Enrich: The Airliner (the-airliner)
  ID:      52ef2e78-1399-4060-81d6-0a44cc0ef588
  Website: http://barairliner.com/
  GPID:    ChIJ6YtcQn3GwoARkgfd3-CG0rQ
  ✓ needs_human_review cleared

Re-scanning issues...
  Issues: 0 created, 0 resolved, 2 unchanged

════════════════════════════════════════════════════════════
Enrichment summary: The Airliner
════════════════════════════════════════════════════════════
  · Stage 1: Google Places identity commit (skipped)
  · Stage 2: Surface discovery (skipped)
  · Stage 3: Surface fetch (skipped)
  · Stage 4: Surface parse (skipped)
  · Stage 5: Identity signal extraction (AI) (skipped)
  · Stage 6: Website enrichment (skipped)
  · Stage 7: Tagline generation (AI) (skipped)


[2026-03-16T23:40:39.758Z] Process exited with code: 0
