[2026-03-16T21:23:20.323Z] Running stage 1 (Google Places identity commit) only for baja-subs-market-deli-northridge
[dotenv@17.2.3] injecting env (0) from .env -- tip: 👥 sync secrets across teammates & machines: https://dotenvx.com/ops
[dotenv@17.2.3] injecting env (19) from .env.local -- tip: 🔐 prevent building .env in docker: https://dotenvx.com/prebuild

Enrich: Baja Subs Market & Deli (baja-subs-market-deli-northridge)
  ID:      dee41e01-98ca-4495-8a02-ea7f2bcf2f48
  Website: https://asianflavorsstore.com
  GPID:    ChIJoUefmK2bwoARMQzl_Y6VKfE

Stage 1: Google Places identity commit — skipped (Google Places data already cached (placesDataCachedAt set))
  ✓ needs_human_review cleared

Re-scanning issues...
  Issues: 1 created, 0 resolved, 4 unchanged

════════════════════════════════════════════════════════════
Enrichment summary: Baja Subs Market & Deli
════════════════════════════════════════════════════════════
  · Stage 1: Google Places identity commit (skipped)
  · Stage 2: Surface discovery (skipped)
  · Stage 3: Surface fetch (skipped)
  · Stage 4: Surface parse (skipped)
  · Stage 5: Identity signal extraction (AI) (skipped)
  · Stage 6: Website enrichment (skipped)
  · Stage 7: Tagline generation (AI) (skipped)


[2026-03-16T21:23:22.946Z] Process exited with code: 0
