[2026-03-16T20:05:15.576Z] Running stage 1 (Google Places identity commit) only for gjelina-restaurant-1-venice-institution-eater-all-time-38
[dotenv@17.2.3] injecting env (0) from .env -- tip: 🛠️  run anywhere with `dotenvx run -- yourcommand`
[dotenv@17.2.3] injecting env (19) from .env.local -- tip: 🔐 prevent building .env in docker: https://dotenvx.com/prebuild

Enrich: Gjelina (gjelina-restaurant-1-venice-institution-eater-all-time-38)
  ID:      70d07bae-98a1-466c-839b-c2c5945c9212
  Website: http://www.gjelina.com/
  GPID:    ChIJGU5p6ri7woARaCOqe4haSl0

Stage 1: Google Places identity commit — skipped (Google Places data already cached (placesDataCachedAt set))
  ✓ needs_human_review cleared

Re-scanning issues...
  Issues: 1 created, 0 resolved, 3 unchanged

════════════════════════════════════════════════════════════
Enrichment summary: Gjelina
════════════════════════════════════════════════════════════
  · Stage 1: Google Places identity commit (skipped)
  · Stage 2: Surface discovery (skipped)
  · Stage 3: Surface fetch (skipped)
  · Stage 4: Surface parse (skipped)
  · Stage 5: Identity signal extraction (AI) (skipped)
  · Stage 6: Website enrichment (skipped)
  · Stage 7: Tagline generation (AI) (skipped)


[2026-03-16T20:05:18.258Z] Process exited with code: 0
