[2026-03-17T23:33:28.267Z] Running stage 1 (Google Places identity commit) only for unknown-5933d98f
[dotenv@17.2.3] injecting env (0) from .env -- tip: 🔄 add secrets lifecycle management: https://dotenvx.com/ops
[dotenv@17.2.3] injecting env (18) from .env.local -- tip: 👥 sync secrets across teammates & machines: https://dotenvx.com/ops

Enrich: The Huntington Library, Art Museum, and Botanical Gardens (unknown-5933d98f)
  ID:      5933d98f-6e09-487f-98f2-b8177693c102
  Website: https://huntington.org/
  GPID:    ChIJc1xhAk3bwoARBBlfKQzXKLM

Re-scanning issues...
  Issues: 0 created, 0 resolved, 4 unchanged

════════════════════════════════════════════════════════════
Enrichment summary: The Huntington Library, Art Museum, and Botanical Gardens
════════════════════════════════════════════════════════════
  · Stage 1: Google Places identity commit (skipped)
  · Stage 2: Surface discovery (skipped)
  · Stage 3: Surface fetch (skipped)
  · Stage 4: Surface parse (skipped)
  · Stage 5: Identity signal extraction (AI) (skipped)
  · Stage 6: Website enrichment (skipped)
  · Stage 7: Tagline generation (AI) (skipped)


[2026-03-17T23:33:29.742Z] Process exited with code: 0
