[2026-03-16T20:27:26.551Z] Running stage 1 (Google Places identity commit) only for tire-shop-taqueria-south-central
[dotenv@17.2.3] injecting env (0) from .env -- tip: ⚙️  enable debug logging with { debug: true }
[dotenv@17.2.3] injecting env (19) from .env.local -- tip: 🔐 prevent building .env in docker: https://dotenvx.com/prebuild

Enrich: Tire Shop Taqueria (tire-shop-taqueria-south-central)
  ID:      8705dca8-fa86-445c-804a-691e34e2c407
  Website: https://tireshoptaqueria.site/
  GPID:    ChIJoYddkW_IwoARpEGYSjC72Ic

Stage 1: Google Places identity commit — skipped (Google Places data already cached (placesDataCachedAt set))

Re-scanning issues...
  Issues: 1 created, 0 resolved, 4 unchanged

════════════════════════════════════════════════════════════
Enrichment summary: Tire Shop Taqueria
════════════════════════════════════════════════════════════
  · Stage 1: Google Places identity commit (skipped)
  · Stage 2: Surface discovery (skipped)
  · Stage 3: Surface fetch (skipped)
  · Stage 4: Surface parse (skipped)
  · Stage 5: Identity signal extraction (AI) (skipped)
  · Stage 6: Website enrichment (skipped)
  · Stage 7: Tagline generation (AI) (skipped)


[2026-03-16T20:27:28.709Z] Process exited with code: 0
