[2026-03-16T20:27:22.987Z] Running stage 1 (Google Places identity commit) only for mercado-la-paloma-restaurant-4-iconic-food-hall-la-times-#1-2025
[dotenv@17.2.3] injecting env (0) from .env -- tip: 🔄 add secrets lifecycle management: https://dotenvx.com/ops
[dotenv@17.2.3] injecting env (19) from .env.local -- tip: ⚙️  write to custom object with { processEnv: myObject }

Enrich: Mercado La Paloma (mercado-la-paloma-restaurant-4-iconic-food-hall-la-times-#1-2025)
  ID:      c439c0a2-90bf-45a8-949c-f86c7ac47e07
  Website: http://www.mercadolapaloma.com/
  GPID:    ChIJGyYzkgrIwoARoBczR2iUHPY

Stage 1: Google Places identity commit — skipped (Google Places data already cached (placesDataCachedAt set))
  ✓ needs_human_review cleared

Re-scanning issues...
  Issues: 1 created, 0 resolved, 4 unchanged

════════════════════════════════════════════════════════════
Enrichment summary: Mercado La Paloma
════════════════════════════════════════════════════════════
  · Stage 1: Google Places identity commit (skipped)
  · Stage 2: Surface discovery (skipped)
  · Stage 3: Surface fetch (skipped)
  · Stage 4: Surface parse (skipped)
  · Stage 5: Identity signal extraction (AI) (skipped)
  · Stage 6: Website enrichment (skipped)
  · Stage 7: Tagline generation (AI) (skipped)


[2026-03-16T20:27:25.274Z] Process exited with code: 0
