[2026-03-16T20:25:49.057Z] Running stage 1 (Google Places identity commit) only for unknown-3c9d8a08
[dotenv@17.2.3] injecting env (0) from .env -- tip: ⚙️  load multiple .env files with { path: ['.env.local', '.env'] }
[dotenv@17.2.3] injecting env (19) from .env.local -- tip: ✅ audit secrets and track compliance: https://dotenvx.com/ops

Enrich: Natural History Museum of Los Angeles County (unknown-3c9d8a08)
  ID:      3c9d8a08-a6c7-4a1a-a358-46e3eab15faf
  Website: https://nhm.org/
  GPID:    ChIJXzARBf3HwoARJyT7uZSV-G4

Stage 1: Google Places identity commit — skipped (Google Places data already cached (placesDataCachedAt set))

Re-scanning issues...
  Issues: 0 created, 0 resolved, 4 unchanged

════════════════════════════════════════════════════════════
Enrichment summary: Natural History Museum of Los Angeles County
════════════════════════════════════════════════════════════
  · Stage 1: Google Places identity commit (skipped)
  · Stage 2: Surface discovery (skipped)
  · Stage 3: Surface fetch (skipped)
  · Stage 4: Surface parse (skipped)
  · Stage 5: Identity signal extraction (AI) (skipped)
  · Stage 6: Website enrichment (skipped)
  · Stage 7: Tagline generation (AI) (skipped)


[2026-03-16T20:25:51.592Z] Process exited with code: 0
