[2026-03-16T20:28:23.550Z] Running stage 1 (Google Places identity commit) only for hennessey-ingalls
[dotenv@17.2.3] injecting env (0) from .env -- tip: ⚙️  write to custom object with { processEnv: myObject }
[dotenv@17.2.3] injecting env (19) from .env.local -- tip: 🗂️ backup and recover secrets: https://dotenvx.com/ops

Enrich: Hennessey + Ingalls (hennessey-ingalls)
  ID:      1102b822-90f5-47c4-b12a-d68c28c0276e
  Website: http://www.hennesseyingalls.com/
  GPID:    ChIJLxjlvcWkwoARdSgksIELVrQ

Stage 1: Google Places identity commit — skipped (Google Places data already cached (placesDataCachedAt set))

Re-scanning issues...
  Issues: 1 created, 0 resolved, 5 unchanged

════════════════════════════════════════════════════════════
Enrichment summary: Hennessey + Ingalls
════════════════════════════════════════════════════════════
  · Stage 1: Google Places identity commit (skipped)
  · Stage 2: Surface discovery (skipped)
  · Stage 3: Surface fetch (skipped)
  · Stage 4: Surface parse (skipped)
  · Stage 5: Identity signal extraction (AI) (skipped)
  · Stage 6: Website enrichment (skipped)
  · Stage 7: Tagline generation (AI) (skipped)


[2026-03-16T20:28:26.976Z] Process exited with code: 0
