[2026-03-16T20:27:54.796Z] Running stage 1 (Google Places identity commit) only for optimal-enchantment
[dotenv@17.2.3] injecting env (0) from .env -- tip: ⚙️  specify custom .env file path with { path: '/custom/path/.env' }
[dotenv@17.2.3] injecting env (19) from .env.local -- tip: 🔑 add access controls to secrets: https://dotenvx.com/ops

Enrich: Optimal Enchantment (optimal-enchantment)
  ID:      a80fca7d-b0a4-4bb3-b235-fb36bbfb9f99
  Website: http://www.optimalenchantment.com/
  GPID:    ChIJYTSi3M-kwoARSyOAWMVpZV4

Stage 1: Google Places identity commit — skipped (Google Places data already cached (placesDataCachedAt set))

Re-scanning issues...
  Issues: 1 created, 0 resolved, 6 unchanged

════════════════════════════════════════════════════════════
Enrichment summary: Optimal Enchantment
════════════════════════════════════════════════════════════
  · Stage 1: Google Places identity commit (skipped)
  · Stage 2: Surface discovery (skipped)
  · Stage 3: Surface fetch (skipped)
  · Stage 4: Surface parse (skipped)
  · Stage 5: Identity signal extraction (AI) (skipped)
  · Stage 6: Website enrichment (skipped)
  · Stage 7: Tagline generation (AI) (skipped)


[2026-03-16T20:27:58.171Z] Process exited with code: 0
