[2026-03-16T20:23:23.919Z] Running stage 1 (Google Places identity commit) only for cara-hotel-hotel-hotel-boutique-laid-back-modern-boutique-los-feliz-near-griffit
[dotenv@17.2.3] injecting env (0) from .env -- tip: ⚙️  write to custom object with { processEnv: myObject }
[dotenv@17.2.3] injecting env (19) from .env.local -- tip: ⚙️  load multiple .env files with { path: ['.env.local', '.env'] }

Enrich: Cara Hotel (cara-hotel-hotel-hotel-boutique-laid-back-modern-boutique-los-feliz-near-griffit)
  ID:      6e61406d-e9a4-4f6e-b5de-4c539773419f
  Website: http://carahotel.com/
  GPID:    ChIJ_72WeFC_woARaXeiD_y7hy8

Stage 1: Google Places identity commit — skipped (Google Places data already cached (placesDataCachedAt set))
  ✓ needs_human_review cleared

Re-scanning issues...
  Issues: 1 created, 0 resolved, 3 unchanged

════════════════════════════════════════════════════════════
Enrichment summary: Cara Hotel
════════════════════════════════════════════════════════════
  · Stage 1: Google Places identity commit (skipped)
  · Stage 2: Surface discovery (skipped)
  · Stage 3: Surface fetch (skipped)
  · Stage 4: Surface parse (skipped)
  · Stage 5: Identity signal extraction (AI) (skipped)
  · Stage 6: Website enrichment (skipped)
  · Stage 7: Tagline generation (AI) (skipped)


[2026-03-16T20:23:26.324Z] Process exited with code: 0
