[2026-03-16T21:36:16.032Z] Running stage 1 (Google Places identity commit) only for sawtelle-tuk-tuk
[dotenv@17.2.3] injecting env (0) from .env -- tip: 👥 sync secrets across teammates & machines: https://dotenvx.com/ops
[dotenv@17.2.3] injecting env (19) from .env.local -- tip: ⚙️  suppress all logs with { quiet: true }

Enrich: Sawtelle Tuk Tuk (sawtelle-tuk-tuk)
  ID:      3910c3c6-123e-4ea1-b322-f5e40bd5dbf4
  Website: https://www.tuktukthailosangeles.com
  GPID:    ChIJkdfntl25woAR38iYliqBLk

────────────────────────────────────────────────────────────
Stage 1: Google Places identity commit
  node -r ./scripts/load-env.js ./node_modules/.bin/tsx scripts/backfill-google-places.ts --slug sawtelle-tuk-tuk
────────────────────────────────────────────────────────────
[dotenv@17.2.3] injecting env (0) from .env -- tip: ✅ audit secrets and track compliance: https://dotenvx.com/ops
[dotenv@17.2.3] injecting env (19) from .env.local -- tip: 🔄 add secrets lifecycle management: https://dotenvx.com/ops

Backfill Google Places — 1 place(s) to process

  ⚠️  sawtelle-tuk-tuk (Sawtelle Tuk Tuk): getPlaceDetails failed, trying search...
  ⚠️  sawtelle-tuk-tuk (Sawtelle Tuk Tuk): search failed
  ❌ sawtelle-tuk-tuk (Sawtelle Tuk Tuk): could not resolve via Google Places

--- Backfill Complete ---
Enriched: 0
Failed: 1
  ✓ enrichment_stage updated to 1
  ✓ last_enriched_at updated

Re-scanning issues...
  Issues: 0 created, 0 resolved, 8 unchanged

════════════════════════════════════════════════════════════
Enrichment summary: Sawtelle Tuk Tuk
════════════════════════════════════════════════════════════
  ✓ Stage 1: Google Places identity commit (ran)
  · Stage 2: Surface discovery (skipped)
  · Stage 3: Surface fetch (skipped)
  · Stage 4: Surface parse (skipped)
  · Stage 5: Identity signal extraction (AI) (skipped)
  · Stage 6: Website enrichment (skipped)
  · Stage 7: Tagline generation (AI) (skipped)


[2026-03-16T21:36:33.164Z] Process exited with code: 0
