[2026-03-16T20:27:36.864Z] Running stage 1 (Google Places identity commit) only for simon-la-2
[dotenv@17.2.3] injecting env (0) from .env -- tip: ⚙️  load multiple .env files with { path: ['.env.local', '.env'] }
[dotenv@17.2.3] injecting env (19) from .env.local -- tip: ⚙️  override existing env vars with { override: true }

Enrich: SIMON MILLER ARTS DISTRICT (simon-la-2)
  ID:      ba9fdabc-84cf-4900-9213-e4a83292de8c
  Website: https://www.simonmillerusa.com/
  GPID:    ChIJedXqTPXHwoAR1bapHiQ2gdI

Stage 1: Google Places identity commit — skipped (Google Places data already cached (placesDataCachedAt set))

Re-scanning issues...
  Issues: 1 created, 0 resolved, 4 unchanged

════════════════════════════════════════════════════════════
Enrichment summary: SIMON MILLER ARTS DISTRICT
════════════════════════════════════════════════════════════
  · Stage 1: Google Places identity commit (skipped)
  · Stage 2: Surface discovery (skipped)
  · Stage 3: Surface fetch (skipped)
  · Stage 4: Surface parse (skipped)
  · Stage 5: Identity signal extraction (AI) (skipped)
  · Stage 6: Website enrichment (skipped)
  · Stage 7: Tagline generation (AI) (skipped)


[2026-03-16T20:27:38.826Z] Process exited with code: 0
