[2026-03-16T20:26:50.293Z] Running stage 1 (Google Places identity commit) only for el-prado
[dotenv@17.2.3] injecting env (0) from .env -- tip: 🔄 add secrets lifecycle management: https://dotenvx.com/ops
[dotenv@17.2.3] injecting env (19) from .env.local -- tip: 🔐 prevent committing .env to code: https://dotenvx.com/precommit

Enrich: El Prado (el-prado)
  ID:      3a722760-a67e-44a2-a73a-03f7ef8ff275
  Website: http://elpradobar.com/
  GPID:    ChIJa-yZkxvHwoARF8aDKibbOtw

Stage 1: Google Places identity commit — skipped (Google Places data already cached (placesDataCachedAt set))

Re-scanning issues...
  Issues: 1 created, 0 resolved, 4 unchanged

════════════════════════════════════════════════════════════
Enrichment summary: El Prado
════════════════════════════════════════════════════════════
  · Stage 1: Google Places identity commit (skipped)
  · Stage 2: Surface discovery (skipped)
  · Stage 3: Surface fetch (skipped)
  · Stage 4: Surface parse (skipped)
  · Stage 5: Identity signal extraction (AI) (skipped)
  · Stage 6: Website enrichment (skipped)
  · Stage 7: Tagline generation (AI) (skipped)


[2026-03-16T20:26:52.324Z] Process exited with code: 0
