[2026-03-16T20:26:09.004Z] Running stage 1 (Google Places identity commit) only for unknown-fca0afc9
[dotenv@17.2.3] injecting env (0) from .env -- tip: 🗂️ backup and recover secrets: https://dotenvx.com/ops
[dotenv@17.2.3] injecting env (19) from .env.local -- tip: ⚙️  override existing env vars with { override: true }

Enrich: The Gamble House (unknown-fca0afc9)
  ID:      fca0afc9-04eb-46d4-abe2-a5e39a8a52d7
  Website: https://gamblehouse.org/
  GPID:    ChIJQ0LBQ6DDwoARCnmqzVfpLRQ

Stage 1: Google Places identity commit — skipped (Google Places data already cached (placesDataCachedAt set))

Re-scanning issues...
  Issues: 1 created, 0 resolved, 5 unchanged

════════════════════════════════════════════════════════════
Enrichment summary: The Gamble House
════════════════════════════════════════════════════════════
  · Stage 1: Google Places identity commit (skipped)
  · Stage 2: Surface discovery (skipped)
  · Stage 3: Surface fetch (skipped)
  · Stage 4: Surface parse (skipped)
  · Stage 5: Identity signal extraction (AI) (skipped)
  · Stage 6: Website enrichment (skipped)
  · Stage 7: Tagline generation (AI) (skipped)


[2026-03-16T20:26:11.627Z] Process exited with code: 0
