[2026-03-16T20:27:36.387Z] Running stage 1 (Google Places identity commit) only for tacos-la-carreta-2
[dotenv@17.2.3] injecting env (0) from .env -- tip: 🔐 encrypt with Dotenvx: https://dotenvx.com
[dotenv@17.2.3] injecting env (19) from .env.local -- tip: ⚙️  specify custom .env file path with { path: '/custom/path/.env' }

Enrich: La Carreta Taqueria (tacos-la-carreta-2)
  ID:      3ce33af2-ed56-459c-9693-949b69c5b190
  Website: https://lacarretataqueria.shop/
  GPID:    ChIJG-UIvvTIwoAREBLCDvsCXLw

Stage 1: Google Places identity commit — skipped (Google Places data already cached (placesDataCachedAt set))

Re-scanning issues...
  Issues: 1 created, 0 resolved, 4 unchanged

════════════════════════════════════════════════════════════
Enrichment summary: La Carreta Taqueria
════════════════════════════════════════════════════════════
  · Stage 1: Google Places identity commit (skipped)
  · Stage 2: Surface discovery (skipped)
  · Stage 3: Surface fetch (skipped)
  · Stage 4: Surface parse (skipped)
  · Stage 5: Identity signal extraction (AI) (skipped)
  · Stage 6: Website enrichment (skipped)
  · Stage 7: Tagline generation (AI) (skipped)


[2026-03-16T20:27:38.323Z] Process exited with code: 0
