[2026-03-16T20:04:37.969Z] Running stage 1 (Google Places identity commit) only for cookbook-market-echo-park-echo-park
[dotenv@17.2.3] injecting env (0) from .env -- tip: 🔐 prevent building .env in docker: https://dotenvx.com/prebuild
[dotenv@17.2.3] injecting env (19) from .env.local -- tip: ⚙️  suppress all logs with { quiet: true }

Enrich: Cookbook Market - Echo Park (cookbook-market-echo-park-echo-park)
  ID:      72b31ba2-5081-4417-a129-a4fd1c295283
  Website: http://www.cookbookla.com/
  GPID:    ChIJu7pgbh7HwoARFzTtEnYYM4Y

Stage 1: Google Places identity commit — skipped (Google Places data already cached (placesDataCachedAt set))
  ✓ needs_human_review cleared

Re-scanning issues...
  Issues: 1 created, 0 resolved, 4 unchanged

════════════════════════════════════════════════════════════
Enrichment summary: Cookbook Market - Echo Park
════════════════════════════════════════════════════════════
  · Stage 1: Google Places identity commit (skipped)
  · Stage 2: Surface discovery (skipped)
  · Stage 3: Surface fetch (skipped)
  · Stage 4: Surface parse (skipped)
  · Stage 5: Identity signal extraction (AI) (skipped)
  · Stage 6: Website enrichment (skipped)
  · Stage 7: Tagline generation (AI) (skipped)


[2026-03-16T20:04:41.643Z] Process exited with code: 0
