[2026-03-16T20:05:22.627Z] Running stage 1 (Google Places identity commit) only for short-stories-hotel-hotel-hotel-boutique-fairfax-district-intimate-feel-and-desi
[dotenv@17.2.3] injecting env (0) from .env -- tip: 🔄 add secrets lifecycle management: https://dotenvx.com/ops
[dotenv@17.2.3] injecting env (19) from .env.local -- tip: ⚙️  suppress all logs with { quiet: true }

Enrich: Short Stories Hotel (short-stories-hotel-hotel-hotel-boutique-fairfax-district-intimate-feel-and-desi)
  ID:      93cea661-f1ea-4c7a-a2b7-35c0f4297148
  Website: https://www.shortstorieshotels.com/
  GPID:    ChIJmThyJzK5woARvgjYGoTrVg0

Stage 1: Google Places identity commit — skipped (Google Places data already cached (placesDataCachedAt set))

Re-scanning issues...
  Issues: 1 created, 0 resolved, 3 unchanged

════════════════════════════════════════════════════════════
Enrichment summary: Short Stories Hotel
════════════════════════════════════════════════════════════
  · Stage 1: Google Places identity commit (skipped)
  · Stage 2: Surface discovery (skipped)
  · Stage 3: Surface fetch (skipped)
  · Stage 4: Surface parse (skipped)
  · Stage 5: Identity signal extraction (AI) (skipped)
  · Stage 6: Website enrichment (skipped)
  · Stage 7: Tagline generation (AI) (skipped)


[2026-03-16T20:05:24.649Z] Process exited with code: 0
