[2026-03-16T20:35:38.477Z] Starting enrichment for the-line-la-hotel-hotel-neighborhood-koreatown-greenhouse-restaurant-strong-bar-
[dotenv@17.2.3] injecting env (0) from .env -- tip: вљ™пёЏ  override existing env vars with { override: true }
[dotenv@17.2.3] injecting env (19) from .env.local -- tip: рџ”ђ encrypt with Dotenvx: https://dotenvx.com

Enrich: The LINE LA (the-line-la-hotel-hotel-neighborhood-koreatown-greenhouse-restaurant-strong-bar-)
  ID:      2491a858-5422-4a01-aaab-25cc3e18dea6
  Website: https://www.thelinehotel.com/los-angeles/
  GPID:    ChIJEz1I84K4woARzSOwF86sb5c

Stage 1: Google Places identity commit вЂ” skipped (Google Places data already cached (placesDataCachedAt set))

Stage 2: Surface discovery вЂ” skipped (surface rows already exist)

в”Ђв”Ђв”Ђв”Ђв”Ђв”Ђв”Ђв”Ђв”Ђв”Ђв”Ђв”Ђв”Ђв”Ђв”Ђв”Ђв”Ђв”Ђв”Ђв”Ђв”Ђв”Ђв”Ђв”Ђв”Ђв”Ђв”Ђв”Ђв”Ђв”Ђв”Ђв”Ђв”Ђв”Ђв”Ђв”Ђв”Ђв”Ђв”Ђв”Ђв”Ђв”Ђв”Ђв”Ђв”Ђв”Ђв”Ђв”Ђв”Ђв”Ђв”Ђв”Ђв”Ђв”Ђв”Ђв”Ђв”Ђв”Ђв”Ђв”Ђ
Stage 3: Surface fetch
  node -r ./scripts/load-env.js ./node_modules/.bin/tsx scripts/run-surface-fetch.ts --entity-id=2491a858-5422-4a01-aaab-25cc3e18dea6 --limit=20
в”Ђв”Ђв”Ђв”Ђв”Ђв”Ђв”Ђв”Ђв”Ђв”Ђв”Ђв”Ђв”Ђв”Ђв”Ђв”Ђв”Ђв”Ђв”Ђв”Ђв”Ђв”Ђв”Ђв”Ђв”Ђв”Ђв”Ђв”Ђв”Ђв”Ђв”Ђв”Ђв”Ђв”Ђв”Ђв”Ђв”Ђв”Ђв”Ђв”Ђв”Ђв”Ђв”Ђв”Ђв”Ђв”Ђв”Ђв”Ђв”Ђв”Ђв”Ђв”Ђв”Ђв”Ђв”Ђв”Ђв”Ђв”Ђв”Ђв”Ђ
[dotenv@17.2.3] injecting env (0) from .env -- tip: рџ“Ў add observability to secrets: https://dotenvx.com/ops
[dotenv@17.2.3] injecting env (19) from .env.local -- tip: рџ› пёЏ  run anywhere with `dotenvx run -- yourcommand`
[dotenv@17.2.3] injecting env (0) from .env -- tip: рџ”‘ add access controls to secrets: https://dotenvx.com/ops
[dotenv@17.2.3] injecting env (19) from .env.local -- tip: рџ—‚пёЏ backup and recover secrets: https://dotenvx.com/ops
рџ“Ґ Merchant Surface Fetch Pass

Found 1 discovered surface to fetch

  [contact] https://www.thelinehotel.com/contact/ вЂ¦ в†© deduped

в”Ѓв”Ѓв”Ѓв”Ѓв”Ѓв”Ѓв”Ѓв”Ѓв”Ѓв”Ѓв”Ѓв”Ѓв”Ѓв”Ѓв”Ѓв”Ѓв”Ѓв”Ѓв”Ѓв”Ѓв”Ѓв”Ѓв”Ѓв”Ѓв”Ѓв”Ѓв”Ѓв”Ѓв”Ѓв”Ѓв”Ѓв”Ѓв”Ѓв”Ѓв”Ѓв”Ѓ
вњ… Fetch pass complete
   Surfaces processed : 1
   Captured (new rows) : 0
   Deduped (skipped)   : 1
   Failed              : 0
  вњ“ enrichment_stage updated to 3

Stage 4: Surface parse вЂ” skipped (no surfaces pending parse)

Stage 5: Identity signal extraction (AI) вЂ” skipped (identity_signals already in derived_signals)

в”Ђв”Ђв”Ђв”Ђв”Ђв”Ђв”Ђв”Ђв”Ђв”Ђв”Ђв”Ђв”Ђв”Ђв”Ђв”Ђв”Ђв”Ђв”Ђв”Ђв”Ђв”Ђв”Ђв”Ђв”Ђв”Ђв”Ђв”Ђв”Ђв”Ђв”Ђв”Ђв”Ђв”Ђв”Ђв”Ђв”Ђв”Ђв”Ђв”Ђв”Ђв”Ђв”Ђв”Ђв”Ђв”Ђв”Ђв”Ђв”Ђв”Ђв”Ђв”Ђв”Ђв”Ђв”Ђв”Ђв”Ђв”Ђв”Ђв”Ђ
Stage 6: Website enrichment
  node -r ./scripts/load-env.js ./node_modules/.bin/tsx scripts/run-website-enrichment.ts --slug=the-line-la-hotel-hotel-neighborhood-koreatown-greenhouse-restaurant-strong-bar-
в”Ђв”Ђв”Ђв”Ђв”Ђв”Ђв”Ђв”Ђв”Ђв”Ђв”Ђв”Ђв”Ђв”Ђв”Ђв”Ђв”Ђв”Ђв”Ђв”Ђв”Ђв”Ђв”Ђв”Ђв”Ђв”Ђв”Ђв”Ђв”Ђв”Ђв”Ђв”Ђв”Ђв”Ђв”Ђв”Ђв”Ђв”Ђв”Ђв”Ђв”Ђв”Ђв”Ђв”Ђв”Ђв”Ђв”Ђв”Ђв”Ђв”Ђв”Ђв”Ђв”Ђв”Ђв”Ђв”Ђв”Ђв”Ђв”Ђв”Ђ
[dotenv@17.2.3] injecting env (0) from .env -- tip: рџ› пёЏ  run anywhere with `dotenvx run -- yourcommand`
[dotenv@17.2.3] injecting env (19) from .env.local -- tip: рџ”ђ prevent committing .env to code: https://dotenvx.com/precommit
[34mprisma:query[39m SELECT "public"."entities"."id", "public"."entities"."website", "public"."entities"."name", "public"."entities"."category" FROM "public"."entities" WHERE ("public"."entities"."slug" = $1 AND "public"."entities"."website" IS NOT NULL) ORDER BY "public"."entities"."updated_at" DESC LIMIT $2 OFFSET $3
Website enrichment: 1 places (mode=default, ignoreThrottle=false, dryRun=false)

  The LINE LA FULL ERROR:
SyntaxError: Invalid regular expression: /^?replytocom.*/: Nothing to repeat
    at new RegExp (<anonymous>)
    at isPathDisallowed [90m(/Users/bobbyciccaglione/code/saiko-maps/[39mlib/website-enrichment/fetch.ts:43:18[90m)[39m
    at fetchWithLimits [90m(/Users/bobbyciccaglione/code/saiko-maps/[39mlib/website-enrichment/fetch.ts:68:11[90m)[39m
[90m    at process.processTicksAndRejections (node:internal/process/task_queues:105:5)[39m
    at async runEnrichmentForPlace [90m(/Users/bobbyciccaglione/code/saiko-maps/[39mlib/website-enrichment/pipeline.ts:57:22[90m)[39m
    at async main [90m(/Users/bobbyciccaglione/code/saiko-maps/[39mscripts/run-website-enrichment.ts:111:23[90m)[39m
Done.
  вњ“ enrichment_stage updated to 6

Stage 7: Tagline generation (AI) вЂ” skipped (TAGLINE already in interpretation_cache)
  вњ“ last_enriched_at updated
  вњ“ needs_human_review cleared

Re-scanning issues...
  Issues: 0 created, 1 resolved, 4 unchanged

в•ђв•ђв•ђв•ђв•ђв•ђв•ђв•ђв•ђв•ђв•ђв•ђв•ђв•ђв•ђв•ђв•ђв•ђв•ђв•ђв•ђв•ђв•ђв•ђв•ђв•ђв•ђв•ђв•ђв•ђв•ђв•ђв•ђв•ђв•ђв•ђв•ђв•ђв•ђв•ђв•ђв•ђв•ђв•ђв•ђв•ђв•ђв•ђв•ђв•ђв•ђв•ђв•ђв•ђв•ђв•ђв•ђв•ђв•ђв•ђ
Enrichment summary: The LINE LA
в•ђв•ђв•ђв•ђв•ђв•ђв•ђв•ђв•ђв•ђв•ђв•ђв•ђв•ђв•ђв•ђв•ђв•ђв•ђв•ђв•ђв•ђв•ђв•ђв•ђв•ђв•ђв•ђв•ђв•ђв•ђв•ђв•ђв•ђв•ђв•ђв•ђв•ђв•ђв•ђв•ђв•ђв•ђв•ђв•ђв•ђв•ђв•ђв•ђв•ђв•ђв•ђв•ђв•ђв•ђв•ђв•ђв•ђв•ђв•ђ
  В· Stage 1: Google Places identity commit (skipped)
  В· Stage 2: Surface discovery (skipped)
  вњ“ Stage 3: Surface fetch (ran)
  В· Stage 4: Surface parse (skipped)
  В· Stage 5: Identity signal extraction (AI) (skipped)
  вњ“ Stage 6: Website enrichment (ran)
  В· Stage 7: Tagline generation (AI) (skipped)


[2026-03-16T20:35:46.795Z] Process exited with code: 0
