[2026-03-16T20:05:25.398Z] Running stage 1 (Google Places identity commit) only for camphor-restaurant-2-michelin-1-michelin-star-arts-district-french
[dotenv@17.2.3] injecting env (0) from .env -- tip: ⚙️  write to custom object with { processEnv: myObject }
[dotenv@17.2.3] injecting env (19) from .env.local -- tip: 🔐 encrypt with Dotenvx: https://dotenvx.com

Enrich: Camphor (camphor-restaurant-2-michelin-1-michelin-star-arts-district-french)
  ID:      beccc604-fd4c-4aa5-b42b-56a058d419e9
  Website: http://www.camphor.la/
  GPID:    ChIJNW1lfmzHwoARxzp7unjgv-0

Stage 1: Google Places identity commit — skipped (Google Places data already cached (placesDataCachedAt set))
  ✓ needs_human_review cleared

Re-scanning issues...
  Issues: 1 created, 0 resolved, 2 unchanged

════════════════════════════════════════════════════════════
Enrichment summary: Camphor
════════════════════════════════════════════════════════════
  · Stage 1: Google Places identity commit (skipped)
  · Stage 2: Surface discovery (skipped)
  · Stage 3: Surface fetch (skipped)
  · Stage 4: Surface parse (skipped)
  · Stage 5: Identity signal extraction (AI) (skipped)
  · Stage 6: Website enrichment (skipped)
  · Stage 7: Tagline generation (AI) (skipped)


[2026-03-16T20:05:27.395Z] Process exited with code: 0
