[2026-03-16T20:26:17.675Z] Running stage 1 (Google Places identity commit) only for ruby-s-diner
[dotenv@17.2.3] injecting env (0) from .env -- tip: ⚙️  override existing env vars with { override: true }
[dotenv@17.2.3] injecting env (19) from .env.local -- tip: 🔐 prevent committing .env to code: https://dotenvx.com/precommit

Enrich: Ruby's Diner (ruby-s-diner)
  ID:      47f37719-5964-45b9-b463-e454d8d6f8ab
  Website: https://www.rubys.com/locations/city-of-commerce-citadel/
  GPID:    ChIJhZyY5FLOwoARmWyxQxP6jX0

Stage 1: Google Places identity commit — skipped (Google Places data already cached (placesDataCachedAt set))
  ✓ needs_human_review cleared

Re-scanning issues...
  Issues: 1 created, 0 resolved, 2 unchanged

════════════════════════════════════════════════════════════
Enrichment summary: Ruby's Diner
════════════════════════════════════════════════════════════
  · Stage 1: Google Places identity commit (skipped)
  · Stage 2: Surface discovery (skipped)
  · Stage 3: Surface fetch (skipped)
  · Stage 4: Surface parse (skipped)
  · Stage 5: Identity signal extraction (AI) (skipped)
  · Stage 6: Website enrichment (skipped)
  · Stage 7: Tagline generation (AI) (skipped)


[2026-03-16T20:26:19.812Z] Process exited with code: 0
