[2026-03-16T23:40:31.325Z] Running stage 1 (Google Places identity commit) only for holbox-restaurant-1-mercado-la-paloma-#1-on-la-times-101-2025
[dotenv@17.2.3] injecting env (0) from .env -- tip: ⚙️  load multiple .env files with { path: ['.env.local', '.env'] }
[dotenv@17.2.3] injecting env (19) from .env.local -- tip: 🔐 prevent committing .env to code: https://dotenvx.com/precommit

Enrich: Holbox (holbox-restaurant-1-mercado-la-paloma-#1-on-la-times-101-2025)
  ID:      0a5864db-e933-4740-a91b-c1936ee33620
  Website: http://www.holboxla.com/
  GPID:    ChIJMc9-jgrIwoARvFaE32ZlJzA

Re-scanning issues...
  Issues: 0 created, 0 resolved, 4 unchanged

════════════════════════════════════════════════════════════
Enrichment summary: Holbox
════════════════════════════════════════════════════════════
  · Stage 1: Google Places identity commit (skipped)
  · Stage 2: Surface discovery (skipped)
  · Stage 3: Surface fetch (skipped)
  · Stage 4: Surface parse (skipped)
  · Stage 5: Identity signal extraction (AI) (skipped)
  · Stage 6: Website enrichment (skipped)
  · Stage 7: Tagline generation (AI) (skipped)


[2026-03-16T23:40:32.994Z] Process exited with code: 0
