[2026-03-16T20:28:43.764Z] Running stage 1 (Google Places identity commit) only for high-end-by-oz
[dotenv@17.2.3] injecting env (0) from .env -- tip: 🔑 add access controls to secrets: https://dotenvx.com/ops
[dotenv@17.2.3] injecting env (19) from .env.local -- tip: 🔐 encrypt with Dotenvx: https://dotenvx.com

Enrich: High End By Oz (high-end-by-oz)
  ID:      9ae7d44c-bfc9-4bae-ba8f-09a2a506ef6a
  Website: http://www.highendbyoz.com/
  GPID:    ChIJnWsfiYK7woAR_Un0fEqyuEk

Stage 1: Google Places identity commit — skipped (Google Places data already cached (placesDataCachedAt set))

Re-scanning issues...
  Issues: 1 created, 0 resolved, 6 unchanged

════════════════════════════════════════════════════════════
Enrichment summary: High End By Oz
════════════════════════════════════════════════════════════
  · Stage 1: Google Places identity commit (skipped)
  · Stage 2: Surface discovery (skipped)
  · Stage 3: Surface fetch (skipped)
  · Stage 4: Surface parse (skipped)
  · Stage 5: Identity signal extraction (AI) (skipped)
  · Stage 6: Website enrichment (skipped)
  · Stage 7: Tagline generation (AI) (skipped)


[2026-03-16T20:28:46.115Z] Process exited with code: 0
