[2026-03-16T20:23:23.399Z] Running stage 1 (Google Places identity commit) only for bridgetown-roti-east-hollywood
[dotenv@17.2.3] injecting env (0) from .env -- tip: 👥 sync secrets across teammates & machines: https://dotenvx.com/ops
[dotenv@17.2.3] injecting env (19) from .env.local -- tip: 🔑 add access controls to secrets: https://dotenvx.com/ops

Enrich: Bridgetown Roti (bridgetown-roti-east-hollywood)
  ID:      f3f5b567-12ef-4c67-a835-c3f2fe43cb61
  Website: http://www.bridgetownroti.com/
  GPID:    ChIJne7Az-rHwoARQhCf1NoVpsY

Stage 1: Google Places identity commit — skipped (Google Places data already cached (placesDataCachedAt set))
  ✓ needs_human_review cleared

Re-scanning issues...
  Issues: 1 created, 0 resolved, 1 unchanged

════════════════════════════════════════════════════════════
Enrichment summary: Bridgetown Roti
════════════════════════════════════════════════════════════
  · Stage 1: Google Places identity commit (skipped)
  · Stage 2: Surface discovery (skipped)
  · Stage 3: Surface fetch (skipped)
  · Stage 4: Surface parse (skipped)
  · Stage 5: Identity signal extraction (AI) (skipped)
  · Stage 6: Website enrichment (skipped)
  · Stage 7: Tagline generation (AI) (skipped)


[2026-03-16T20:23:25.906Z] Process exited with code: 0
