[2026-03-16T20:27:42.409Z] Running stage 1 (Google Places identity commit) only for lucia
[dotenv@17.2.3] injecting env (0) from .env -- tip: ⚙️  suppress all logs with { quiet: true }
[dotenv@17.2.3] injecting env (19) from .env.local -- tip: 🔄 add secrets lifecycle management: https://dotenvx.com/ops

Enrich: Lucia LA (lucia)
  ID:      567bf4c0-fa5b-4dd7-94bc-9415c2bc9437
  Website: https://www.luciala.com/
  GPID:    ChIJ0aN26s-5woARK0Nz2GazLKs

Stage 1: Google Places identity commit — skipped (Google Places data already cached (placesDataCachedAt set))

Re-scanning issues...
  Issues: 1 created, 0 resolved, 4 unchanged

════════════════════════════════════════════════════════════
Enrichment summary: Lucia LA
════════════════════════════════════════════════════════════
  · Stage 1: Google Places identity commit (skipped)
  · Stage 2: Surface discovery (skipped)
  · Stage 3: Surface fetch (skipped)
  · Stage 4: Surface parse (skipped)
  · Stage 5: Identity signal extraction (AI) (skipped)
  · Stage 6: Website enrichment (skipped)
  · Stage 7: Tagline generation (AI) (skipped)


[2026-03-16T20:27:44.753Z] Process exited with code: 0
