[2026-03-16T20:28:17.285Z] Running stage 1 (Google Places identity commit) only for twelves
[dotenv@17.2.3] injecting env (0) from .env -- tip: 📡 add observability to secrets: https://dotenvx.com/ops
[dotenv@17.2.3] injecting env (19) from .env.local -- tip: ⚙️  specify custom .env file path with { path: '/custom/path/.env' }

Enrich: Twelve n' Twelve (twelves)
  ID:      623f7521-dc6f-46d2-a92c-8d189eeaca67
  Website: http://www.twelventwelve.com/
  GPID:    ChIJsyRGcEK7woAR0lx6iLX0h00

Stage 1: Google Places identity commit — skipped (Google Places data already cached (placesDataCachedAt set))

Re-scanning issues...
  Issues: 1 created, 0 resolved, 7 unchanged

════════════════════════════════════════════════════════════
Enrichment summary: Twelve n' Twelve
════════════════════════════════════════════════════════════
  · Stage 1: Google Places identity commit (skipped)
  · Stage 2: Surface discovery (skipped)
  · Stage 3: Surface fetch (skipped)
  · Stage 4: Surface parse (skipped)
  · Stage 5: Identity signal extraction (AI) (skipped)
  · Stage 6: Website enrichment (skipped)
  · Stage 7: Tagline generation (AI) (skipped)


[2026-03-16T20:28:19.419Z] Process exited with code: 0
