[2026-03-16T20:26:47.445Z] Running stage 1 (Google Places identity commit) only for dada-market-echo-park
[dotenv@17.2.3] injecting env (0) from .env -- tip: 🔑 add access controls to secrets: https://dotenvx.com/ops
[dotenv@17.2.3] injecting env (19) from .env.local -- tip: ⚙️  specify custom .env file path with { path: '/custom/path/.env' }

Enrich: Dada Market (dada-market-echo-park)
  ID:      c6ce5b92-2a7f-4872-b394-2626c5864742
  Website: https://www.dadamarket.com/
  GPID:    ChIJI0OFopzHwoARmj49dTVY6g0

Stage 1: Google Places identity commit — skipped (Google Places data already cached (placesDataCachedAt set))
  ✓ needs_human_review cleared

Re-scanning issues...
  Issues: 1 created, 0 resolved, 4 unchanged

════════════════════════════════════════════════════════════
Enrichment summary: Dada Market
════════════════════════════════════════════════════════════
  · Stage 1: Google Places identity commit (skipped)
  · Stage 2: Surface discovery (skipped)
  · Stage 3: Surface fetch (skipped)
  · Stage 4: Surface parse (skipped)
  · Stage 5: Identity signal extraction (AI) (skipped)
  · Stage 6: Website enrichment (skipped)
  · Stage 7: Tagline generation (AI) (skipped)


[2026-03-16T20:26:49.394Z] Process exited with code: 0
