[2026-03-16T21:16:35.475Z] Starting enrichment for bar-siesta
[dotenv@17.2.3] injecting env (0) from .env -- tip: ⚙️  enable debug logging with { debug: true }
[dotenv@17.2.3] injecting env (19) from .env.local -- tip: 🗂️ backup and recover secrets: https://dotenvx.com/ops

Enrich: Bar Siesta (bar-siesta)
  ID:      f1a96a2c-f82a-485d-96db-56d0eb5e91f9
  Website: https://barsiesta.co/
  GPID:    ChIJHY55ZcfHwoAR82z4nxOn0_Y

Stage 1: Google Places identity commit — skipped (Google Places data already cached (placesDataCachedAt set))

────────────────────────────────────────────────────────────
Stage 2: Surface discovery
  node -r ./scripts/load-env.js ./node_modules/.bin/tsx scripts/run-surface-discovery.ts --entity-id=f1a96a2c-f82a-485d-96db-56d0eb5e91f9 --limit=1
────────────────────────────────────────────────────────────
[dotenv@17.2.3] injecting env (0) from .env -- tip: 🔄 add secrets lifecycle management: https://dotenvx.com/ops
[dotenv@17.2.3] injecting env (19) from .env.local -- tip: ⚙️  suppress all logs with { quiet: true }
[dotenv@17.2.3] injecting env (0) from .env -- tip: ⚙️  suppress all logs with { quiet: true }
[dotenv@17.2.3] injecting env (19) from .env.local -- tip: ⚙️  override existing env vars with { override: true }
🔍 Merchant Surface Discovery

Found 1 entities needing discovery

  Bar Siesta (f1a96a2c…) https://barsiesta.co/ … ✓ homepage fetched · 4 surfaces discovered: about, menu, reservation, instagram

━━━━━━━━━━━━━━━━━━━━━━━━━━━━━━━━━━━━
✅ Discovery complete
   Entities processed : 1
   Homepage succeeded  : 1
   Homepage failed     : 0
   Surface rows written: 5
  ✓ enrichment_stage updated to 2

────────────────────────────────────────────────────────────
Stage 3: Surface fetch
  node -r ./scripts/load-env.js ./node_modules/.bin/tsx scripts/run-surface-fetch.ts --entity-id=f1a96a2c-f82a-485d-96db-56d0eb5e91f9 --limit=20
────────────────────────────────────────────────────────────
[dotenv@17.2.3] injecting env (0) from .env -- tip: ⚙️  suppress all logs with { quiet: true }
[dotenv@17.2.3] injecting env (19) from .env.local -- tip: 🔑 add access controls to secrets: https://dotenvx.com/ops
[dotenv@17.2.3] injecting env (0) from .env -- tip: 🔄 add secrets lifecycle management: https://dotenvx.com/ops
[dotenv@17.2.3] injecting env (19) from .env.local -- tip: ⚙️  suppress all logs with { quiet: true }
📥 Merchant Surface Fetch Pass

Found 3 discovered surfaces to fetch

  [about] https://barsiesta.co/about … ✓ captured
  [menu] https://barsiesta.co/menu … ✓ captured
  [reservation] https://barsiesta.co/reserve … ✓ captured

━━━━━━━━━━━━━━━━━━━━━━━━━━━━━━━━━━━━
✅ Fetch pass complete
   Surfaces processed : 3
   Captured (new rows) : 3
   Deduped (skipped)   : 0
   Failed              : 0
  ✓ enrichment_stage updated to 3

────────────────────────────────────────────────────────────
Stage 4: Surface parse
  node -r ./scripts/load-env.js ./node_modules/.bin/tsx scripts/run-surface-parse.ts --entity-id=f1a96a2c-f82a-485d-96db-56d0eb5e91f9 --limit=20
────────────────────────────────────────────────────────────
[dotenv@17.2.3] injecting env (0) from .env -- tip: ⚙️  specify custom .env file path with { path: '/custom/path/.env' }
[dotenv@17.2.3] injecting env (19) from .env.local -- tip: 🔐 encrypt with Dotenvx: https://dotenvx.com
[dotenv@17.2.3] injecting env (0) from .env -- tip: 📡 add observability to secrets: https://dotenvx.com/ops
[dotenv@17.2.3] injecting env (19) from .env.local -- tip: 🗂️ backup and recover secrets: https://dotenvx.com/ops
🔍 Merchant Surface Parse Pass

   artifact_type    : parse_v1
   artifact_version : 1

Found 4 surfaces to parse

  [homepage   ] https://barsiesta.co/ … ✓ parsed
  [about      ] https://barsiesta.co/about … ✓ parsed
  [menu       ] https://barsiesta.co/menu … ✓ parsed
  [reservation] https://barsiesta.co/reserve … ✓ parsed

━━━━━━━━━━━━━━━━━━━━━━━━━━━━━━━━━━━━
✅ Parse pass complete
   Surfaces processed : 4
   Parsed (artifacts) : 4
   Deduped (skipped)  : 0
   Failed             : 0
  ✓ enrichment_stage updated to 4

────────────────────────────────────────────────────────────
Stage 5: Identity signal extraction (AI)
  node -r ./scripts/load-env.js ./node_modules/.bin/tsx scripts/extract-identity-signals.ts --place=Bar Siesta
────────────────────────────────────────────────────────────
[dotenv@17.2.3] injecting env (0) from .env -- tip: 🔐 prevent building .env in docker: https://dotenvx.com/prebuild
[dotenv@17.2.3] injecting env (19) from .env.local -- tip: 🗂️ backup and recover secrets: https://dotenvx.com/ops

🔮 Saiko Maps — Identity Signal Extraction
==========================================
🔸 Single place: "Bar Siesta"

📍 Found 1 places to process
   (1 in canonical scope · 1 unprocessed · 1 with extractable content)

[1/1] Bar Siesta

==========================================
📊 EXTRACTION SUMMARY
==========================================
Total processed:   1
Extracted:         1
Held (low conf):   0  ← not written, will retry
Skipped (no data): 0
Failed:            0

By Confidence Tier:
  Publish (≥0.7):  1
  Review (0.4-0.7): 0
  Hold (<0.4):     0

By Input Quality:
  Good (2+ sources): 1
  Partial (1 source): 0
  Minimal:          0
  None:             0
==========================================

✅ Database updated
  ✓ enrichment_stage updated to 5

────────────────────────────────────────────────────────────
Stage 6: Website enrichment
  node -r ./scripts/load-env.js ./node_modules/.bin/tsx scripts/run-website-enrichment.ts --slug=bar-siesta
────────────────────────────────────────────────────────────
[dotenv@17.2.3] injecting env (0) from .env -- tip: 🔑 add access controls to secrets: https://dotenvx.com/ops
[dotenv@17.2.3] injecting env (19) from .env.local -- tip: ⚙️  specify custom .env file path with { path: '/custom/path/.env' }
[34mprisma:query[39m SELECT "public"."entities"."id", "public"."entities"."website", "public"."entities"."name", "public"."entities"."category" FROM "public"."entities" WHERE ("public"."entities"."slug" = $1 AND "public"."entities"."website" IS NOT NULL) ORDER BY "public"."entities"."updated_at" DESC LIMIT $2 OFFSET $3
Website enrichment: 1 places (mode=default, ignoreThrottle=false, dryRun=false)

  Bar Siesta | 200 | conf=0.80 | cat=Wine Bar
[34mprisma:query[39m INSERT INTO "public"."merchant_enrichment_runs" ("id","entity_id","source_url","final_url","fetched_at","http_status","extraction_json","confidence","cost_usd","created_at") VALUES ($1,$2,$3,$4,$5,$6,$7,$8,$9,$10) RETURNING "public"."merchant_enrichment_runs"."id", "public"."merchant_enrichment_runs"."entity_id", "public"."merchant_enrichment_runs"."source_url", "public"."merchant_enrichment_runs"."final_url", "public"."merchant_enrichment_runs"."fetched_at", "public"."merchant_enrichment_runs"."http_status", "public"."merchant_enrichment_runs"."extraction_json", "public"."merchant_enrichment_runs"."confidence", "public"."merchant_enrichment_runs"."cost_usd", "public"."merchant_enrichment_runs"."created_at"
[34mprisma:query[39m INSERT INTO "public"."merchant_signals" ("entity_id","inferred_category","reservation_provider","reservation_url","ordering_provider","ordering_url","menu_url","social_links","extraction_confidence","last_updated_at") VALUES ($1,$2,$3,$4,$5,$6,$7,$8,$9,$10) ON CONFLICT ("entity_id") DO UPDATE SET "inferred_category" = $11, "reservation_provider" = $12, "reservation_url" = $13, "ordering_provider" = $14, "ordering_url" = $15, "menu_url" = $16, "social_links" = $17, "extraction_confidence" = $18, "last_updated_at" = $19 WHERE ("public"."merchant_signals"."entity_id" = $20 AND 1=1) RETURNING "public"."merchant_signals"."entity_id", "public"."merchant_signals"."inferred_category", "public"."merchant_signals"."inferred_cuisine", "public"."merchant_signals"."reservation_provider", "public"."merchant_signals"."reservation_url", "public"."merchant_signals"."ordering_provider", "public"."merchant_signals"."ordering_url", "public"."merchant_signals"."menu_url", "public"."merchant_signals"."winelist_url", "public"."merchant_signals"."social_links", "public"."merchant_signals"."extraction_confidence", "public"."merchant_signals"."last_updated_at"
[34mprisma:query[39m INSERT INTO "public"."observed_claims" ("claim_id","entity_id","attribute_key","raw_value","normalized_value","source_id","source_url","observed_at","extracted_at","extraction_method","confidence","resolution_method","supersedes_claim_id","is_active") VALUES ($1,$2,$3,$4,$5,$6,$7,$8,$9,CAST($10::text AS "public"."ExtractionMethod"),$11,CAST($12::text AS "public"."ClaimResolutionMethod"),$13,$14) RETURNING "public"."observed_claims"."claim_id", "public"."observed_claims"."entity_id", "public"."observed_claims"."attribute_key", "public"."observed_claims"."raw_value", "public"."observed_claims"."normalized_value", "public"."observed_claims"."source_id", "public"."observed_claims"."source_url", "public"."observed_claims"."observed_at", "public"."observed_claims"."extracted_at", "public"."observed_claims"."extraction_method"::text, "public"."observed_claims"."confidence", "public"."observed_claims"."resolution_method"::text, "public"."observed_claims"."resolution_confidence", "public"."observed_claims"."supersedes_claim_id", "public"."observed_claims"."is_active"
[34mprisma:query[39m SELECT "public"."canonical_sanctions"."sanction_id", "public"."canonical_sanctions"."claim_id" FROM "public"."canonical_sanctions" WHERE ("public"."canonical_sanctions"."entity_id" = $1 AND "public"."canonical_sanctions"."attribute_key" = $2 AND "public"."canonical_sanctions"."is_current" = $3) LIMIT $4 OFFSET $5
[34mprisma:query[39m SELECT "public"."attribute_registry"."attribute_key", "public"."attribute_registry"."sanction_threshold", "public"."attribute_registry"."attribute_class"::text FROM "public"."attribute_registry" WHERE ("public"."attribute_registry"."attribute_key" = $1 AND 1=1) LIMIT $2 OFFSET $3
[34mprisma:query[39m SELECT "public"."source_registry"."id", "public"."source_registry"."trust_tier", "public"."source_registry"."requires_human_approval" FROM "public"."source_registry" WHERE ("public"."source_registry"."id" = $1 AND 1=1) LIMIT $2 OFFSET $3
[34mprisma:query[39m INSERT INTO "public"."canonical_entity_state" ("entity_id","name","menu_url","tips","last_sanctioned_at","sanctioned_by") VALUES ($1,$2,$3,$4,$5,$6) ON CONFLICT ("entity_id") DO UPDATE SET "menu_url" = $7, "last_sanctioned_at" = $8 WHERE ("public"."canonical_entity_state"."entity_id" = $9 AND 1=1) RETURNING "public"."canonical_entity_state"."entity_id", "public"."canonical_entity_state"."name", "public"."canonical_entity_state"."google_place_id", "public"."canonical_entity_state"."latitude", "public"."canonical_entity_state"."longitude", "public"."canonical_entity_state"."address", "public"."canonical_entity_state"."neighborhood", "public"."canonical_entity_state"."phone", "public"."canonical_entity_state"."website", "public"."canonical_entity_state"."instagram", "public"."canonical_entity_state"."tiktok", "public"."canonical_entity_state"."hours_json", "public"."canonical_entity_state"."price_level", "public"."canonical_entity_state"."reservation_url", "public"."canonical_entity_state"."menu_url", "public"."canonical_entity_state"."winelist_url", "public"."canonical_entity_state"."description", "public"."canonical_entity_state"."cuisine_type", "public"."canonical_entity_state"."category", "public"."canonical_entity_state"."tips", "public"."canonical_entity_state"."google_photos", "public"."canonical_entity_state"."google_places_attributes", "public"."canonical_entity_state"."last_sanctioned_at", "public"."canonical_entity_state"."sanctioned_by"
[34mprisma:query[39m BEGIN
[34mprisma:query[39m UPDATE "public"."canonical_sanctions" SET "is_current" = $1 WHERE ("public"."canonical_sanctions"."entity_id" = $2 AND "public"."canonical_sanctions"."attribute_key" = $3 AND "public"."canonical_sanctions"."is_current" = $4)
[34mprisma:query[39m COMMIT
[34mprisma:query[39m INSERT INTO "public"."canonical_sanctions" ("sanction_id","entity_id","attribute_key","claim_id","sanctioned_at","sanctioned_by","sanction_method","is_current") VALUES ($1,$2,$3,$4,$5,$6,CAST($7::text AS "public"."SanctionMethod"),$8) RETURNING "public"."canonical_sanctions"."sanction_id", "public"."canonical_sanctions"."entity_id", "public"."canonical_sanctions"."attribute_key", "public"."canonical_sanctions"."claim_id", "public"."canonical_sanctions"."sanctioned_at", "public"."canonical_sanctions"."sanctioned_by", "public"."canonical_sanctions"."sanction_method"::text, "public"."canonical_sanctions"."is_current"
[34mprisma:query[39m INSERT INTO "public"."observed_claims" ("claim_id","entity_id","attribute_key","raw_value","normalized_value","source_id","source_url","observed_at","extracted_at","extraction_method","confidence","resolution_method","supersedes_claim_id","is_active") VALUES ($1,$2,$3,$4,$5,$6,$7,$8,$9,CAST($10::text AS "public"."ExtractionMethod"),$11,CAST($12::text AS "public"."ClaimResolutionMethod"),$13,$14) RETURNING "public"."observed_claims"."claim_id", "public"."observed_claims"."entity_id", "public"."observed_claims"."attribute_key", "public"."observed_claims"."raw_value", "public"."observed_claims"."normalized_value", "public"."observed_claims"."source_id", "public"."observed_claims"."source_url", "public"."observed_claims"."observed_at", "public"."observed_claims"."extracted_at", "public"."observed_claims"."extraction_method"::text, "public"."observed_claims"."confidence", "public"."observed_claims"."resolution_method"::text, "public"."observed_claims"."resolution_confidence", "public"."observed_claims"."supersedes_claim_id", "public"."observed_claims"."is_active"
[34mprisma:query[39m SELECT "public"."attribute_registry"."attribute_key", "public"."attribute_registry"."sanction_threshold", "public"."attribute_registry"."attribute_class"::text FROM "public"."attribute_registry" WHERE ("public"."attribute_registry"."attribute_key" = $1 AND 1=1) LIMIT $2 OFFSET $3
[34mprisma:query[39m SELECT "public"."canonical_sanctions"."sanction_id", "public"."canonical_sanctions"."claim_id" FROM "public"."canonical_sanctions" WHERE ("public"."canonical_sanctions"."entity_id" = $1 AND "public"."canonical_sanctions"."attribute_key" = $2 AND "public"."canonical_sanctions"."is_current" = $3) LIMIT $4 OFFSET $5
[34mprisma:query[39m SELECT "public"."source_registry"."id", "public"."source_registry"."trust_tier", "public"."source_registry"."requires_human_approval" FROM "public"."source_registry" WHERE ("public"."source_registry"."id" = $1 AND 1=1) LIMIT $2 OFFSET $3
[34mprisma:query[39m INSERT INTO "public"."canonical_entity_state" ("entity_id","name","reservation_url","tips","last_sanctioned_at","sanctioned_by") VALUES ($1,$2,$3,$4,$5,$6) ON CONFLICT ("entity_id") DO UPDATE SET "reservation_url" = $7, "last_sanctioned_at" = $8 WHERE ("public"."canonical_entity_state"."entity_id" = $9 AND 1=1) RETURNING "public"."canonical_entity_state"."entity_id", "public"."canonical_entity_state"."name", "public"."canonical_entity_state"."google_place_id", "public"."canonical_entity_state"."latitude", "public"."canonical_entity_state"."longitude", "public"."canonical_entity_state"."address", "public"."canonical_entity_state"."neighborhood", "public"."canonical_entity_state"."phone", "public"."canonical_entity_state"."website", "public"."canonical_entity_state"."instagram", "public"."canonical_entity_state"."tiktok", "public"."canonical_entity_state"."hours_json", "public"."canonical_entity_state"."price_level", "public"."canonical_entity_state"."reservation_url", "public"."canonical_entity_state"."menu_url", "public"."canonical_entity_state"."winelist_url", "public"."canonical_entity_state"."description", "public"."canonical_entity_state"."cuisine_type", "public"."canonical_entity_state"."category", "public"."canonical_entity_state"."tips", "public"."canonical_entity_state"."google_photos", "public"."canonical_entity_state"."google_places_attributes", "public"."canonical_entity_state"."last_sanctioned_at", "public"."canonical_entity_state"."sanctioned_by"
[34mprisma:query[39m BEGIN
[34mprisma:query[39m UPDATE "public"."canonical_sanctions" SET "is_current" = $1 WHERE ("public"."canonical_sanctions"."entity_id" = $2 AND "public"."canonical_sanctions"."attribute_key" = $3 AND "public"."canonical_sanctions"."is_current" = $4)
[34mprisma:query[39m COMMIT
[34mprisma:query[39m INSERT INTO "public"."canonical_sanctions" ("sanction_id","entity_id","attribute_key","claim_id","sanctioned_at","sanctioned_by","sanction_method","is_current") VALUES ($1,$2,$3,$4,$5,$6,CAST($7::text AS "public"."SanctionMethod"),$8) RETURNING "public"."canonical_sanctions"."sanction_id", "public"."canonical_sanctions"."entity_id", "public"."canonical_sanctions"."attribute_key", "public"."canonical_sanctions"."claim_id", "public"."canonical_sanctions"."sanctioned_at", "public"."canonical_sanctions"."sanctioned_by", "public"."canonical_sanctions"."sanction_method"::text, "public"."canonical_sanctions"."is_current"
[34mprisma:query[39m INSERT INTO "public"."observed_claims" ("claim_id","entity_id","attribute_key","raw_value","normalized_value","source_id","source_url","observed_at","extracted_at","extraction_method","confidence","resolution_method","supersedes_claim_id","is_active") VALUES ($1,$2,$3,$4,$5,$6,$7,$8,$9,CAST($10::text AS "public"."ExtractionMethod"),$11,CAST($12::text AS "public"."ClaimResolutionMethod"),$13,$14) RETURNING "public"."observed_claims"."claim_id", "public"."observed_claims"."entity_id", "public"."observed_claims"."attribute_key", "public"."observed_claims"."raw_value", "public"."observed_claims"."normalized_value", "public"."observed_claims"."source_id", "public"."observed_claims"."source_url", "public"."observed_claims"."observed_at", "public"."observed_claims"."extracted_at", "public"."observed_claims"."extraction_method"::text, "public"."observed_claims"."confidence", "public"."observed_claims"."resolution_method"::text, "public"."observed_claims"."resolution_confidence", "public"."observed_claims"."supersedes_claim_id", "public"."observed_claims"."is_active"
[34mprisma:query[39m SELECT "public"."canonical_sanctions"."sanction_id", "public"."canonical_sanctions"."claim_id" FROM "public"."canonical_sanctions" WHERE ("public"."canonical_sanctions"."entity_id" = $1 AND "public"."canonical_sanctions"."attribute_key" = $2 AND "public"."canonical_sanctions"."is_current" = $3) LIMIT $4 OFFSET $5
[34mprisma:query[39m SELECT "public"."source_registry"."id", "public"."source_registry"."trust_tier", "public"."source_registry"."requires_human_approval" FROM "public"."source_registry" WHERE ("public"."source_registry"."id" = $1 AND 1=1) LIMIT $2 OFFSET $3
[34mprisma:query[39m SELECT "public"."attribute_registry"."attribute_key", "public"."attribute_registry"."sanction_threshold", "public"."attribute_registry"."attribute_class"::text FROM "public"."attribute_registry" WHERE ("public"."attribute_registry"."attribute_key" = $1 AND 1=1) LIMIT $2 OFFSET $3
[34mprisma:query[39m INSERT INTO "public"."canonical_entity_state" ("entity_id","name","website","tips","last_sanctioned_at","sanctioned_by") VALUES ($1,$2,$3,$4,$5,$6) ON CONFLICT ("entity_id") DO UPDATE SET "website" = $7, "last_sanctioned_at" = $8 WHERE ("public"."canonical_entity_state"."entity_id" = $9 AND 1=1) RETURNING "public"."canonical_entity_state"."entity_id", "public"."canonical_entity_state"."name", "public"."canonical_entity_state"."google_place_id", "public"."canonical_entity_state"."latitude", "public"."canonical_entity_state"."longitude", "public"."canonical_entity_state"."address", "public"."canonical_entity_state"."neighborhood", "public"."canonical_entity_state"."phone", "public"."canonical_entity_state"."website", "public"."canonical_entity_state"."instagram", "public"."canonical_entity_state"."tiktok", "public"."canonical_entity_state"."hours_json", "public"."canonical_entity_state"."price_level", "public"."canonical_entity_state"."reservation_url", "public"."canonical_entity_state"."menu_url", "public"."canonical_entity_state"."winelist_url", "public"."canonical_entity_state"."description", "public"."canonical_entity_state"."cuisine_type", "public"."canonical_entity_state"."category", "public"."canonical_entity_state"."tips", "public"."canonical_entity_state"."google_photos", "public"."canonical_entity_state"."google_places_attributes", "public"."canonical_entity_state"."last_sanctioned_at", "public"."canonical_entity_state"."sanctioned_by"
[34mprisma:query[39m BEGIN
[34mprisma:query[39m UPDATE "public"."canonical_sanctions" SET "is_current" = $1 WHERE ("public"."canonical_sanctions"."entity_id" = $2 AND "public"."canonical_sanctions"."attribute_key" = $3 AND "public"."canonical_sanctions"."is_current" = $4)
[34mprisma:query[39m COMMIT
[34mprisma:query[39m INSERT INTO "public"."canonical_sanctions" ("sanction_id","entity_id","attribute_key","claim_id","sanctioned_at","sanctioned_by","sanction_method","is_current") VALUES ($1,$2,$3,$4,$5,$6,CAST($7::text AS "public"."SanctionMethod"),$8) RETURNING "public"."canonical_sanctions"."sanction_id", "public"."canonical_sanctions"."entity_id", "public"."canonical_sanctions"."attribute_key", "public"."canonical_sanctions"."claim_id", "public"."canonical_sanctions"."sanctioned_at", "public"."canonical_sanctions"."sanctioned_by", "public"."canonical_sanctions"."sanction_method"::text, "public"."canonical_sanctions"."is_current"
[34mprisma:query[39m SELECT "public"."entities"."id", "public"."entities"."category" FROM "public"."entities" WHERE ("public"."entities"."id" = $1 AND 1=1) LIMIT $2 OFFSET $3
[34mprisma:query[39m UPDATE "public"."entities" SET "last_enriched_at" = $1, "needs_human_review" = $2, "updated_at" = $3 WHERE ("public"."entities"."id" = $4 AND 1=1) RETURNING "public"."entities"."id"
Done.
[34mprisma:query[39m INSERT INTO "public"."place_job_log" ("id","entity_id","entity_type","job_type","pages_fetched","ai_calls","duration_ms","estimated_cost","created_at") VALUES ($1,$2,$3,$4,$5,$6,$7,$8,$9) RETURNING "public"."place_job_log"."id", "public"."place_job_log"."entity_id", "public"."place_job_log"."entity_type", "public"."place_job_log"."job_type", "public"."place_job_log"."pages_fetched", "public"."place_job_log"."ai_calls", "public"."place_job_log"."duration_ms", "public"."place_job_log"."estimated_cost", "public"."place_job_log"."created_at"
  ✓ enrichment_stage updated to 6

────────────────────────────────────────────────────────────
Stage 7: Tagline generation (AI)
  node -r ./scripts/load-env.js ./node_modules/.bin/tsx scripts/generate-taglines-v2.ts --place=Bar Siesta
────────────────────────────────────────────────────────────
[dotenv@17.2.3] injecting env (0) from .env -- tip: ⚙️  load multiple .env files with { path: ['.env.local', '.env'] }
[dotenv@17.2.3] injecting env (19) from .env.local -- tip: ⚙️  write to custom object with { processEnv: myObject }

🎙️  Saiko Voice Engine v2.0 — Tagline Generator
==========================================
🔸 Single place: "Bar Siesta"
🔸 Concurrency: 5

📍 Fetching records with identity signals...
📍 Found 1 places to process


[Batch 1/1] Processing 1 places...
────────────────────────────────────────────────────────────────────────────────
[1/1] Bar Siesta (excellent)

==========================================
📊 GENERATION SUMMARY
==========================================
Total processed:  1
Generated:        1
Skipped:          0
Failed:           0

By Pattern:
  Food Forward:       0
  Neighborhood Anchor: 1
  Energy Check:       0
  Local Authority:    0

By Signal Quality:
  Excellent: 1
  Good:      0
  Minimal:   0
  Insufficient: 0
==========================================


✅ Successfully saved 1 taglines to database
  ✓ enrichment_stage updated to 7
  ✓ last_enriched_at updated
  ✓ needs_human_review cleared

Re-scanning issues...
  Issues: 0 created, 3 resolved, 3 unchanged

════════════════════════════════════════════════════════════
Enrichment summary: Bar Siesta
════════════════════════════════════════════════════════════
  · Stage 1: Google Places identity commit (skipped)
  ✓ Stage 2: Surface discovery (ran)
  ✓ Stage 3: Surface fetch (ran)
  ✓ Stage 4: Surface parse (ran)
  ✓ Stage 5: Identity signal extraction (AI) (ran)
  ✓ Stage 6: Website enrichment (ran)
  ✓ Stage 7: Tagline generation (AI) (ran)


[2026-03-16T21:17:19.640Z] Process exited with code: 0
