[2026-03-17T23:33:28.430Z] Running stage 1 (Google Places identity commit) only for eightfold-coffee
[dotenv@17.2.3] injecting env (0) from .env -- tip: ⚙️  load multiple .env files with { path: ['.env.local', '.env'] }
[dotenv@17.2.3] injecting env (18) from .env.local -- tip: 🔐 encrypt with Dotenvx: https://dotenvx.com

Enrich: Eightfold Coffee (eightfold-coffee)
  ID:      9312c6e6-0921-4822-bb6b-e3a9ab4ffb55
  Website: https://eightfoldcoffee.square.site/
  GPID:    ChIJjxBGwf3GwoARaszNbZnssKg

Re-scanning issues...
  Issues: 0 created, 0 resolved, 5 unchanged

════════════════════════════════════════════════════════════
Enrichment summary: Eightfold Coffee
════════════════════════════════════════════════════════════
  · Stage 1: Google Places identity commit (skipped)
  · Stage 2: Surface discovery (skipped)
  · Stage 3: Surface fetch (skipped)
  · Stage 4: Surface parse (skipped)
  · Stage 5: Identity signal extraction (AI) (skipped)
  · Stage 6: Website enrichment (skipped)
  · Stage 7: Tagline generation (AI) (skipped)


[2026-03-17T23:33:29.904Z] Process exited with code: 0
