[2026-03-16T20:25:47.823Z] Running stage 1 (Google Places identity commit) only for holbox-restaurant-1-mercado-la-paloma-#1-on-la-times-101-2025
[dotenv@17.2.3] injecting env (0) from .env -- tip: ⚙️  enable debug logging with { debug: true }
[dotenv@17.2.3] injecting env (19) from .env.local -- tip: ✅ audit secrets and track compliance: https://dotenvx.com/ops

Enrich: Holbox (holbox-restaurant-1-mercado-la-paloma-#1-on-la-times-101-2025)
  ID:      0a5864db-e933-4740-a91b-c1936ee33620
  Website: http://www.holboxla.com/
  GPID:    ChIJMc9-jgrIwoARvFaE32ZlJzA

Stage 1: Google Places identity commit — skipped (Google Places data already cached (placesDataCachedAt set))

Re-scanning issues...
  Issues: 0 created, 0 resolved, 5 unchanged

════════════════════════════════════════════════════════════
Enrichment summary: Holbox
════════════════════════════════════════════════════════════
  · Stage 1: Google Places identity commit (skipped)
  · Stage 2: Surface discovery (skipped)
  · Stage 3: Surface fetch (skipped)
  · Stage 4: Surface parse (skipped)
  · Stage 5: Identity signal extraction (AI) (skipped)
  · Stage 6: Website enrichment (skipped)
  · Stage 7: Tagline generation (AI) (skipped)


[2026-03-16T20:25:50.122Z] Process exited with code: 0
