[dotenv@17.2.3] injecting env (0) from .env -- tip: ⚙️  write to custom object with { processEnv: myObject }
[dotenv@17.2.3] injecting env (19) from .env.local -- tip: 🗂️ backup and recover secrets: https://dotenvx.com/ops

Enrich: Lucia (lucia)
  ID:      567bf4c0-fa5b-4dd7-94bc-9415c2bc9437
  Website: https://www.luciala.com/
  GPID:    ChIJ0aN26s-5woARK0Nz2GazLKs

Stage 1: Google Places identity commit — skipped (Google Places identity resolved separately via backfill-google-places.ts)

────────────────────────────────────────────────────────────
Stage 2: Surface discovery
  ./node_modules/.bin/tsx scripts/run-surface-discovery.ts --entity-id=567bf4c0-fa5b-4dd7-94bc-9415c2bc9437 --limit=1
────────────────────────────────────────────────────────────
[dotenv@17.2.3] injecting env (0) from .env -- tip: ⚙️  write to custom object with { processEnv: myObject }
[dotenv@17.2.3] injecting env (19) from .env.local -- tip: 🔐 encrypt with Dotenvx: https://dotenvx.com
🔍 Merchant Surface Discovery

Found 1 entities needing discovery

  Lucia (567bf4c0…) https://www.luciala.com/ … ✓ homepage fetched · 4 surfaces discovered: menu, about, contact, instagram

━━━━━━━━━━━━━━━━━━━━━━━━━━━━━━━━━━━━
✅ Discovery complete
   Entities processed : 1
   Homepage succeeded  : 1
   Homepage failed     : 0
   Surface rows written: 5

────────────────────────────────────────────────────────────
Stage 3: Surface fetch
  ./node_modules/.bin/tsx scripts/run-surface-fetch.ts --entity-id=567bf4c0-fa5b-4dd7-94bc-9415c2bc9437 --limit=20
────────────────────────────────────────────────────────────
[dotenv@17.2.3] injecting env (0) from .env -- tip: 👥 sync secrets across teammates & machines: https://dotenvx.com/ops
[dotenv@17.2.3] injecting env (19) from .env.local -- tip: 🔐 prevent committing .env to code: https://dotenvx.com/precommit
📥 Merchant Surface Fetch Pass

Found 3 discovered surfaces to fetch

  [menu] https://www.luciala.com/menu … ✓ captured
  [about] https://www.luciala.com/about … ✓ captured
  [contact] https://www.luciala.com/contact … ✓ captured

━━━━━━━━━━━━━━━━━━━━━━━━━━━━━━━━━━━━
✅ Fetch pass complete
   Surfaces processed : 3
   Captured (new rows) : 3
   Deduped (skipped)   : 0
   Failed              : 0

────────────────────────────────────────────────────────────
Stage 4: Surface parse
  ./node_modules/.bin/tsx scripts/run-surface-parse.ts --entity-id=567bf4c0-fa5b-4dd7-94bc-9415c2bc9437 --limit=20
────────────────────────────────────────────────────────────
[dotenv@17.2.3] injecting env (0) from .env -- tip: 🗂️ backup and recover secrets: https://dotenvx.com/ops
[dotenv@17.2.3] injecting env (19) from .env.local -- tip: ⚙️  override existing env vars with { override: true }
🔍 Merchant Surface Parse Pass

   artifact_type    : parse_v1
   artifact_version : 1

Found 4 surfaces to parse

  [homepage   ] https://www.luciala.com/ … ✓ parsed
  [menu       ] https://www.luciala.com/menu … ✓ parsed
  [about      ] https://www.luciala.com/about … ✓ parsed
  [contact    ] https://www.luciala.com/contact … ✓ parsed

━━━━━━━━━━━━━━━━━━━━━━━━━━━━━━━━━━━━
✅ Parse pass complete
   Surfaces processed : 4
   Parsed (artifacts) : 4
   Deduped (skipped)  : 0
   Failed             : 0

────────────────────────────────────────────────────────────
Stage 5: Identity signal extraction (AI)
  ./node_modules/.bin/tsx scripts/extract-identity-signals.ts --place=Lucia
────────────────────────────────────────────────────────────

🔮 Saiko Maps — Identity Signal Extraction
==========================================
🔸 Single place: "Lucia"

📍 Found 0 places to process
   (0 in canonical scope · 0 unprocessed · 0 with extractable content)

No records to process. Exiting.

────────────────────────────────────────────────────────────
Stage 6: Website enrichment
  ./node_modules/.bin/tsx scripts/run-website-enrichment.ts --slug=lucia
────────────────────────────────────────────────────────────
prisma:query SELECT "public"."entities"."id", "public"."entities"."website", "public"."entities"."name", "public"."entities"."category" FROM "public"."entities" WHERE ("public"."entities"."slug" = $1 AND "public"."entities"."website" IS NOT NULL) ORDER BY "public"."entities"."updated_at" DESC LIMIT $2 OFFSET $3
Website enrichment: 1 places (mode=default, ignoreThrottle=false, dryRun=false)

  Lucia | 200 | conf=0.90 | cat=Restaurant
prisma:query INSERT INTO "public"."merchant_enrichment_runs" ("id","entity_id","source_url","final_url","fetched_at","http_status","extraction_json","confidence","cost_usd","created_at") VALUES ($1,$2,$3,$4,$5,$6,$7,$8,$9,$10) RETURNING "public"."merchant_enrichment_runs"."id", "public"."merchant_enrichment_runs"."entity_id", "public"."merchant_enrichment_runs"."source_url", "public"."merchant_enrichment_runs"."final_url", "public"."merchant_enrichment_runs"."fetched_at", "public"."merchant_enrichment_runs"."http_status", "public"."merchant_enrichment_runs"."extraction_json", "public"."merchant_enrichment_runs"."confidence", "public"."merchant_enrichment_runs"."cost_usd", "public"."merchant_enrichment_runs"."created_at"
prisma:query INSERT INTO "public"."merchant_signals" ("entity_id","inferred_category","inferred_cuisine","reservation_provider","reservation_url","ordering_provider","ordering_url","menu_url","social_links","extraction_confidence","last_updated_at") VALUES ($1,$2,$3,$4,$5,$6,$7,$8,$9,$10,$11) ON CONFLICT ("entity_id") DO UPDATE SET "inferred_category" = $12, "inferred_cuisine" = $13, "reservation_provider" = $14, "reservation_url" = $15, "ordering_provider" = $16, "ordering_url" = $17, "menu_url" = $18, "social_links" = $19, "extraction_confidence" = $20, "last_updated_at" = $21 WHERE ("public"."merchant_signals"."entity_id" = $22 AND 1=1) RETURNING "public"."merchant_signals"."entity_id", "public"."merchant_signals"."inferred_category", "public"."merchant_signals"."inferred_cuisine", "public"."merchant_signals"."reservation_provider", "public"."merchant_signals"."reservation_url", "public"."merchant_signals"."ordering_provider", "public"."merchant_signals"."ordering_url", "public"."merchant_signals"."menu_url", "public"."merchant_signals"."winelist_url", "public"."merchant_signals"."social_links", "public"."merchant_signals"."extraction_confidence", "public"."merchant_signals"."last_updated_at"
prisma:query INSERT INTO "public"."observed_claims" ("claim_id","entity_id","attribute_key","raw_value","normalized_value","source_id","source_url","observed_at","extracted_at","extraction_method","confidence","resolution_method","supersedes_claim_id","is_active") VALUES ($1,$2,$3,$4,$5,$6,$7,$8,$9,CAST($10::text AS "public"."ExtractionMethod"),$11,CAST($12::text AS "public"."ClaimResolutionMethod"),$13,$14) RETURNING "public"."observed_claims"."claim_id", "public"."observed_claims"."entity_id", "public"."observed_claims"."attribute_key", "public"."observed_claims"."raw_value", "public"."observed_claims"."normalized_value", "public"."observed_claims"."source_id", "public"."observed_claims"."source_url", "public"."observed_claims"."observed_at", "public"."observed_claims"."extracted_at", "public"."observed_claims"."extraction_method"::text, "public"."observed_claims"."confidence", "public"."observed_claims"."resolution_method"::text, "public"."observed_claims"."resolution_confidence", "public"."observed_claims"."supersedes_claim_id", "public"."observed_claims"."is_active"
prisma:query SELECT "public"."source_registry"."id", "public"."source_registry"."trust_tier", "public"."source_registry"."requires_human_approval" FROM "public"."source_registry" WHERE ("public"."source_registry"."id" = $1 AND 1=1) LIMIT $2 OFFSET $3
prisma:query SELECT "public"."attribute_registry"."attribute_key", "public"."attribute_registry"."sanction_threshold", "public"."attribute_registry"."attribute_class"::text FROM "public"."attribute_registry" WHERE ("public"."attribute_registry"."attribute_key" = $1 AND 1=1) LIMIT $2 OFFSET $3
prisma:query SELECT "public"."canonical_sanctions"."sanction_id", "public"."canonical_sanctions"."claim_id" FROM "public"."canonical_sanctions" WHERE ("public"."canonical_sanctions"."entity_id" = $1 AND "public"."canonical_sanctions"."attribute_key" = $2 AND "public"."canonical_sanctions"."is_current" = $3) LIMIT $4 OFFSET $5
prisma:query INSERT INTO "public"."canonical_entity_state" ("entity_id","name","menu_url","tips","last_sanctioned_at","sanctioned_by") VALUES ($1,$2,$3,$4,$5,$6) ON CONFLICT ("entity_id") DO UPDATE SET "menu_url" = $7, "last_sanctioned_at" = $8 WHERE ("public"."canonical_entity_state"."entity_id" = $9 AND 1=1) RETURNING "public"."canonical_entity_state"."entity_id", "public"."canonical_entity_state"."name", "public"."canonical_entity_state"."google_place_id", "public"."canonical_entity_state"."latitude", "public"."canonical_entity_state"."longitude", "public"."canonical_entity_state"."address", "public"."canonical_entity_state"."neighborhood", "public"."canonical_entity_state"."phone", "public"."canonical_entity_state"."website", "public"."canonical_entity_state"."instagram", "public"."canonical_entity_state"."tiktok", "public"."canonical_entity_state"."hours_json", "public"."canonical_entity_state"."price_level", "public"."canonical_entity_state"."reservation_url", "public"."canonical_entity_state"."menu_url", "public"."canonical_entity_state"."winelist_url", "public"."canonical_entity_state"."description", "public"."canonical_entity_state"."cuisine_type", "public"."canonical_entity_state"."category", "public"."canonical_entity_state"."tips", "public"."canonical_entity_state"."google_photos", "public"."canonical_entity_state"."google_places_attributes", "public"."canonical_entity_state"."last_sanctioned_at", "public"."canonical_entity_state"."sanctioned_by"
prisma:query BEGIN
prisma:query UPDATE "public"."canonical_sanctions" SET "is_current" = $1 WHERE ("public"."canonical_sanctions"."entity_id" = $2 AND "public"."canonical_sanctions"."attribute_key" = $3 AND "public"."canonical_sanctions"."is_current" = $4)
prisma:query COMMIT
prisma:query INSERT INTO "public"."canonical_sanctions" ("sanction_id","entity_id","attribute_key","claim_id","sanctioned_at","sanctioned_by","sanction_method","is_current") VALUES ($1,$2,$3,$4,$5,$6,CAST($7::text AS "public"."SanctionMethod"),$8) RETURNING "public"."canonical_sanctions"."sanction_id", "public"."canonical_sanctions"."entity_id", "public"."canonical_sanctions"."attribute_key", "public"."canonical_sanctions"."claim_id", "public"."canonical_sanctions"."sanctioned_at", "public"."canonical_sanctions"."sanctioned_by", "public"."canonical_sanctions"."sanction_method"::text, "public"."canonical_sanctions"."is_current"
prisma:query INSERT INTO "public"."observed_claims" ("claim_id","entity_id","attribute_key","raw_value","normalized_value","source_id","source_url","observed_at","extracted_at","extraction_method","confidence","resolution_method","supersedes_claim_id","is_active") VALUES ($1,$2,$3,$4,$5,$6,$7,$8,$9,CAST($10::text AS "public"."ExtractionMethod"),$11,CAST($12::text AS "public"."ClaimResolutionMethod"),$13,$14) RETURNING "public"."observed_claims"."claim_id", "public"."observed_claims"."entity_id", "public"."observed_claims"."attribute_key", "public"."observed_claims"."raw_value", "public"."observed_claims"."normalized_value", "public"."observed_claims"."source_id", "public"."observed_claims"."source_url", "public"."observed_claims"."observed_at", "public"."observed_claims"."extracted_at", "public"."observed_claims"."extraction_method"::text, "public"."observed_claims"."confidence", "public"."observed_claims"."resolution_method"::text, "public"."observed_claims"."resolution_confidence", "public"."observed_claims"."supersedes_claim_id", "public"."observed_claims"."is_active"
prisma:query SELECT "public"."canonical_sanctions"."sanction_id", "public"."canonical_sanctions"."claim_id" FROM "public"."canonical_sanctions" WHERE ("public"."canonical_sanctions"."entity_id" = $1 AND "public"."canonical_sanctions"."attribute_key" = $2 AND "public"."canonical_sanctions"."is_current" = $3) LIMIT $4 OFFSET $5
prisma:query SELECT "public"."attribute_registry"."attribute_key", "public"."attribute_registry"."sanction_threshold", "public"."attribute_registry"."attribute_class"::text FROM "public"."attribute_registry" WHERE ("public"."attribute_registry"."attribute_key" = $1 AND 1=1) LIMIT $2 OFFSET $3
prisma:query SELECT "public"."source_registry"."id", "public"."source_registry"."trust_tier", "public"."source_registry"."requires_human_approval" FROM "public"."source_registry" WHERE ("public"."source_registry"."id" = $1 AND 1=1) LIMIT $2 OFFSET $3
prisma:query INSERT INTO "public"."canonical_entity_state" ("entity_id","name","reservation_url","tips","last_sanctioned_at","sanctioned_by") VALUES ($1,$2,$3,$4,$5,$6) ON CONFLICT ("entity_id") DO UPDATE SET "reservation_url" = $7, "last_sanctioned_at" = $8 WHERE ("public"."canonical_entity_state"."entity_id" = $9 AND 1=1) RETURNING "public"."canonical_entity_state"."entity_id", "public"."canonical_entity_state"."name", "public"."canonical_entity_state"."google_place_id", "public"."canonical_entity_state"."latitude", "public"."canonical_entity_state"."longitude", "public"."canonical_entity_state"."address", "public"."canonical_entity_state"."neighborhood", "public"."canonical_entity_state"."phone", "public"."canonical_entity_state"."website", "public"."canonical_entity_state"."instagram", "public"."canonical_entity_state"."tiktok", "public"."canonical_entity_state"."hours_json", "public"."canonical_entity_state"."price_level", "public"."canonical_entity_state"."reservation_url", "public"."canonical_entity_state"."menu_url", "public"."canonical_entity_state"."winelist_url", "public"."canonical_entity_state"."description", "public"."canonical_entity_state"."cuisine_type", "public"."canonical_entity_state"."category", "public"."canonical_entity_state"."tips", "public"."canonical_entity_state"."google_photos", "public"."canonical_entity_state"."google_places_attributes", "public"."canonical_entity_state"."last_sanctioned_at", "public"."canonical_entity_state"."sanctioned_by"
prisma:query BEGIN
prisma:query UPDATE "public"."canonical_sanctions" SET "is_current" = $1 WHERE ("public"."canonical_sanctions"."entity_id" = $2 AND "public"."canonical_sanctions"."attribute_key" = $3 AND "public"."canonical_sanctions"."is_current" = $4)
prisma:query COMMIT
prisma:query INSERT INTO "public"."canonical_sanctions" ("sanction_id","entity_id","attribute_key","claim_id","sanctioned_at","sanctioned_by","sanction_method","is_current") VALUES ($1,$2,$3,$4,$5,$6,CAST($7::text AS "public"."SanctionMethod"),$8) RETURNING "public"."canonical_sanctions"."sanction_id", "public"."canonical_sanctions"."entity_id", "public"."canonical_sanctions"."attribute_key", "public"."canonical_sanctions"."claim_id", "public"."canonical_sanctions"."sanctioned_at", "public"."canonical_sanctions"."sanctioned_by", "public"."canonical_sanctions"."sanction_method"::text, "public"."canonical_sanctions"."is_current"
prisma:query INSERT INTO "public"."observed_claims" ("claim_id","entity_id","attribute_key","raw_value","normalized_value","source_id","source_url","observed_at","extracted_at","extraction_method","confidence","resolution_method","supersedes_claim_id","is_active") VALUES ($1,$2,$3,$4,$5,$6,$7,$8,$9,CAST($10::text AS "public"."ExtractionMethod"),$11,CAST($12::text AS "public"."ClaimResolutionMethod"),$13,$14) RETURNING "public"."observed_claims"."claim_id", "public"."observed_claims"."entity_id", "public"."observed_claims"."attribute_key", "public"."observed_claims"."raw_value", "public"."observed_claims"."normalized_value", "public"."observed_claims"."source_id", "public"."observed_claims"."source_url", "public"."observed_claims"."observed_at", "public"."observed_claims"."extracted_at", "public"."observed_claims"."extraction_method"::text, "public"."observed_claims"."confidence", "public"."observed_claims"."resolution_method"::text, "public"."observed_claims"."resolution_confidence", "public"."observed_claims"."supersedes_claim_id", "public"."observed_claims"."is_active"
prisma:query SELECT "public"."source_registry"."id", "public"."source_registry"."trust_tier", "public"."source_registry"."requires_human_approval" FROM "public"."source_registry" WHERE ("public"."source_registry"."id" = $1 AND 1=1) LIMIT $2 OFFSET $3
prisma:query SELECT "public"."attribute_registry"."attribute_key", "public"."attribute_registry"."sanction_threshold", "public"."attribute_registry"."attribute_class"::text FROM "public"."attribute_registry" WHERE ("public"."attribute_registry"."attribute_key" = $1 AND 1=1) LIMIT $2 OFFSET $3
prisma:query SELECT "public"."canonical_sanctions"."sanction_id", "public"."canonical_sanctions"."claim_id" FROM "public"."canonical_sanctions" WHERE ("public"."canonical_sanctions"."entity_id" = $1 AND "public"."canonical_sanctions"."attribute_key" = $2 AND "public"."canonical_sanctions"."is_current" = $3) LIMIT $4 OFFSET $5
prisma:query INSERT INTO "public"."canonical_entity_state" ("entity_id","name","website","tips","last_sanctioned_at","sanctioned_by") VALUES ($1,$2,$3,$4,$5,$6) ON CONFLICT ("entity_id") DO UPDATE SET "website" = $7, "last_sanctioned_at" = $8 WHERE ("public"."canonical_entity_state"."entity_id" = $9 AND 1=1) RETURNING "public"."canonical_entity_state"."entity_id", "public"."canonical_entity_state"."name", "public"."canonical_entity_state"."google_place_id", "public"."canonical_entity_state"."latitude", "public"."canonical_entity_state"."longitude", "public"."canonical_entity_state"."address", "public"."canonical_entity_state"."neighborhood", "public"."canonical_entity_state"."phone", "public"."canonical_entity_state"."website", "public"."canonical_entity_state"."instagram", "public"."canonical_entity_state"."tiktok", "public"."canonical_entity_state"."hours_json", "public"."canonical_entity_state"."price_level", "public"."canonical_entity_state"."reservation_url", "public"."canonical_entity_state"."menu_url", "public"."canonical_entity_state"."winelist_url", "public"."canonical_entity_state"."description", "public"."canonical_entity_state"."cuisine_type", "public"."canonical_entity_state"."category", "public"."canonical_entity_state"."tips", "public"."canonical_entity_state"."google_photos", "public"."canonical_entity_state"."google_places_attributes", "public"."canonical_entity_state"."last_sanctioned_at", "public"."canonical_entity_state"."sanctioned_by"
prisma:query BEGIN
prisma:query UPDATE "public"."canonical_sanctions" SET "is_current" = $1 WHERE ("public"."canonical_sanctions"."entity_id" = $2 AND "public"."canonical_sanctions"."attribute_key" = $3 AND "public"."canonical_sanctions"."is_current" = $4)
prisma:query COMMIT
prisma:query INSERT INTO "public"."canonical_sanctions" ("sanction_id","entity_id","attribute_key","claim_id","sanctioned_at","sanctioned_by","sanction_method","is_current") VALUES ($1,$2,$3,$4,$5,$6,CAST($7::text AS "public"."SanctionMethod"),$8) RETURNING "public"."canonical_sanctions"."sanction_id", "public"."canonical_sanctions"."entity_id", "public"."canonical_sanctions"."attribute_key", "public"."canonical_sanctions"."claim_id", "public"."canonical_sanctions"."sanctioned_at", "public"."canonical_sanctions"."sanctioned_by", "public"."canonical_sanctions"."sanction_method"::text, "public"."canonical_sanctions"."is_current"
prisma:query SELECT "public"."entities"."id", "public"."entities"."category" FROM "public"."entities" WHERE ("public"."entities"."id" = $1 AND 1=1) LIMIT $2 OFFSET $3
prisma:query UPDATE "public"."entities" SET "last_enriched_at" = $1, "needs_human_review" = $2, "category" = $3, "updated_at" = $4 WHERE ("public"."entities"."id" = $5 AND 1=1) RETURNING "public"."entities"."id"
prisma:query INSERT INTO "public"."place_job_log" ("id","entity_id","entity_type","job_type","pages_fetched","ai_calls","duration_ms","estimated_cost","created_at") VALUES ($1,$2,$3,$4,$5,$6,$7,$8,$9) RETURNING "public"."place_job_log"."id", "public"."place_job_log"."entity_id", "public"."place_job_log"."entity_type", "public"."place_job_log"."job_type", "public"."place_job_log"."pages_fetched", "public"."place_job_log"."ai_calls", "public"."place_job_log"."duration_ms", "public"."place_job_log"."estimated_cost", "public"."place_job_log"."created_at"
Done.

────────────────────────────────────────────────────────────
Stage 7: Tagline generation (AI)
  ./node_modules/.bin/tsx scripts/generate-taglines-v2.ts --place=Lucia
────────────────────────────────────────────────────────────

🎙️  Saiko Voice Engine v2.0 — Tagline Generator
==========================================
🔸 Single place: "Lucia"
🔸 Concurrency: 5

📍 Fetching records with identity signals...
📍 Found 0 places to process

No records to process. Exiting.

════════════════════════════════════════════════════════════
Enrichment summary: Lucia
════════════════════════════════════════════════════════════
  · Stage 1: Google Places identity commit (skipped)
  ✓ Stage 2: Surface discovery (ran)
  ✓ Stage 3: Surface fetch (ran)
  ✓ Stage 4: Surface parse (ran)
  ✓ Stage 5: Identity signal extraction (AI) (ran)
  ✓ Stage 6: Website enrichment (ran)
  ✓ Stage 7: Tagline generation (AI) (ran)

