[2026-03-16T20:27:26.141Z] Running stage 1 (Google Places identity commit) only for komal-molino-south-central
[dotenv@17.2.3] injecting env (0) from .env -- tip: ⚙️  enable debug logging with { debug: true }
[dotenv@17.2.3] injecting env (19) from .env.local -- tip: ⚙️  specify custom .env file path with { path: '/custom/path/.env' }

Enrich: KOMAL (komal-molino-south-central)
  ID:      139f6605-2506-46db-bc84-1ebf6aa97534
  Website: https://komal.toast.site/order/komal-3655-south-grand-avenue
  GPID:    ChIJN2ZjSwDJwoARKK1-GW6NSg4

Stage 1: Google Places identity commit — skipped (Google Places data already cached (placesDataCachedAt set))

Re-scanning issues...
  Issues: 1 created, 0 resolved, 5 unchanged

════════════════════════════════════════════════════════════
Enrichment summary: KOMAL
════════════════════════════════════════════════════════════
  · Stage 1: Google Places identity commit (skipped)
  · Stage 2: Surface discovery (skipped)
  · Stage 3: Surface fetch (skipped)
  · Stage 4: Surface parse (skipped)
  · Stage 5: Identity signal extraction (AI) (skipped)
  · Stage 6: Website enrichment (skipped)
  · Stage 7: Tagline generation (AI) (skipped)


[2026-03-16T20:27:28.006Z] Process exited with code: 0
