[2026-03-16T20:04:38.610Z] Running stage 1 (Google Places identity commit) only for bar-covell-wine-bar-5-wine-bar-los-feliz
[dotenv@17.2.3] injecting env (0) from .env -- tip: 🗂️ backup and recover secrets: https://dotenvx.com/ops
[dotenv@17.2.3] injecting env (19) from .env.local -- tip: 🔐 prevent building .env in docker: https://dotenvx.com/prebuild

Enrich: Covell (bar-covell-wine-bar-5-wine-bar-los-feliz)
  ID:      8e05af40-46d5-4fc1-ae34-e20e8dfdd810
  Website: http://www.barcovell.com/
  GPID:    ChIJD2HKqa3AwoAR8JTi02ZS2Hc

Stage 1: Google Places identity commit — skipped (Google Places data already cached (placesDataCachedAt set))
  ✓ needs_human_review cleared

Re-scanning issues...
  Issues: 1 created, 0 resolved, 3 unchanged

════════════════════════════════════════════════════════════
Enrichment summary: Covell
════════════════════════════════════════════════════════════
  · Stage 1: Google Places identity commit (skipped)
  · Stage 2: Surface discovery (skipped)
  · Stage 3: Surface fetch (skipped)
  · Stage 4: Surface parse (skipped)
  · Stage 5: Identity signal extraction (AI) (skipped)
  · Stage 6: Website enrichment (skipped)
  · Stage 7: Tagline generation (AI) (skipped)


[2026-03-16T20:04:41.797Z] Process exited with code: 0
