[2026-03-16T20:35:53.651Z] Starting enrichment for go-get-em-tiger
[dotenv@17.2.3] injecting env (0) from .env -- tip: 🗂️ backup and recover secrets: https://dotenvx.com/ops
[dotenv@17.2.3] injecting env (19) from .env.local -- tip: ⚙️  write to custom object with { processEnv: myObject }

Enrich: Go Get Em Tiger (go-get-em-tiger)
  ID:      fdac246a-b9ec-467e-9485-0c784a675c37
  Website: https://www.gget.com/
  GPID:    ChIJy4RMgUvGwoARxcVCshVZCwk

Stage 1: Google Places identity commit — skipped (Google Places data already cached (placesDataCachedAt set))

Stage 2: Surface discovery — skipped (surface rows already exist)

────────────────────────────────────────────────────────────
Stage 3: Surface fetch
  node -r ./scripts/load-env.js ./node_modules/.bin/tsx scripts/run-surface-fetch.ts --entity-id=fdac246a-b9ec-467e-9485-0c784a675c37 --limit=20
────────────────────────────────────────────────────────────
[dotenv@17.2.3] injecting env (0) from .env -- tip: 🔄 add secrets lifecycle management: https://dotenvx.com/ops
[dotenv@17.2.3] injecting env (19) from .env.local -- tip: ⚙️  override existing env vars with { override: true }
[dotenv@17.2.3] injecting env (0) from .env -- tip: ⚙️  enable debug logging with { debug: true }
[dotenv@17.2.3] injecting env (19) from .env.local -- tip: 🗂️ backup and recover secrets: https://dotenvx.com/ops
📥 Merchant Surface Fetch Pass

No discovered surfaces to fetch.
  ✓ enrichment_stage updated to 3

Stage 4: Surface parse — skipped (no surfaces pending parse)

────────────────────────────────────────────────────────────
Stage 5: Identity signal extraction (AI)
  node -r ./scripts/load-env.js ./node_modules/.bin/tsx scripts/extract-identity-signals.ts --place=Go Get Em Tiger
────────────────────────────────────────────────────────────
[dotenv@17.2.3] injecting env (0) from .env -- tip: 🔐 encrypt with Dotenvx: https://dotenvx.com
[dotenv@17.2.3] injecting env (19) from .env.local -- tip: ⚙️  enable debug logging with { debug: true }

🔮 Saiko Maps — Identity Signal Extraction
==========================================
🔸 Single place: "Go Get Em Tiger"

📍 Found 0 places to process
   (0 in canonical scope · 0 unprocessed · 0 with extractable content)

No records to process. Exiting.
  ✓ enrichment_stage updated to 5

────────────────────────────────────────────────────────────
Stage 6: Website enrichment
  node -r ./scripts/load-env.js ./node_modules/.bin/tsx scripts/run-website-enrichment.ts --slug=go-get-em-tiger
────────────────────────────────────────────────────────────
[dotenv@17.2.3] injecting env (0) from .env -- tip: 🗂️ backup and recover secrets: https://dotenvx.com/ops
[dotenv@17.2.3] injecting env (19) from .env.local -- tip: 🔑 add access controls to secrets: https://dotenvx.com/ops
[34mprisma:query[39m SELECT "public"."entities"."id", "public"."entities"."website", "public"."entities"."name", "public"."entities"."category" FROM "public"."entities" WHERE ("public"."entities"."slug" = $1 AND "public"."entities"."website" IS NOT NULL) ORDER BY "public"."entities"."updated_at" DESC LIMIT $2 OFFSET $3
Website enrichment: 1 places (mode=default, ignoreThrottle=false, dryRun=false)

  Go Get Em Tiger FULL ERROR:
SyntaxError: Invalid regular expression: /^/collections/.*+.*/: Nothing to repeat
    at new RegExp (<anonymous>)
    at isPathDisallowed [90m(/Users/bobbyciccaglione/code/saiko-maps/[39mlib/website-enrichment/fetch.ts:43:18[90m)[39m
    at fetchWithLimits [90m(/Users/bobbyciccaglione/code/saiko-maps/[39mlib/website-enrichment/fetch.ts:68:11[90m)[39m
[90m    at process.processTicksAndRejections (node:internal/process/task_queues:105:5)[39m
    at async runEnrichmentForPlace [90m(/Users/bobbyciccaglione/code/saiko-maps/[39mlib/website-enrichment/pipeline.ts:57:22[90m)[39m
    at async main [90m(/Users/bobbyciccaglione/code/saiko-maps/[39mscripts/run-website-enrichment.ts:111:23[90m)[39m
Done.
  ✓ enrichment_stage updated to 6

────────────────────────────────────────────────────────────
Stage 7: Tagline generation (AI)
  node -r ./scripts/load-env.js ./node_modules/.bin/tsx scripts/generate-taglines-v2.ts --place=Go Get Em Tiger
────────────────────────────────────────────────────────────
[dotenv@17.2.3] injecting env (0) from .env -- tip: ⚙️  enable debug logging with { debug: true }
[dotenv@17.2.3] injecting env (19) from .env.local -- tip: 🔐 prevent committing .env to code: https://dotenvx.com/precommit

🎙️  Saiko Voice Engine v2.0 — Tagline Generator
==========================================
🔸 Single place: "Go Get Em Tiger"
🔸 Concurrency: 5

📍 Fetching records with identity signals...
📍 Found 0 places to process

No records to process. Exiting.
  ✓ enrichment_stage updated to 7
  ✓ last_enriched_at updated

Re-scanning issues...
  Issues: 0 created, 1 resolved, 5 unchanged

════════════════════════════════════════════════════════════
Enrichment summary: Go Get Em Tiger
════════════════════════════════════════════════════════════
  · Stage 1: Google Places identity commit (skipped)
  · Stage 2: Surface discovery (skipped)
  ✓ Stage 3: Surface fetch (ran)
  · Stage 4: Surface parse (skipped)
  ✓ Stage 5: Identity signal extraction (AI) (ran)
  ✓ Stage 6: Website enrichment (ran)
  ✓ Stage 7: Tagline generation (AI) (ran)


[2026-03-16T20:36:09.991Z] Process exited with code: 0
