[2026-03-16T20:27:29.902Z] Running stage 1 (Google Places identity commit) only for tacos-don-cuco
[dotenv@17.2.3] injecting env (0) from .env -- tip: ⚙️  write to custom object with { processEnv: myObject }
[dotenv@17.2.3] injecting env (19) from .env.local -- tip: ⚙️  write to custom object with { processEnv: myObject }

Enrich: Tacos Don Cuco (tacos-don-cuco)
  ID:      31dd10a0-273a-4dba-8dac-cd0df1a083a9
  Website: https://tacosdoncuco.com/
  GPID:    ChIJB7p8JgfPwoARSdIGmO7FEzI

Stage 1: Google Places identity commit — skipped (Google Places data already cached (placesDataCachedAt set))

Re-scanning issues...
  Issues: 1 created, 0 resolved, 4 unchanged

════════════════════════════════════════════════════════════
Enrichment summary: Tacos Don Cuco
════════════════════════════════════════════════════════════
  · Stage 1: Google Places identity commit (skipped)
  · Stage 2: Surface discovery (skipped)
  · Stage 3: Surface fetch (skipped)
  · Stage 4: Surface parse (skipped)
  · Stage 5: Identity signal extraction (AI) (skipped)
  · Stage 6: Website enrichment (skipped)
  · Stage 7: Tagline generation (AI) (skipped)


[2026-03-16T20:27:31.779Z] Process exited with code: 0
