[2026-03-16T20:27:34.050Z] Running stage 1 (Google Places identity commit) only for mideast-tacos
[dotenv@17.2.3] injecting env (0) from .env -- tip: ⚙️  enable debug logging with { debug: true }
[dotenv@17.2.3] injecting env (19) from .env.local -- tip: 👥 sync secrets across teammates & machines: https://dotenvx.com/ops

Enrich: MidEast Tacos (mideast-tacos)
  ID:      9f86ac95-1454-4007-9c1d-17b9abf0adf7
  Website: https://mideasttacos.com/
  GPID:    ChIJzVi3YhrHwoARtz-cSmDVLyM

Stage 1: Google Places identity commit — skipped (Google Places data already cached (placesDataCachedAt set))

Re-scanning issues...
  Issues: 1 created, 0 resolved, 3 unchanged

════════════════════════════════════════════════════════════
Enrichment summary: MidEast Tacos
════════════════════════════════════════════════════════════
  · Stage 1: Google Places identity commit (skipped)
  · Stage 2: Surface discovery (skipped)
  · Stage 3: Surface fetch (skipped)
  · Stage 4: Surface parse (skipped)
  · Stage 5: Identity signal extraction (AI) (skipped)
  · Stage 6: Website enrichment (skipped)
  · Stage 7: Tagline generation (AI) (skipped)


[2026-03-16T20:27:36.040Z] Process exited with code: 0
