[2026-03-16T21:24:02.978Z] Running stage 1 (Google Places identity commit) only for sushi-n-matcha-sho
[dotenv@17.2.3] injecting env (0) from .env -- tip: 🔐 encrypt with Dotenvx: https://dotenvx.com
[dotenv@17.2.3] injecting env (19) from .env.local -- tip: 🔐 encrypt with Dotenvx: https://dotenvx.com

Enrich: Sushi n Matcha Sho (sushi-n-matcha-sho)
  ID:      bc46f366-7984-44dc-9dbd-9bed2898abbc
  Website: https://sushishomelrose.com/
  GPID:    ChIJZVNvUDW_woARM1hwZfXjnJw

Stage 1: Google Places identity commit — skipped (Google Places data already cached (placesDataCachedAt set))
  ✓ needs_human_review cleared

Re-scanning issues...
  Issues: 1 created, 0 resolved, 5 unchanged

════════════════════════════════════════════════════════════
Enrichment summary: Sushi n Matcha Sho
════════════════════════════════════════════════════════════
  · Stage 1: Google Places identity commit (skipped)
  · Stage 2: Surface discovery (skipped)
  · Stage 3: Surface fetch (skipped)
  · Stage 4: Surface parse (skipped)
  · Stage 5: Identity signal extraction (AI) (skipped)
  · Stage 6: Website enrichment (skipped)
  · Stage 7: Tagline generation (AI) (skipped)


[2026-03-16T21:24:05.860Z] Process exited with code: 0
