[2026-03-16T20:28:28.271Z] Running stage 1 (Google Places identity commit) only for north-figueroa-bookshop
[dotenv@17.2.3] injecting env (0) from .env -- tip: 🔐 prevent committing .env to code: https://dotenvx.com/precommit
[dotenv@17.2.3] injecting env (19) from .env.local -- tip: 🔐 prevent building .env in docker: https://dotenvx.com/prebuild

Enrich: North Figueroa Bookshop (north-figueroa-bookshop)
  ID:      0ca7a106-722a-400e-8337-7766677bdee1
  Website: https://northfigbookshop.com/
  GPID:    ChIJB9awc4HFwoAR-qk9oj2CTe0

Stage 1: Google Places identity commit — skipped (Google Places data already cached (placesDataCachedAt set))

Re-scanning issues...
  Issues: 1 created, 0 resolved, 6 unchanged

════════════════════════════════════════════════════════════
Enrichment summary: North Figueroa Bookshop
════════════════════════════════════════════════════════════
  · Stage 1: Google Places identity commit (skipped)
  · Stage 2: Surface discovery (skipped)
  · Stage 3: Surface fetch (skipped)
  · Stage 4: Surface parse (skipped)
  · Stage 5: Identity signal extraction (AI) (skipped)
  · Stage 6: Website enrichment (skipped)
  · Stage 7: Tagline generation (AI) (skipped)


[2026-03-16T20:28:31.116Z] Process exited with code: 0
