[2026-03-16T20:28:08.289Z] Running stage 1 (Google Places identity commit) only for permanent-records-roadhouse
[dotenv@17.2.3] injecting env (0) from .env -- tip: 🔐 encrypt with Dotenvx: https://dotenvx.com
[dotenv@17.2.3] injecting env (19) from .env.local -- tip: ⚙️  override existing env vars with { override: true }

Enrich: Permanent Records Roadhouse (permanent-records-roadhouse)
  ID:      5b1e2467-4f58-4b21-9aa8-f8b9cd907fc7
  Website: http://permanentrecordsla.com/
  GPID:    ChIJs-XHEpPHwoARxC548yPLaz4

Stage 1: Google Places identity commit — skipped (Google Places data already cached (placesDataCachedAt set))

Re-scanning issues...
  Issues: 1 created, 0 resolved, 5 unchanged

════════════════════════════════════════════════════════════
Enrichment summary: Permanent Records Roadhouse
════════════════════════════════════════════════════════════
  · Stage 1: Google Places identity commit (skipped)
  · Stage 2: Surface discovery (skipped)
  · Stage 3: Surface fetch (skipped)
  · Stage 4: Surface parse (skipped)
  · Stage 5: Identity signal extraction (AI) (skipped)
  · Stage 6: Website enrichment (skipped)
  · Stage 7: Tagline generation (AI) (skipped)


[2026-03-16T20:28:11.045Z] Process exited with code: 0
