[2026-03-16T20:28:14.444Z] Running stage 1 (Google Places identity commit) only for counterpoint-records-and-books
[dotenv@17.2.3] injecting env (0) from .env -- tip: 🗂️ backup and recover secrets: https://dotenvx.com/ops
[dotenv@17.2.3] injecting env (19) from .env.local -- tip: 📡 add observability to secrets: https://dotenvx.com/ops

Enrich: Counterpoint Records & Books (counterpoint-records-and-books)
  ID:      f3d1cbd7-ea24-4b1d-8c93-999fc2edde4b
  Website: http://www.counterpointla.com/
  GPID:    ChIJJWxbyka_woARW93qaqdKRO8

Stage 1: Google Places identity commit — skipped (Google Places data already cached (placesDataCachedAt set))

Re-scanning issues...
  Issues: 1 created, 0 resolved, 6 unchanged

════════════════════════════════════════════════════════════
Enrichment summary: Counterpoint Records & Books
════════════════════════════════════════════════════════════
  · Stage 1: Google Places identity commit (skipped)
  · Stage 2: Surface discovery (skipped)
  · Stage 3: Surface fetch (skipped)
  · Stage 4: Surface parse (skipped)
  · Stage 5: Identity signal extraction (AI) (skipped)
  · Stage 6: Website enrichment (skipped)
  · Stage 7: Tagline generation (AI) (skipped)


[2026-03-16T20:28:16.808Z] Process exited with code: 0
