[2026-03-16T20:28:15.376Z] Running stage 1 (Google Places identity commit) only for world-famous-vip-records
[dotenv@17.2.3] injecting env (0) from .env -- tip: ⚙️  specify custom .env file path with { path: '/custom/path/.env' }
[dotenv@17.2.3] injecting env (19) from .env.local -- tip: 🔑 add access controls to secrets: https://dotenvx.com/ops

Enrich: World Famous VIP Records (world-famous-vip-records)
  ID:      2722f55f-edf3-4a7a-bca8-11d51e4db475
  Website: http://www.worldfamousviprecords.com/
  GPID:    ChIJdVchGWcx3YARgfSwv1_zgTE

Stage 1: Google Places identity commit — skipped (Google Places data already cached (placesDataCachedAt set))

Re-scanning issues...
  Issues: 1 created, 0 resolved, 6 unchanged

════════════════════════════════════════════════════════════
Enrichment summary: World Famous VIP Records
════════════════════════════════════════════════════════════
  · Stage 1: Google Places identity commit (skipped)
  · Stage 2: Surface discovery (skipped)
  · Stage 3: Surface fetch (skipped)
  · Stage 4: Surface parse (skipped)
  · Stage 5: Identity signal extraction (AI) (skipped)
  · Stage 6: Website enrichment (skipped)
  · Stage 7: Tagline generation (AI) (skipped)


[2026-03-16T20:28:17.809Z] Process exited with code: 0
