[2026-03-16T20:05:30.074Z] Running stage 1 (Google Places identity commit) only for kismet-restaurant-4-iconic-los-feliz-middle-eastern
[dotenv@17.2.3] injecting env (0) from .env -- tip: 📡 add observability to secrets: https://dotenvx.com/ops
[dotenv@17.2.3] injecting env (19) from .env.local -- tip: 🗂️ backup and recover secrets: https://dotenvx.com/ops

Enrich: Kismet (kismet-restaurant-4-iconic-los-feliz-middle-eastern)
  ID:      f436943b-1eac-4f11-8610-fe773f0ded66
  Website: http://kismetla.com/
  GPID:    ChIJD1Q7U6zAwoAR5-VymMH76V0

Stage 1: Google Places identity commit — skipped (Google Places data already cached (placesDataCachedAt set))

Re-scanning issues...
  Issues: 1 created, 0 resolved, 2 unchanged

════════════════════════════════════════════════════════════
Enrichment summary: Kismet
════════════════════════════════════════════════════════════
  · Stage 1: Google Places identity commit (skipped)
  · Stage 2: Surface discovery (skipped)
  · Stage 3: Surface fetch (skipped)
  · Stage 4: Surface parse (skipped)
  · Stage 5: Identity signal extraction (AI) (skipped)
  · Stage 6: Website enrichment (skipped)
  · Stage 7: Tagline generation (AI) (skipped)


[2026-03-16T20:05:31.952Z] Process exited with code: 0
