[2026-03-16T20:04:46.162Z] Running stage 1 (Google Places identity commit) only for the-beverly-hills-hotel-hotel-hotel-iconic-dorchester-collection-the-pink-palace
[dotenv@17.2.3] injecting env (0) from .env -- tip: 🗂️ backup and recover secrets: https://dotenvx.com/ops
[dotenv@17.2.3] injecting env (19) from .env.local -- tip: 🔐 prevent committing .env to code: https://dotenvx.com/precommit

Enrich: The Beverly Hills Hotel (the-beverly-hills-hotel-hotel-hotel-iconic-dorchester-collection-the-pink-palace)
  ID:      d03b1eb8-e32a-48d6-a036-5a067bef94f0
  Website: https://www.dorchestercollection.com/los-angeles/the-beverly-hills-hotel
  GPID:    ChIJXVs5lQa8woARSWRNqYGVUNo

Stage 1: Google Places identity commit — skipped (Google Places data already cached (placesDataCachedAt set))

Re-scanning issues...
  Issues: 1 created, 0 resolved, 4 unchanged

════════════════════════════════════════════════════════════
Enrichment summary: The Beverly Hills Hotel
════════════════════════════════════════════════════════════
  · Stage 1: Google Places identity commit (skipped)
  · Stage 2: Surface discovery (skipped)
  · Stage 3: Surface fetch (skipped)
  · Stage 4: Surface parse (skipped)
  · Stage 5: Identity signal extraction (AI) (skipped)
  · Stage 6: Website enrichment (skipped)
  · Stage 7: Tagline generation (AI) (skipped)


[2026-03-16T20:04:49.086Z] Process exited with code: 0
