[2026-03-16T20:04:37.132Z] Running stage 1 (Google Places identity commit) only for coucou-french-classes-la
[dotenv@17.2.3] injecting env (0) from .env -- tip: ⚙️  write to custom object with { processEnv: myObject }
[dotenv@17.2.3] injecting env (19) from .env.local -- tip: ⚙️  enable debug logging with { debug: true }

Enrich: Coucou French Classes LA (coucou-french-classes-la)
  ID:      407fd6dc-1ca3-4b3d-a023-e302ef0e88b6
  Website: http://coucoufrenchclasses.com/la
  GPID:    ChIJc3Tj3zrBwoARyeBwjUdMKB4

Stage 1: Google Places identity commit — skipped (Google Places data already cached (placesDataCachedAt set))

Re-scanning issues...
  Issues: 1 created, 0 resolved, 3 unchanged

════════════════════════════════════════════════════════════
Enrichment summary: Coucou French Classes LA
════════════════════════════════════════════════════════════
  · Stage 1: Google Places identity commit (skipped)
  · Stage 2: Surface discovery (skipped)
  · Stage 3: Surface fetch (skipped)
  · Stage 4: Surface parse (skipped)
  · Stage 5: Identity signal extraction (AI) (skipped)
  · Stage 6: Website enrichment (skipped)
  · Stage 7: Tagline generation (AI) (skipped)


[2026-03-16T20:04:40.628Z] Process exited with code: 0
