[2026-03-16T20:27:28.267Z] Running stage 1 (Google Places identity commit) only for balam-kitchen
[dotenv@17.2.3] injecting env (0) from .env -- tip: 🛠️  run anywhere with `dotenvx run -- yourcommand`
[dotenv@17.2.3] injecting env (19) from .env.local -- tip: ⚙️  enable debug logging with { debug: true }

Enrich: BALAM Mexican Kitchen (balam-kitchen)
  ID:      9d737c3c-bf1f-48d8-8ac5-fdd32177fc36
  Website: https://www.instagram.com/balamtaco?igsh=MWE2NjR1bTFtb2o4aA==
  GPID:    ChIJbca7L4bLwoARVPEhV0ff0a0

Stage 1: Google Places identity commit — skipped (Google Places data already cached (placesDataCachedAt set))

Re-scanning issues...
  Issues: 1 created, 0 resolved, 4 unchanged

════════════════════════════════════════════════════════════
Enrichment summary: BALAM Mexican Kitchen
════════════════════════════════════════════════════════════
  · Stage 1: Google Places identity commit (skipped)
  · Stage 2: Surface discovery (skipped)
  · Stage 3: Surface fetch (skipped)
  · Stage 4: Surface parse (skipped)
  · Stage 5: Identity signal extraction (AI) (skipped)
  · Stage 6: Website enrichment (skipped)
  · Stage 7: Tagline generation (AI) (skipped)


[2026-03-16T20:27:30.186Z] Process exited with code: 0
