[2026-03-16T20:27:48.693Z] Running stage 1 (Google Places identity commit) only for rickys-fish-tacos
[dotenv@17.2.3] injecting env (0) from .env -- tip: 👥 sync secrets across teammates & machines: https://dotenvx.com/ops
[dotenv@17.2.3] injecting env (19) from .env.local -- tip: ⚙️  override existing env vars with { override: true }

Enrich: Rick's Drive In & Out (rickys-fish-tacos)
  ID:      b1df9d68-39e1-432b-b437-774ffe38bace
  Website: https://ricksdrivein.wixsite.com/ricks
  GPID:    ChIJdwj6zdTAwoARKNcRIz7Y-gQ

Stage 1: Google Places identity commit — skipped (Google Places data already cached (placesDataCachedAt set))

Re-scanning issues...
  Issues: 1 created, 0 resolved, 5 unchanged

════════════════════════════════════════════════════════════
Enrichment summary: Rick's Drive In & Out
════════════════════════════════════════════════════════════
  · Stage 1: Google Places identity commit (skipped)
  · Stage 2: Surface discovery (skipped)
  · Stage 3: Surface fetch (skipped)
  · Stage 4: Surface parse (skipped)
  · Stage 5: Identity signal extraction (AI) (skipped)
  · Stage 6: Website enrichment (skipped)
  · Stage 7: Tagline generation (AI) (skipped)


[2026-03-16T20:27:50.848Z] Process exited with code: 0
