[2026-03-16T20:29:02.151Z] Running stage 1 (Google Places identity commit) only for spicy-sugar-thai
[dotenv@17.2.3] injecting env (0) from .env -- tip: 👥 sync secrets across teammates & machines: https://dotenvx.com/ops
[dotenv@17.2.3] injecting env (19) from .env.local -- tip: 🔐 prevent building .env in docker: https://dotenvx.com/prebuild

Enrich: Spicy Sugar Thai Mid-City (spicy-sugar-thai)
  ID:      f6462447-97bb-419b-8b96-c31f791f9ef7
  Website: https://www.spicysugarthai.com/
  GPID:    ChIJzc7rw9q5woARFKl11BsPbaM

Stage 1: Google Places identity commit — skipped (Google Places data already cached (placesDataCachedAt set))

Re-scanning issues...
  Issues: 1 created, 0 resolved, 5 unchanged

════════════════════════════════════════════════════════════
Enrichment summary: Spicy Sugar Thai Mid-City
════════════════════════════════════════════════════════════
  · Stage 1: Google Places identity commit (skipped)
  · Stage 2: Surface discovery (skipped)
  · Stage 3: Surface fetch (skipped)
  · Stage 4: Surface parse (skipped)
  · Stage 5: Identity signal extraction (AI) (skipped)
  · Stage 6: Website enrichment (skipped)
  · Stage 7: Tagline generation (AI) (skipped)


[2026-03-16T20:29:04.915Z] Process exited with code: 0
