[2026-03-16T20:27:24.093Z] Running stage 1 (Google Places identity commit) only for restaurant-ki-restaurant-2-michelin-1-michelin-star-first-korean-starred-in-la-2
[dotenv@17.2.3] injecting env (0) from .env -- tip: 🔄 add secrets lifecycle management: https://dotenvx.com/ops
[dotenv@17.2.3] injecting env (19) from .env.local -- tip: 🔐 prevent building .env in docker: https://dotenvx.com/prebuild

Enrich: Restaurant Ki (restaurant-ki-restaurant-2-michelin-1-michelin-star-first-korean-starred-in-la-2)
  ID:      32bb14a1-a90d-4f89-bc97-f6c3a461a98c
  Website: https://restaurantki.com/
  GPID:    ChIJ6fB8aADHwoARxXCY99wLo0U

Stage 1: Google Places identity commit — skipped (Google Places data already cached (placesDataCachedAt set))

Re-scanning issues...
  Issues: 1 created, 0 resolved, 5 unchanged

════════════════════════════════════════════════════════════
Enrichment summary: Restaurant Ki
════════════════════════════════════════════════════════════
  · Stage 1: Google Places identity commit (skipped)
  · Stage 2: Surface discovery (skipped)
  · Stage 3: Surface fetch (skipped)
  · Stage 4: Surface parse (skipped)
  · Stage 5: Identity signal extraction (AI) (skipped)
  · Stage 6: Website enrichment (skipped)
  · Stage 7: Tagline generation (AI) (skipped)


[2026-03-16T20:27:26.631Z] Process exited with code: 0
