[2026-03-16T20:05:26.873Z] Running stage 1 (Google Places identity commit) only for betsy-restaurant-3-hot2025-altadena-hearth-cooking-tyler-wells-comeback
[dotenv@17.2.3] injecting env (0) from .env -- tip: ⚙️  enable debug logging with { debug: true }
[dotenv@17.2.3] injecting env (19) from .env.local -- tip: ⚙️  specify custom .env file path with { path: '/custom/path/.env' }

Enrich: Betsy (betsy-restaurant-3-hot2025-altadena-hearth-cooking-tyler-wells-comeback)
  ID:      280edc04-605d-4cf7-8be0-fdb91e3c7c0d
  Website: https://betsyaltadena.com/
  GPID:    ChIJyROYYDXDwoARx_7TxDXZi6Q

Stage 1: Google Places identity commit — skipped (Google Places data already cached (placesDataCachedAt set))

Re-scanning issues...
  Issues: 1 created, 0 resolved, 5 unchanged

════════════════════════════════════════════════════════════
Enrichment summary: Betsy
════════════════════════════════════════════════════════════
  · Stage 1: Google Places identity commit (skipped)
  · Stage 2: Surface discovery (skipped)
  · Stage 3: Surface fetch (skipped)
  · Stage 4: Surface parse (skipped)
  · Stage 5: Identity signal extraction (AI) (skipped)
  · Stage 6: Website enrichment (skipped)
  · Stage 7: Tagline generation (AI) (skipped)


[2026-03-16T20:05:28.726Z] Process exited with code: 0
