[2026-03-16T20:05:04.945Z] Running stage 1 (Google Places identity commit) only for the-hummingbird-|-ceviche-house
[dotenv@17.2.3] injecting env (0) from .env -- tip: 🔐 encrypt with Dotenvx: https://dotenvx.com
[dotenv@17.2.3] injecting env (19) from .env.local -- tip: 🔄 add secrets lifecycle management: https://dotenvx.com/ops

Enrich: The Hummingbird | Ceviche House (the-hummingbird-|-ceviche-house)
  ID:      e065c6b6-f91f-440c-9653-6edee73eb761
  Website: https://thehummingbirdla.com/
  GPID:    ChIJTd_4WgDHwoAR3G1iC-Yrq6w

Stage 1: Google Places identity commit — skipped (Google Places data already cached (placesDataCachedAt set))
  ✓ needs_human_review cleared

Re-scanning issues...
  Issues: 1 created, 0 resolved, 2 unchanged

════════════════════════════════════════════════════════════
Enrichment summary: The Hummingbird | Ceviche House
════════════════════════════════════════════════════════════
  · Stage 1: Google Places identity commit (skipped)
  · Stage 2: Surface discovery (skipped)
  · Stage 3: Surface fetch (skipped)
  · Stage 4: Surface parse (skipped)
  · Stage 5: Identity signal extraction (AI) (skipped)
  · Stage 6: Website enrichment (skipped)
  · Stage 7: Tagline generation (AI) (skipped)


[2026-03-16T20:05:07.151Z] Process exited with code: 0
