[2026-03-16T23:40:42.487Z] Running stage 1 (Google Places identity commit) only for burritos-la-palma-el-monte
[dotenv@17.2.3] injecting env (0) from .env -- tip: ⚙️  specify custom .env file path with { path: '/custom/path/.env' }
[dotenv@17.2.3] injecting env (19) from .env.local -- tip: 🛠️  run anywhere with `dotenvx run -- yourcommand`

Enrich: Burritos La Palma (burritos-la-palma-el-monte)
  ID:      bed05625-221c-425d-908d-d2df59668320
  Website: http://burritoslapalma.com/
  GPID:    ChIJxztAvPDZwoARUKqI04RO2uE
  ✓ needs_human_review cleared

Re-scanning issues...
  Issues: 0 created, 0 resolved, 3 unchanged

════════════════════════════════════════════════════════════
Enrichment summary: Burritos La Palma
════════════════════════════════════════════════════════════
  · Stage 1: Google Places identity commit (skipped)
  · Stage 2: Surface discovery (skipped)
  · Stage 3: Surface fetch (skipped)
  · Stage 4: Surface parse (skipped)
  · Stage 5: Identity signal extraction (AI) (skipped)
  · Stage 6: Website enrichment (skipped)
  · Stage 7: Tagline generation (AI) (skipped)


[2026-03-16T23:40:44.363Z] Process exited with code: 0
