[2026-03-16T20:28:38.643Z] Running stage 1 (Google Places identity commit) only for izakaya-osen
[dotenv@17.2.3] injecting env (0) from .env -- tip: 📡 add observability to secrets: https://dotenvx.com/ops
[dotenv@17.2.3] injecting env (19) from .env.local -- tip: ✅ audit secrets and track compliance: https://dotenvx.com/ops

Enrich: Izakaya Osen (izakaya-osen)
  ID:      095e9e6d-c8dc-4aee-b581-4397deb33071
  Website: https://izakayaosen.com/
  GPID:    ChIJ8y6xrD_HwoARjAEI7-HU2q0

Stage 1: Google Places identity commit — skipped (Google Places data already cached (placesDataCachedAt set))

Re-scanning issues...
  Issues: 1 created, 0 resolved, 4 unchanged

════════════════════════════════════════════════════════════
Enrichment summary: Izakaya Osen
════════════════════════════════════════════════════════════
  · Stage 1: Google Places identity commit (skipped)
  · Stage 2: Surface discovery (skipped)
  · Stage 3: Surface fetch (skipped)
  · Stage 4: Surface parse (skipped)
  · Stage 5: Identity signal extraction (AI) (skipped)
  · Stage 6: Website enrichment (skipped)
  · Stage 7: Tagline generation (AI) (skipped)


[2026-03-16T20:28:41.253Z] Process exited with code: 0
