[2026-03-16T20:28:02.199Z] Running stage 1 (Google Places identity commit) only for jacknife-records-and-tapes
[dotenv@17.2.3] injecting env (0) from .env -- tip: 🗂️ backup and recover secrets: https://dotenvx.com/ops
[dotenv@17.2.3] injecting env (19) from .env.local -- tip: 🔐 prevent building .env in docker: https://dotenvx.com/prebuild

Enrich: Jacknife Records & Tapes (jacknife-records-and-tapes)
  ID:      6b3ee965-73d4-4136-8f98-dc169a733c6c
  Website: https://www.jackniferecordsandtapes.com
  GPID:    ChIJhSHEA9vAwoARm5jQqVrZsr0

Stage 1: Google Places identity commit — skipped (Google Places data already cached (placesDataCachedAt set))

Re-scanning issues...
  Issues: 1 created, 0 resolved, 7 unchanged

════════════════════════════════════════════════════════════
Enrichment summary: Jacknife Records & Tapes
════════════════════════════════════════════════════════════
  · Stage 1: Google Places identity commit (skipped)
  · Stage 2: Surface discovery (skipped)
  · Stage 3: Surface fetch (skipped)
  · Stage 4: Surface parse (skipped)
  · Stage 5: Identity signal extraction (AI) (skipped)
  · Stage 6: Website enrichment (skipped)
  · Stage 7: Tagline generation (AI) (skipped)


[2026-03-16T20:28:04.926Z] Process exited with code: 0
