[2026-03-16T20:28:37.882Z] Running stage 1 (Google Places identity commit) only for sushi-kaneyoshi
[dotenv@17.2.3] injecting env (0) from .env -- tip: 🛠️  run anywhere with `dotenvx run -- yourcommand`
[dotenv@17.2.3] injecting env (19) from .env.local -- tip: 👥 sync secrets across teammates & machines: https://dotenvx.com/ops

Enrich: Sushi Kaneyoshi (sushi-kaneyoshi)
  ID:      2035c7c0-b855-4454-a0ae-161aeae21bfe
  Website: https://kaneyoshi.us/
  GPID:    ChIJIXKeGv_HwoARtFSSk2sS2AI

Stage 1: Google Places identity commit — skipped (Google Places data already cached (placesDataCachedAt set))

Re-scanning issues...
  Issues: 1 created, 0 resolved, 6 unchanged

════════════════════════════════════════════════════════════
Enrichment summary: Sushi Kaneyoshi
════════════════════════════════════════════════════════════
  · Stage 1: Google Places identity commit (skipped)
  · Stage 2: Surface discovery (skipped)
  · Stage 3: Surface fetch (skipped)
  · Stage 4: Surface parse (skipped)
  · Stage 5: Identity signal extraction (AI) (skipped)
  · Stage 6: Website enrichment (skipped)
  · Stage 7: Tagline generation (AI) (skipped)


[2026-03-16T20:28:40.704Z] Process exited with code: 0
