[2026-03-16T20:27:28.023Z] Running stage 1 (Google Places identity commit) only for tacos-pasadita
[dotenv@17.2.3] injecting env (0) from .env -- tip: 🔑 add access controls to secrets: https://dotenvx.com/ops
[dotenv@17.2.3] injecting env (19) from .env.local -- tip: ⚙️  suppress all logs with { quiet: true }

Enrich: Mariscos La Pasadita (tacos-pasadita)
  ID:      5e4dbfb7-e7e0-4e0b-9053-85557710f1a1
  Website: https://www.instagram.com/mariscoslapasadita__/profilecard/?igsh=NTc4MTIwNjQ2YQ==
  GPID:    ChIJXchIBIXPwoARtruRe_IJrVk

Stage 1: Google Places identity commit — skipped (Google Places data already cached (placesDataCachedAt set))

Re-scanning issues...
  Issues: 1 created, 0 resolved, 4 unchanged

════════════════════════════════════════════════════════════
Enrichment summary: Mariscos La Pasadita
════════════════════════════════════════════════════════════
  · Stage 1: Google Places identity commit (skipped)
  · Stage 2: Surface discovery (skipped)
  · Stage 3: Surface fetch (skipped)
  · Stage 4: Surface parse (skipped)
  · Stage 5: Identity signal extraction (AI) (skipped)
  · Stage 6: Website enrichment (skipped)
  · Stage 7: Tagline generation (AI) (skipped)


[2026-03-16T20:27:29.808Z] Process exited with code: 0
