[2026-03-16T20:27:26.882Z] Running stage 1 (Google Places identity commit) only for ditroit-arts-district
[dotenv@17.2.3] injecting env (0) from .env -- tip: ⚙️  load multiple .env files with { path: ['.env.local', '.env'] }
[dotenv@17.2.3] injecting env (19) from .env.local -- tip: ⚙️  suppress all logs with { quiet: true }

Enrich: Ditroit Taqueria (ditroit-arts-district)
  ID:      4086e180-b3b5-47b6-ad4b-88af1b0e2592
  Website: https://www.ditroittacos.com/
  GPID:    ChIJ7ZsyRInHwoARHeKk2NzYgo0

Stage 1: Google Places identity commit — skipped (Google Places data already cached (placesDataCachedAt set))

Re-scanning issues...
  Issues: 1 created, 0 resolved, 4 unchanged

════════════════════════════════════════════════════════════
Enrichment summary: Ditroit Taqueria
════════════════════════════════════════════════════════════
  · Stage 1: Google Places identity commit (skipped)
  · Stage 2: Surface discovery (skipped)
  · Stage 3: Surface fetch (skipped)
  · Stage 4: Surface parse (skipped)
  · Stage 5: Identity signal extraction (AI) (skipped)
  · Stage 6: Website enrichment (skipped)
  · Stage 7: Tagline generation (AI) (skipped)


[2026-03-16T20:27:28.781Z] Process exited with code: 0
