[2026-03-16T23:40:41.002Z] Running stage 1 (Google Places identity commit) only for pizzeria-mozza-restaurant-1-nancy-silverton-pizza-empire
[dotenv@17.2.3] injecting env (0) from .env -- tip: 👥 sync secrets across teammates & machines: https://dotenvx.com/ops
[dotenv@17.2.3] injecting env (19) from .env.local -- tip: ⚙️  load multiple .env files with { path: ['.env.local', '.env'] }

Enrich: Pizzeria Mozza (pizzeria-mozza-restaurant-1-nancy-silverton-pizza-empire)
  ID:      fe963d2b-9c00-4ed9-ac9a-9abcd665df0a
  Website: http://www.pizzeriamozza.com/
  GPID:    ChIJbWvuoNO4woARx2Xy5MvJ138
  ✓ needs_human_review cleared

Re-scanning issues...
  Issues: 0 created, 0 resolved, 2 unchanged

════════════════════════════════════════════════════════════
Enrichment summary: Pizzeria Mozza
════════════════════════════════════════════════════════════
  · Stage 1: Google Places identity commit (skipped)
  · Stage 2: Surface discovery (skipped)
  · Stage 3: Surface fetch (skipped)
  · Stage 4: Surface parse (skipped)
  · Stage 5: Identity signal extraction (AI) (skipped)
  · Stage 6: Website enrichment (skipped)
  · Stage 7: Tagline generation (AI) (skipped)


[2026-03-16T23:40:43.183Z] Process exited with code: 0
