[2026-03-16T20:28:40.756Z] Running stage 1 (Google Places identity commit) only for heng-heng-chicken-rice
[dotenv@17.2.3] injecting env (0) from .env -- tip: 🔑 add access controls to secrets: https://dotenvx.com/ops
[dotenv@17.2.3] injecting env (19) from .env.local -- tip: 🔑 add access controls to secrets: https://dotenvx.com/ops

Enrich: Heng Heng Chicken Rice (heng-heng-chicken-rice)
  ID:      672ffdb0-03b3-4edb-beb2-a75b3f784726
  Website: https://www.henghengchickenrice.com/
  GPID:    ChIJpUm2D5a_woAREAq2ylnDDpg

Stage 1: Google Places identity commit — skipped (Google Places data already cached (placesDataCachedAt set))

Re-scanning issues...
  Issues: 1 created, 0 resolved, 5 unchanged

════════════════════════════════════════════════════════════
Enrichment summary: Heng Heng Chicken Rice
════════════════════════════════════════════════════════════
  · Stage 1: Google Places identity commit (skipped)
  · Stage 2: Surface discovery (skipped)
  · Stage 3: Surface fetch (skipped)
  · Stage 4: Surface parse (skipped)
  · Stage 5: Identity signal extraction (AI) (skipped)
  · Stage 6: Website enrichment (skipped)
  · Stage 7: Tagline generation (AI) (skipped)


[2026-03-16T20:28:43.269Z] Process exited with code: 0
