[2026-03-16T21:23:21.002Z] Running stage 1 (Google Places identity commit) only for rvr-restaurant-3-hot2025-cal-izakaya-venice-travis-lett-infatuation-#6
[dotenv@17.2.3] injecting env (0) from .env -- tip: 🛠️  run anywhere with `dotenvx run -- yourcommand`
[dotenv@17.2.3] injecting env (19) from .env.local -- tip: 🔐 encrypt with Dotenvx: https://dotenvx.com

Enrich: RVR (rvr-restaurant-3-hot2025-cal-izakaya-venice-travis-lett-infatuation-#6)
  ID:      da61a9df-96f6-469a-9608-068a8697cfb8
  Website: http://www.rvr.la/
  GPID:    ChIJZ1pkfgC7woARjdvLWPbggwg

Stage 1: Google Places identity commit — skipped (Google Places data already cached (placesDataCachedAt set))

Re-scanning issues...
  Issues: 0 created, 0 resolved, 6 unchanged

════════════════════════════════════════════════════════════
Enrichment summary: RVR
════════════════════════════════════════════════════════════
  · Stage 1: Google Places identity commit (skipped)
  · Stage 2: Surface discovery (skipped)
  · Stage 3: Surface fetch (skipped)
  · Stage 4: Surface parse (skipped)
  · Stage 5: Identity signal extraction (AI) (skipped)
  · Stage 6: Website enrichment (skipped)
  · Stage 7: Tagline generation (AI) (skipped)


[2026-03-16T21:23:23.179Z] Process exited with code: 0
