[2026-03-16T20:27:48.440Z] Running stage 1 (Google Places identity commit) only for mexicali-taco-and-co
[dotenv@17.2.3] injecting env (0) from .env -- tip: 🔐 prevent building .env in docker: https://dotenvx.com/prebuild
[dotenv@17.2.3] injecting env (19) from .env.local -- tip: ⚙️  enable debug logging with { debug: true }

Enrich: Mexicali Taco & Co. (mexicali-taco-and-co)
  ID:      9ad6cde7-84c8-4a7f-b449-6a8720ff8c9c
  Website: http://mexicalitaco.com/
  GPID:    ChIJG33qlVbGwoARofX6oBQ2WyE

Stage 1: Google Places identity commit — skipped (Google Places data already cached (placesDataCachedAt set))

Re-scanning issues...
  Issues: 1 created, 0 resolved, 4 unchanged

════════════════════════════════════════════════════════════
Enrichment summary: Mexicali Taco & Co.
════════════════════════════════════════════════════════════
  · Stage 1: Google Places identity commit (skipped)
  · Stage 2: Surface discovery (skipped)
  · Stage 3: Surface fetch (skipped)
  · Stage 4: Surface parse (skipped)
  · Stage 5: Identity signal extraction (AI) (skipped)
  · Stage 6: Website enrichment (skipped)
  · Stage 7: Tagline generation (AI) (skipped)


[2026-03-16T20:27:50.683Z] Process exited with code: 0
