[2026-03-16T20:26:00.586Z] Running stage 1 (Google Places identity commit) only for grá
[dotenv@17.2.3] injecting env (0) from .env -- tip: 🛠️  run anywhere with `dotenvx run -- yourcommand`
[dotenv@17.2.3] injecting env (19) from .env.local -- tip: ⚙️  write to custom object with { processEnv: myObject }

Enrich: Grá (grá)
  ID:      a48e89b7-4a2a-4366-baf8-3910a2f93bce
  Website: http://grá.com/
  GPID:    ChIJ35H4d-fHwoARK-W7Ikwq5VU

Stage 1: Google Places identity commit — skipped (Google Places data already cached (placesDataCachedAt set))

Re-scanning issues...
  Issues: 0 created, 0 resolved, 5 unchanged

════════════════════════════════════════════════════════════
Enrichment summary: Grá
════════════════════════════════════════════════════════════
  · Stage 1: Google Places identity commit (skipped)
  · Stage 2: Surface discovery (skipped)
  · Stage 3: Surface fetch (skipped)
  · Stage 4: Surface parse (skipped)
  · Stage 5: Identity signal extraction (AI) (skipped)
  · Stage 6: Website enrichment (skipped)
  · Stage 7: Tagline generation (AI) (skipped)


[2026-03-16T20:26:02.496Z] Process exited with code: 0
