[2026-03-16T20:27:18.776Z] Running stage 1 (Google Places identity commit) only for santa-canela-restaurant-3-hot2025-highland-park-bakery-eater-award-winner
[dotenv@17.2.3] injecting env (0) from .env -- tip: ⚙️  specify custom .env file path with { path: '/custom/path/.env' }
[dotenv@17.2.3] injecting env (19) from .env.local -- tip: 📡 add observability to secrets: https://dotenvx.com/ops

Enrich: Santa Canela (santa-canela-restaurant-3-hot2025-highland-park-bakery-eater-award-winner)
  ID:      4b9afb9b-5b68-41a8-96bc-9332774fa028
  Website: http://www.santacanela.com/
  GPID:    ChIJowrYmMLFwoARfBaOlCGmRNk

Stage 1: Google Places identity commit — skipped (Google Places data already cached (placesDataCachedAt set))

Re-scanning issues...
  Issues: 1 created, 0 resolved, 5 unchanged

════════════════════════════════════════════════════════════
Enrichment summary: Santa Canela
════════════════════════════════════════════════════════════
  · Stage 1: Google Places identity commit (skipped)
  · Stage 2: Surface discovery (skipped)
  · Stage 3: Surface fetch (skipped)
  · Stage 4: Surface parse (skipped)
  · Stage 5: Identity signal extraction (AI) (skipped)
  · Stage 6: Website enrichment (skipped)
  · Stage 7: Tagline generation (AI) (skipped)


[2026-03-16T20:27:20.712Z] Process exited with code: 0
