[2026-03-17T23:33:29.131Z] Running stage 1 (Google Places identity commit) only for la-fe
[dotenv@17.2.3] injecting env (0) from .env -- tip: ⚙️  load multiple .env files with { path: ['.env.local', '.env'] }
[dotenv@17.2.3] injecting env (18) from .env.local -- tip: 👥 sync secrets across teammates & machines: https://dotenvx.com/ops

Enrich: La Fe (la-fe)
  ID:      b249d0f2-aa3b-44e1-8cfd-07308ca73c7d
  Website: https://lafeonsunset.com/
  GPID:    ChIJERg-8mnHwoARVLDwPHHG26A
  ✓ needs_human_review cleared

Re-scanning issues...
  Issues: 0 created, 0 resolved, 3 unchanged

════════════════════════════════════════════════════════════
Enrichment summary: La Fe
════════════════════════════════════════════════════════════
  · Stage 1: Google Places identity commit (skipped)
  · Stage 2: Surface discovery (skipped)
  · Stage 3: Surface fetch (skipped)
  · Stage 4: Surface parse (skipped)
  · Stage 5: Identity signal extraction (AI) (skipped)
  · Stage 6: Website enrichment (skipped)
  · Stage 7: Tagline generation (AI) (skipped)


[2026-03-17T23:33:30.708Z] Process exited with code: 0
