[2026-03-16T23:40:35.121Z] Running stage 1 (Google Places identity commit) only for cara-hotel-hotel-hotel-boutique-laid-back-modern-boutique-los-feliz-near-griffit
[dotenv@17.2.3] injecting env (0) from .env -- tip: ✅ audit secrets and track compliance: https://dotenvx.com/ops
[dotenv@17.2.3] injecting env (19) from .env.local -- tip: 🔑 add access controls to secrets: https://dotenvx.com/ops

Enrich: Cara Hotel (cara-hotel-hotel-hotel-boutique-laid-back-modern-boutique-los-feliz-near-griffit)
  ID:      6e61406d-e9a4-4f6e-b5de-4c539773419f
  Website: http://carahotel.com/
  GPID:    ChIJ_72WeFC_woARaXeiD_y7hy8
  ✓ needs_human_review cleared

Re-scanning issues...
  Issues: 0 created, 0 resolved, 3 unchanged

════════════════════════════════════════════════════════════
Enrichment summary: Cara Hotel
════════════════════════════════════════════════════════════
  · Stage 1: Google Places identity commit (skipped)
  · Stage 2: Surface discovery (skipped)
  · Stage 3: Surface fetch (skipped)
  · Stage 4: Surface parse (skipped)
  · Stage 5: Identity signal extraction (AI) (skipped)
  · Stage 6: Website enrichment (skipped)
  · Stage 7: Tagline generation (AI) (skipped)


[2026-03-16T23:40:37.098Z] Process exited with code: 0
