[2026-03-16T20:27:38.384Z] Running stage 1 (Google Places identity commit) only for taqueria-los-anaya
[dotenv@17.2.3] injecting env (0) from .env -- tip: 🔐 prevent committing .env to code: https://dotenvx.com/precommit
[dotenv@17.2.3] injecting env (19) from .env.local -- tip: 🔑 add access controls to secrets: https://dotenvx.com/ops

Enrich: Taqueria Los Anaya (taqueria-los-anaya)
  ID:      2bf3703f-8cc5-4122-93e6-fda559304da1
  Website: http://www.taquerialosanaya.com/
  GPID:    ChIJHxMi5k24woARtAmUCBrB2Vg

Stage 1: Google Places identity commit — skipped (Google Places data already cached (placesDataCachedAt set))

Re-scanning issues...
  Issues: 1 created, 0 resolved, 3 unchanged

════════════════════════════════════════════════════════════
Enrichment summary: Taqueria Los Anaya
════════════════════════════════════════════════════════════
  · Stage 1: Google Places identity commit (skipped)
  · Stage 2: Surface discovery (skipped)
  · Stage 3: Surface fetch (skipped)
  · Stage 4: Surface parse (skipped)
  · Stage 5: Identity signal extraction (AI) (skipped)
  · Stage 6: Website enrichment (skipped)
  · Stage 7: Tagline generation (AI) (skipped)


[2026-03-16T20:27:40.661Z] Process exited with code: 0
