[2026-03-16T20:26:18.036Z] Running stage 1 (Google Places identity commit) only for los-angeles-p-tanque-club
[dotenv@17.2.3] injecting env (0) from .env -- tip: 🔐 prevent committing .env to code: https://dotenvx.com/precommit
[dotenv@17.2.3] injecting env (19) from .env.local -- tip: 🔐 prevent committing .env to code: https://dotenvx.com/precommit

Enrich: Los Angeles Pétanque Club (los-angeles-p-tanque-club)
  ID:      d9e58c1d-82df-41ec-8ccd-fdf67fc63cee
  Website: http://www.losangelespetanque.org/
  GPID:    ChIJrTLbwMG7woARh8yjG9woPD4

Stage 1: Google Places identity commit — skipped (Google Places data already cached (placesDataCachedAt set))

Re-scanning issues...
  Issues: 1 created, 0 resolved, 5 unchanged

════════════════════════════════════════════════════════════
Enrichment summary: Los Angeles Pétanque Club
════════════════════════════════════════════════════════════
  · Stage 1: Google Places identity commit (skipped)
  · Stage 2: Surface discovery (skipped)
  · Stage 3: Surface fetch (skipped)
  · Stage 4: Surface parse (skipped)
  · Stage 5: Identity signal extraction (AI) (skipped)
  · Stage 6: Website enrichment (skipped)
  · Stage 7: Tagline generation (AI) (skipped)


[2026-03-16T20:26:20.267Z] Process exited with code: 0
