[2026-03-16T19:38:23.287Z] Starting enrichment for jeffrey-h-denham-md
[dotenv@17.2.3] injecting env (0) from .env -- tip: 👥 sync secrets across teammates & machines: https://dotenvx.com/ops
[dotenv@17.2.3] injecting env (19) from .env.local -- tip: 🔐 prevent building .env in docker: https://dotenvx.com/prebuild

Enrich: Jeffrey H Denham, MD (jeffrey-h-denham-md)
  ID:      cacbae5c-1677-4275-8e09-b896fa82b7e3
  Website: https://www.huntingtonhealth.org/physicians/jeffrey-h-denham-md/
  GPID:    ChIJs07isn3DwoARrWr4ycpwBXQ

Stage 1: Google Places identity commit — skipped (Google Places identity resolved separately via backfill-google-places.ts)

────────────────────────────────────────────────────────────
Stage 2: Surface discovery
  node -r ./scripts/load-env.js ./node_modules/.bin/tsx scripts/run-surface-discovery.ts --entity-id=cacbae5c-1677-4275-8e09-b896fa82b7e3 --limit=1
────────────────────────────────────────────────────────────
[dotenv@17.2.3] injecting env (0) from .env -- tip: 🛠️  run anywhere with `dotenvx run -- yourcommand`
[dotenv@17.2.3] injecting env (19) from .env.local -- tip: 🛠️  run anywhere with `dotenvx run -- yourcommand`
[dotenv@17.2.3] injecting env (0) from .env -- tip: ⚙️  load multiple .env files with { path: ['.env.local', '.env'] }
[dotenv@17.2.3] injecting env (19) from .env.local -- tip: ✅ audit secrets and track compliance: https://dotenvx.com/ops
🔍 Merchant Surface Discovery

Found 1 entities needing discovery

  Jeffrey H Denham, MD (cacbae5c…) https://www.huntingtonhealth.org/physicians/jeffrey-h-denham-md/ … ✓ homepage fetched · 0 surfaces discovered

━━━━━━━━━━━━━━━━━━━━━━━━━━━━━━━━━━━━
✅ Discovery complete
   Entities processed : 1
   Homepage succeeded  : 1
   Homepage failed     : 0
   Surface rows written: 1
  ✓ enrichment_stage updated to 2

Stage 3: Surface fetch — skipped (no surfaces with fetch_status=discovered)

────────────────────────────────────────────────────────────
Stage 4: Surface parse
  node -r ./scripts/load-env.js ./node_modules/.bin/tsx scripts/run-surface-parse.ts --entity-id=cacbae5c-1677-4275-8e09-b896fa82b7e3 --limit=20
────────────────────────────────────────────────────────────
[dotenv@17.2.3] injecting env (0) from .env -- tip: ✅ audit secrets and track compliance: https://dotenvx.com/ops
[dotenv@17.2.3] injecting env (19) from .env.local -- tip: ⚙️  load multiple .env files with { path: ['.env.local', '.env'] }
[dotenv@17.2.3] injecting env (0) from .env -- tip: 🗂️ backup and recover secrets: https://dotenvx.com/ops
[dotenv@17.2.3] injecting env (19) from .env.local -- tip: ⚙️  suppress all logs with { quiet: true }
🔍 Merchant Surface Parse Pass

   artifact_type    : parse_v1
   artifact_version : 1

Found 1 surface to parse

  [homepage   ] https://www.huntingtonhealth.org/physicians/jeffrey-h-denham-md/ … ✓ parsed

━━━━━━━━━━━━━━━━━━━━━━━━━━━━━━━━━━━━
✅ Parse pass complete
   Surfaces processed : 1
   Parsed (artifacts) : 1
   Deduped (skipped)  : 0
   Failed             : 0
  ✓ enrichment_stage updated to 4

────────────────────────────────────────────────────────────
Stage 5: Identity signal extraction (AI)
  node -r ./scripts/load-env.js ./node_modules/.bin/tsx scripts/extract-identity-signals.ts --place=Jeffrey H Denham, MD
────────────────────────────────────────────────────────────
[dotenv@17.2.3] injecting env (0) from .env -- tip: 🔄 add secrets lifecycle management: https://dotenvx.com/ops
[dotenv@17.2.3] injecting env (19) from .env.local -- tip: 🔐 prevent committing .env to code: https://dotenvx.com/precommit

🔮 Saiko Maps — Identity Signal Extraction
==========================================
🔸 Single place: "Jeffrey H Denham, MD"

📍 Found 0 places to process
   (1 in canonical scope · 1 unprocessed · 0 with extractable content)

No records to process. Exiting.
  ✓ enrichment_stage updated to 5

────────────────────────────────────────────────────────────
Stage 6: Website enrichment
  node -r ./scripts/load-env.js ./node_modules/.bin/tsx scripts/run-website-enrichment.ts --slug=jeffrey-h-denham-md
────────────────────────────────────────────────────────────
[dotenv@17.2.3] injecting env (0) from .env -- tip: 📡 add observability to secrets: https://dotenvx.com/ops
[dotenv@17.2.3] injecting env (19) from .env.local -- tip: 🔐 encrypt with Dotenvx: https://dotenvx.com
[34mprisma:query[39m SELECT "public"."entities"."id", "public"."entities"."website", "public"."entities"."name", "public"."entities"."category" FROM "public"."entities" WHERE ("public"."entities"."slug" = $1 AND "public"."entities"."website" IS NOT NULL) ORDER BY "public"."entities"."updated_at" DESC LIMIT $2 OFFSET $3
Website enrichment: 1 places (mode=default, ignoreThrottle=false, dryRun=false)

  Jeffrey H Denham, MD | 403 | conf=0.40 | cat=—
[34mprisma:query[39m INSERT INTO "public"."merchant_enrichment_runs" ("id","entity_id","source_url","final_url","fetched_at","http_status","extraction_json","confidence","cost_usd","created_at") VALUES ($1,$2,$3,$4,$5,$6,$7,$8,$9,$10) RETURNING "public"."merchant_enrichment_runs"."id", "public"."merchant_enrichment_runs"."entity_id", "public"."merchant_enrichment_runs"."source_url", "public"."merchant_enrichment_runs"."final_url", "public"."merchant_enrichment_runs"."fetched_at", "public"."merchant_enrichment_runs"."http_status", "public"."merchant_enrichment_runs"."extraction_json", "public"."merchant_enrichment_runs"."confidence", "public"."merchant_enrichment_runs"."cost_usd", "public"."merchant_enrichment_runs"."created_at"
[34mprisma:query[39m SELECT "public"."entities"."id", "public"."entities"."category" FROM "public"."entities" WHERE ("public"."entities"."id" = $1 AND 1=1) LIMIT $2 OFFSET $3
[34mprisma:query[39m UPDATE "public"."entities" SET "last_enriched_at" = $1, "needs_human_review" = $2, "updated_at" = $3 WHERE ("public"."entities"."id" = $4 AND 1=1) RETURNING "public"."entities"."id"
Done.
[34mprisma:query[39m INSERT INTO "public"."place_job_log" ("id","entity_id","entity_type","job_type","pages_fetched","ai_calls","duration_ms","estimated_cost","created_at") VALUES ($1,$2,$3,$4,$5,$6,$7,$8,$9) RETURNING "public"."place_job_log"."id", "public"."place_job_log"."entity_id", "public"."place_job_log"."entity_type", "public"."place_job_log"."job_type", "public"."place_job_log"."pages_fetched", "public"."place_job_log"."ai_calls", "public"."place_job_log"."duration_ms", "public"."place_job_log"."estimated_cost", "public"."place_job_log"."created_at"
  ✓ enrichment_stage updated to 6

────────────────────────────────────────────────────────────
Stage 7: Tagline generation (AI)
  node -r ./scripts/load-env.js ./node_modules/.bin/tsx scripts/generate-taglines-v2.ts --place=Jeffrey H Denham, MD
────────────────────────────────────────────────────────────
[dotenv@17.2.3] injecting env (0) from .env -- tip: 🔐 encrypt with Dotenvx: https://dotenvx.com
[dotenv@17.2.3] injecting env (19) from .env.local -- tip: 🗂️ backup and recover secrets: https://dotenvx.com/ops

🎙️  Saiko Voice Engine v2.0 — Tagline Generator
==========================================
🔸 Single place: "Jeffrey H Denham, MD"
🔸 Concurrency: 5

📍 Fetching records with identity signals...
📍 Found 0 places to process

No records to process. Exiting.
  ✓ enrichment_stage updated to 7
  ✓ last_enriched_at updated

Re-scanning issues...
  Issues: 0 created, 1 resolved, 6 unchanged

════════════════════════════════════════════════════════════
Enrichment summary: Jeffrey H Denham, MD
════════════════════════════════════════════════════════════
  · Stage 1: Google Places identity commit (skipped)
  ✓ Stage 2: Surface discovery (ran)
  · Stage 3: Surface fetch (skipped)
  ✓ Stage 4: Surface parse (ran)
  ✓ Stage 5: Identity signal extraction (AI) (ran)
  ✓ Stage 6: Website enrichment (ran)
  ✓ Stage 7: Tagline generation (AI) (ran)


[2026-03-16T19:38:40.309Z] Process exited with code: 0
