[2026-03-17T23:33:30.575Z] Running stage 1 (Google Places identity commit) only for kuya-lord-restaurant-3-hot2025-james-beard-winner-filipino
[dotenv@17.2.3] injecting env (0) from .env -- tip: ⚙️  write to custom object with { processEnv: myObject }
[dotenv@17.2.3] injecting env (18) from .env.local -- tip: ✅ audit secrets and track compliance: https://dotenvx.com/ops

Enrich: Kuya Lord (kuya-lord-restaurant-3-hot2025-james-beard-winner-filipino)
  ID:      4c16c305-f557-4108-9ff8-0e554bbb822b
  Website: https://kuyalord.com/
  GPID:    ChIJx-fAMlC5woAR4sMclHgF3NA
  ✓ needs_human_review cleared

Re-scanning issues...
  Issues: 0 created, 0 resolved, 3 unchanged

════════════════════════════════════════════════════════════
Enrichment summary: Kuya Lord
════════════════════════════════════════════════════════════
  · Stage 1: Google Places identity commit (skipped)
  · Stage 2: Surface discovery (skipped)
  · Stage 3: Surface fetch (skipped)
  · Stage 4: Surface parse (skipped)
  · Stage 5: Identity signal extraction (AI) (skipped)
  · Stage 6: Website enrichment (skipped)
  · Stage 7: Tagline generation (AI) (skipped)


[2026-03-17T23:33:32.631Z] Process exited with code: 0
