[2026-03-16T20:28:18.462Z] Running stage 1 (Google Places identity commit) only for avalon-vintage
[dotenv@17.2.3] injecting env (0) from .env -- tip: ⚙️  enable debug logging with { debug: true }
[dotenv@17.2.3] injecting env (19) from .env.local -- tip: 🔄 add secrets lifecycle management: https://dotenvx.com/ops

Enrich: Avalon Vintage (avalon-vintage)
  ID:      3eaa0a18-6a1d-4b25-9c5f-d04690cd99d2
  Website: https://avalon-vintage.business.site
  GPID:    ChIJ4VZZnBrEwoARPtJuX-MvyLU

Stage 1: Google Places identity commit — skipped (Google Places data already cached (placesDataCachedAt set))

Re-scanning issues...
  Issues: 1 created, 0 resolved, 6 unchanged

════════════════════════════════════════════════════════════
Enrichment summary: Avalon Vintage
════════════════════════════════════════════════════════════
  · Stage 1: Google Places identity commit (skipped)
  · Stage 2: Surface discovery (skipped)
  · Stage 3: Surface fetch (skipped)
  · Stage 4: Surface parse (skipped)
  · Stage 5: Identity signal extraction (AI) (skipped)
  · Stage 6: Website enrichment (skipped)
  · Stage 7: Tagline generation (AI) (skipped)


[2026-03-16T20:28:21.109Z] Process exited with code: 0
