[dotenv@17.2.3] injecting env (0) from .env -- tip: 🗂️ backup and recover secrets: https://dotenvx.com/ops
[dotenv@17.2.3] injecting env (19) from .env.local -- tip: 🔐 prevent building .env in docker: https://dotenvx.com/prebuild

Enrich: The Hollywood Roosevelt (the-hollywood-roosevelt-hotel-hotel-iconic-historic-hollywood-landmark-old-schoo)
  ID:      1df4f9bb-b905-4add-b7ed-941fd433ef9e
  Website: https://www.thehollywoodroosevelt.com/?utm_source=google&utm_medium=organic&utm_campaign=gbp_listing
  GPID:    ChIJazD_QyG_woARwKuHsRqY0nU

Stage 1: Google Places identity commit — skipped (Google Places identity resolved separately via backfill-google-places.ts)

Stage 2: Surface discovery — skipped (surface rows already exist)

────────────────────────────────────────────────────────────
Stage 3: Surface fetch
  node -r ./scripts/load-env.js ./node_modules/.bin/tsx scripts/run-surface-fetch.ts --entity-id=1df4f9bb-b905-4add-b7ed-941fd433ef9e --limit=20
────────────────────────────────────────────────────────────
[dotenv@17.2.3] injecting env (0) from .env -- tip: ⚙️  write to custom object with { processEnv: myObject }
[dotenv@17.2.3] injecting env (19) from .env.local -- tip: 🔑 add access controls to secrets: https://dotenvx.com/ops
[dotenv@17.2.3] injecting env (0) from .env -- tip: 🛠️  run anywhere with `dotenvx run -- yourcommand`
[dotenv@17.2.3] injecting env (19) from .env.local -- tip: 🔐 prevent committing .env to code: https://dotenvx.com/precommit
📥 Merchant Surface Fetch Pass

Found 2 discovered surfaces to fetch

  [reservation] https://www.thehollywoodroosevelt.com/reservations/#/booking/step-1?lead … ✓ captured
  [contact] https://www.thehollywoodroosevelt.com/contact … ✓ captured

━━━━━━━━━━━━━━━━━━━━━━━━━━━━━━━━━━━━
✅ Fetch pass complete
   Surfaces processed : 2
   Captured (new rows) : 2
   Deduped (skipped)   : 0
   Failed              : 0
  ✓ enrichment_stage updated to 3

────────────────────────────────────────────────────────────
Stage 4: Surface parse
  node -r ./scripts/load-env.js ./node_modules/.bin/tsx scripts/run-surface-parse.ts --entity-id=1df4f9bb-b905-4add-b7ed-941fd433ef9e --limit=20
────────────────────────────────────────────────────────────
[dotenv@17.2.3] injecting env (0) from .env -- tip: 👥 sync secrets across teammates & machines: https://dotenvx.com/ops
[dotenv@17.2.3] injecting env (19) from .env.local -- tip: 🛠️  run anywhere with `dotenvx run -- yourcommand`
[dotenv@17.2.3] injecting env (0) from .env -- tip: ⚙️  write to custom object with { processEnv: myObject }
[dotenv@17.2.3] injecting env (19) from .env.local -- tip: ⚙️  suppress all logs with { quiet: true }
🔍 Merchant Surface Parse Pass

   artifact_type    : parse_v1
   artifact_version : 1

Found 2 surfaces to parse

  [reservation] https://www.thehollywoodroosevelt.com/reservations/ … ✓ parsed
  [contact    ] https://www.thehollywoodroosevelt.com/contact … ✓ parsed

━━━━━━━━━━━━━━━━━━━━━━━━━━━━━━━━━━━━
✅ Parse pass complete
   Surfaces processed : 2
   Parsed (artifacts) : 2
   Deduped (skipped)  : 0
   Failed             : 0
  ✓ enrichment_stage updated to 4

────────────────────────────────────────────────────────────
Stage 5: Identity signal extraction (AI)
  node -r ./scripts/load-env.js ./node_modules/.bin/tsx scripts/extract-identity-signals.ts --place=The Hollywood Roosevelt
────────────────────────────────────────────────────────────
[dotenv@17.2.3] injecting env (0) from .env -- tip: 🔐 prevent committing .env to code: https://dotenvx.com/precommit
[dotenv@17.2.3] injecting env (19) from .env.local -- tip: ⚙️  load multiple .env files with { path: ['.env.local', '.env'] }

🔮 Saiko Maps — Identity Signal Extraction
==========================================
🔸 Single place: "The Hollywood Roosevelt"

📍 Found 0 places to process
   (1 in canonical scope · 1 unprocessed · 0 with extractable content)

No records to process. Exiting.
  ✓ enrichment_stage updated to 5

────────────────────────────────────────────────────────────
Stage 6: Website enrichment
  node -r ./scripts/load-env.js ./node_modules/.bin/tsx scripts/run-website-enrichment.ts --slug=the-hollywood-roosevelt-hotel-hotel-iconic-historic-hollywood-landmark-old-schoo
────────────────────────────────────────────────────────────
[dotenv@17.2.3] injecting env (0) from .env -- tip: ⚙️  write to custom object with { processEnv: myObject }
[dotenv@17.2.3] injecting env (19) from .env.local -- tip: 👥 sync secrets across teammates & machines: https://dotenvx.com/ops
[34mprisma:query[39m SELECT "public"."entities"."id", "public"."entities"."website", "public"."entities"."name", "public"."entities"."category" FROM "public"."entities" WHERE ("public"."entities"."slug" = $1 AND "public"."entities"."website" IS NOT NULL) ORDER BY "public"."entities"."updated_at" DESC LIMIT $2 OFFSET $3
Website enrichment: 1 places (mode=default, ignoreThrottle=false, dryRun=false)

  The Hollywood Roosevelt | 200 | conf=0.90 | cat=Hotel
[34mprisma:query[39m INSERT INTO "public"."merchant_enrichment_runs" ("id","entity_id","source_url","final_url","fetched_at","http_status","extraction_json","confidence","cost_usd","created_at") VALUES ($1,$2,$3,$4,$5,$6,$7,$8,$9,$10) RETURNING "public"."merchant_enrichment_runs"."id", "public"."merchant_enrichment_runs"."entity_id", "public"."merchant_enrichment_runs"."source_url", "public"."merchant_enrichment_runs"."final_url", "public"."merchant_enrichment_runs"."fetched_at", "public"."merchant_enrichment_runs"."http_status", "public"."merchant_enrichment_runs"."extraction_json", "public"."merchant_enrichment_runs"."confidence", "public"."merchant_enrichment_runs"."cost_usd", "public"."merchant_enrichment_runs"."created_at"
[34mprisma:query[39m INSERT INTO "public"."merchant_signals" ("entity_id","inferred_category","menu_url","social_links","extraction_confidence","last_updated_at") VALUES ($1,$2,$3,$4,$5,$6) ON CONFLICT ("entity_id") DO UPDATE SET "inferred_category" = $7, "menu_url" = $8, "social_links" = $9, "extraction_confidence" = $10, "last_updated_at" = $11 WHERE ("public"."merchant_signals"."entity_id" = $12 AND 1=1) RETURNING "public"."merchant_signals"."entity_id", "public"."merchant_signals"."inferred_category", "public"."merchant_signals"."inferred_cuisine", "public"."merchant_signals"."reservation_provider", "public"."merchant_signals"."reservation_url", "public"."merchant_signals"."ordering_provider", "public"."merchant_signals"."ordering_url", "public"."merchant_signals"."menu_url", "public"."merchant_signals"."winelist_url", "public"."merchant_signals"."social_links", "public"."merchant_signals"."extraction_confidence", "public"."merchant_signals"."last_updated_at"
[34mprisma:query[39m INSERT INTO "public"."observed_claims" ("claim_id","entity_id","attribute_key","raw_value","normalized_value","source_id","source_url","observed_at","extracted_at","extraction_method","confidence","resolution_method","supersedes_claim_id","is_active") VALUES ($1,$2,$3,$4,$5,$6,$7,$8,$9,CAST($10::text AS "public"."ExtractionMethod"),$11,CAST($12::text AS "public"."ClaimResolutionMethod"),$13,$14) RETURNING "public"."observed_claims"."claim_id", "public"."observed_claims"."entity_id", "public"."observed_claims"."attribute_key", "public"."observed_claims"."raw_value", "public"."observed_claims"."normalized_value", "public"."observed_claims"."source_id", "public"."observed_claims"."source_url", "public"."observed_claims"."observed_at", "public"."observed_claims"."extracted_at", "public"."observed_claims"."extraction_method"::text, "public"."observed_claims"."confidence", "public"."observed_claims"."resolution_method"::text, "public"."observed_claims"."resolution_confidence", "public"."observed_claims"."supersedes_claim_id", "public"."observed_claims"."is_active"
[34mprisma:query[39m SELECT "public"."canonical_sanctions"."sanction_id", "public"."canonical_sanctions"."claim_id" FROM "public"."canonical_sanctions" WHERE ("public"."canonical_sanctions"."entity_id" = $1 AND "public"."canonical_sanctions"."attribute_key" = $2 AND "public"."canonical_sanctions"."is_current" = $3) LIMIT $4 OFFSET $5
[34mprisma:query[39m SELECT "public"."attribute_registry"."attribute_key", "public"."attribute_registry"."sanction_threshold", "public"."attribute_registry"."attribute_class"::text FROM "public"."attribute_registry" WHERE ("public"."attribute_registry"."attribute_key" = $1 AND 1=1) LIMIT $2 OFFSET $3
[34mprisma:query[39m SELECT "public"."source_registry"."id", "public"."source_registry"."trust_tier", "public"."source_registry"."requires_human_approval" FROM "public"."source_registry" WHERE ("public"."source_registry"."id" = $1 AND 1=1) LIMIT $2 OFFSET $3
[34mprisma:query[39m INSERT INTO "public"."canonical_entity_state" ("entity_id","name","menu_url","tips","last_sanctioned_at","sanctioned_by") VALUES ($1,$2,$3,$4,$5,$6) ON CONFLICT ("entity_id") DO UPDATE SET "menu_url" = $7, "last_sanctioned_at" = $8 WHERE ("public"."canonical_entity_state"."entity_id" = $9 AND 1=1) RETURNING "public"."canonical_entity_state"."entity_id", "public"."canonical_entity_state"."name", "public"."canonical_entity_state"."google_place_id", "public"."canonical_entity_state"."latitude", "public"."canonical_entity_state"."longitude", "public"."canonical_entity_state"."address", "public"."canonical_entity_state"."neighborhood", "public"."canonical_entity_state"."phone", "public"."canonical_entity_state"."website", "public"."canonical_entity_state"."instagram", "public"."canonical_entity_state"."tiktok", "public"."canonical_entity_state"."hours_json", "public"."canonical_entity_state"."price_level", "public"."canonical_entity_state"."reservation_url", "public"."canonical_entity_state"."menu_url", "public"."canonical_entity_state"."winelist_url", "public"."canonical_entity_state"."description", "public"."canonical_entity_state"."cuisine_type", "public"."canonical_entity_state"."category", "public"."canonical_entity_state"."tips", "public"."canonical_entity_state"."google_photos", "public"."canonical_entity_state"."google_places_attributes", "public"."canonical_entity_state"."last_sanctioned_at", "public"."canonical_entity_state"."sanctioned_by"
[34mprisma:query[39m BEGIN
[34mprisma:query[39m UPDATE "public"."canonical_sanctions" SET "is_current" = $1 WHERE ("public"."canonical_sanctions"."entity_id" = $2 AND "public"."canonical_sanctions"."attribute_key" = $3 AND "public"."canonical_sanctions"."is_current" = $4)
[34mprisma:query[39m COMMIT
[34mprisma:query[39m INSERT INTO "public"."canonical_sanctions" ("sanction_id","entity_id","attribute_key","claim_id","sanctioned_at","sanctioned_by","sanction_method","is_current") VALUES ($1,$2,$3,$4,$5,$6,CAST($7::text AS "public"."SanctionMethod"),$8) RETURNING "public"."canonical_sanctions"."sanction_id", "public"."canonical_sanctions"."entity_id", "public"."canonical_sanctions"."attribute_key", "public"."canonical_sanctions"."claim_id", "public"."canonical_sanctions"."sanctioned_at", "public"."canonical_sanctions"."sanctioned_by", "public"."canonical_sanctions"."sanction_method"::text, "public"."canonical_sanctions"."is_current"
[34mprisma:query[39m INSERT INTO "public"."observed_claims" ("claim_id","entity_id","attribute_key","raw_value","normalized_value","source_id","source_url","observed_at","extracted_at","extraction_method","confidence","resolution_method","supersedes_claim_id","is_active") VALUES ($1,$2,$3,$4,$5,$6,$7,$8,$9,CAST($10::text AS "public"."ExtractionMethod"),$11,CAST($12::text AS "public"."ClaimResolutionMethod"),$13,$14) RETURNING "public"."observed_claims"."claim_id", "public"."observed_claims"."entity_id", "public"."observed_claims"."attribute_key", "public"."observed_claims"."raw_value", "public"."observed_claims"."normalized_value", "public"."observed_claims"."source_id", "public"."observed_claims"."source_url", "public"."observed_claims"."observed_at", "public"."observed_claims"."extracted_at", "public"."observed_claims"."extraction_method"::text, "public"."observed_claims"."confidence", "public"."observed_claims"."resolution_method"::text, "public"."observed_claims"."resolution_confidence", "public"."observed_claims"."supersedes_claim_id", "public"."observed_claims"."is_active"
[34mprisma:query[39m SELECT "public"."attribute_registry"."attribute_key", "public"."attribute_registry"."sanction_threshold", "public"."attribute_registry"."attribute_class"::text FROM "public"."attribute_registry" WHERE ("public"."attribute_registry"."attribute_key" = $1 AND 1=1) LIMIT $2 OFFSET $3
[34mprisma:query[39m SELECT "public"."canonical_sanctions"."sanction_id", "public"."canonical_sanctions"."claim_id" FROM "public"."canonical_sanctions" WHERE ("public"."canonical_sanctions"."entity_id" = $1 AND "public"."canonical_sanctions"."attribute_key" = $2 AND "public"."canonical_sanctions"."is_current" = $3) LIMIT $4 OFFSET $5
[34mprisma:query[39m SELECT "public"."source_registry"."id", "public"."source_registry"."trust_tier", "public"."source_registry"."requires_human_approval" FROM "public"."source_registry" WHERE ("public"."source_registry"."id" = $1 AND 1=1) LIMIT $2 OFFSET $3
[34mprisma:query[39m INSERT INTO "public"."canonical_entity_state" ("entity_id","name","website","tips","last_sanctioned_at","sanctioned_by") VALUES ($1,$2,$3,$4,$5,$6) ON CONFLICT ("entity_id") DO UPDATE SET "website" = $7, "last_sanctioned_at" = $8 WHERE ("public"."canonical_entity_state"."entity_id" = $9 AND 1=1) RETURNING "public"."canonical_entity_state"."entity_id", "public"."canonical_entity_state"."name", "public"."canonical_entity_state"."google_place_id", "public"."canonical_entity_state"."latitude", "public"."canonical_entity_state"."longitude", "public"."canonical_entity_state"."address", "public"."canonical_entity_state"."neighborhood", "public"."canonical_entity_state"."phone", "public"."canonical_entity_state"."website", "public"."canonical_entity_state"."instagram", "public"."canonical_entity_state"."tiktok", "public"."canonical_entity_state"."hours_json", "public"."canonical_entity_state"."price_level", "public"."canonical_entity_state"."reservation_url", "public"."canonical_entity_state"."menu_url", "public"."canonical_entity_state"."winelist_url", "public"."canonical_entity_state"."description", "public"."canonical_entity_state"."cuisine_type", "public"."canonical_entity_state"."category", "public"."canonical_entity_state"."tips", "public"."canonical_entity_state"."google_photos", "public"."canonical_entity_state"."google_places_attributes", "public"."canonical_entity_state"."last_sanctioned_at", "public"."canonical_entity_state"."sanctioned_by"
[34mprisma:query[39m BEGIN
[34mprisma:query[39m UPDATE "public"."canonical_sanctions" SET "is_current" = $1 WHERE ("public"."canonical_sanctions"."entity_id" = $2 AND "public"."canonical_sanctions"."attribute_key" = $3 AND "public"."canonical_sanctions"."is_current" = $4)
[34mprisma:query[39m COMMIT
[34mprisma:query[39m INSERT INTO "public"."canonical_sanctions" ("sanction_id","entity_id","attribute_key","claim_id","sanctioned_at","sanctioned_by","sanction_method","is_current") VALUES ($1,$2,$3,$4,$5,$6,CAST($7::text AS "public"."SanctionMethod"),$8) RETURNING "public"."canonical_sanctions"."sanction_id", "public"."canonical_sanctions"."entity_id", "public"."canonical_sanctions"."attribute_key", "public"."canonical_sanctions"."claim_id", "public"."canonical_sanctions"."sanctioned_at", "public"."canonical_sanctions"."sanctioned_by", "public"."canonical_sanctions"."sanction_method"::text, "public"."canonical_sanctions"."is_current"
[34mprisma:query[39m SELECT "public"."entities"."id", "public"."entities"."category" FROM "public"."entities" WHERE ("public"."entities"."id" = $1 AND 1=1) LIMIT $2 OFFSET $3
[34mprisma:query[39m UPDATE "public"."entities" SET "last_enriched_at" = $1, "needs_human_review" = $2, "updated_at" = $3 WHERE ("public"."entities"."id" = $4 AND 1=1) RETURNING "public"."entities"."id"
Done.
[34mprisma:query[39m INSERT INTO "public"."place_job_log" ("id","entity_id","entity_type","job_type","pages_fetched","ai_calls","duration_ms","estimated_cost","created_at") VALUES ($1,$2,$3,$4,$5,$6,$7,$8,$9) RETURNING "public"."place_job_log"."id", "public"."place_job_log"."entity_id", "public"."place_job_log"."entity_type", "public"."place_job_log"."job_type", "public"."place_job_log"."pages_fetched", "public"."place_job_log"."ai_calls", "public"."place_job_log"."duration_ms", "public"."place_job_log"."estimated_cost", "public"."place_job_log"."created_at"
  ✓ enrichment_stage updated to 6

────────────────────────────────────────────────────────────
Stage 7: Tagline generation (AI)
  node -r ./scripts/load-env.js ./node_modules/.bin/tsx scripts/generate-taglines-v2.ts --place=The Hollywood Roosevelt
────────────────────────────────────────────────────────────
[dotenv@17.2.3] injecting env (0) from .env -- tip: ⚙️  override existing env vars with { override: true }
[dotenv@17.2.3] injecting env (19) from .env.local -- tip: ⚙️  load multiple .env files with { path: ['.env.local', '.env'] }

🎙️  Saiko Voice Engine v2.0 — Tagline Generator
==========================================
🔸 Single place: "The Hollywood Roosevelt"
🔸 Concurrency: 5

📍 Fetching records with identity signals...
📍 Found 0 places to process

No records to process. Exiting.
  ✓ enrichment_stage updated to 7
  ✓ last_enriched_at updated

Re-scanning issues...
  Issues: 0 created, 1 resolved, 3 unchanged

════════════════════════════════════════════════════════════
Enrichment summary: The Hollywood Roosevelt
════════════════════════════════════════════════════════════
  · Stage 1: Google Places identity commit (skipped)
  · Stage 2: Surface discovery (skipped)
  ✓ Stage 3: Surface fetch (ran)
  ✓ Stage 4: Surface parse (ran)
  ✓ Stage 5: Identity signal extraction (AI) (ran)
  ✓ Stage 6: Website enrichment (ran)
  ✓ Stage 7: Tagline generation (AI) (ran)

