[2026-03-16T20:04:59.237Z] Running stage 1 (Google Places identity commit) only for unknown-6293f468
[dotenv@17.2.3] injecting env (0) from .env -- tip: ✅ audit secrets and track compliance: https://dotenvx.com/ops
[dotenv@17.2.3] injecting env (19) from .env.local -- tip: 🔐 encrypt with Dotenvx: https://dotenvx.com

Enrich: New Beverly Cinema (unknown-6293f468)
  ID:      6293f468-ecaa-40ca-a2e1-ba8ddd2cefcd
  Website: http://thenewbev.com/
  GPID:    ChIJLfFFL9a4woARRBcUFGpcO9M

Stage 1: Google Places identity commit — skipped (Google Places data already cached (placesDataCachedAt set))

Re-scanning issues...
  Issues: 1 created, 0 resolved, 5 unchanged

════════════════════════════════════════════════════════════
Enrichment summary: New Beverly Cinema
════════════════════════════════════════════════════════════
  · Stage 1: Google Places identity commit (skipped)
  · Stage 2: Surface discovery (skipped)
  · Stage 3: Surface fetch (skipped)
  · Stage 4: Surface parse (skipped)
  · Stage 5: Identity signal extraction (AI) (skipped)
  · Stage 6: Website enrichment (skipped)
  · Stage 7: Tagline generation (AI) (skipped)


[2026-03-16T20:05:02.727Z] Process exited with code: 0
