[2026-03-16T20:28:01.107Z] Running stage 1 (Google Places identity commit) only for audiovisual-architects
[dotenv@17.2.3] injecting env (0) from .env -- tip: 🔐 encrypt with Dotenvx: https://dotenvx.com
[dotenv@17.2.3] injecting env (19) from .env.local -- tip: 🔄 add secrets lifecycle management: https://dotenvx.com/ops

Enrich: Audio Visual Architects - AV Installers (audiovisual-architects)
  ID:      f4f463b1-5ea3-49a4-8454-73882ffa05db
  Website: http://www.audiovisualarchitects.com/
  GPID:    ChIJMdgOUDGWwoARLjcnnBTyQ1E

Stage 1: Google Places identity commit — skipped (Google Places data already cached (placesDataCachedAt set))

Re-scanning issues...
  Issues: 1 created, 0 resolved, 6 unchanged

════════════════════════════════════════════════════════════
Enrichment summary: Audio Visual Architects - AV Installers
════════════════════════════════════════════════════════════
  · Stage 1: Google Places identity commit (skipped)
  · Stage 2: Surface discovery (skipped)
  · Stage 3: Surface fetch (skipped)
  · Stage 4: Surface parse (skipped)
  · Stage 5: Identity signal extraction (AI) (skipped)
  · Stage 6: Website enrichment (skipped)
  · Stage 7: Tagline generation (AI) (skipped)


[2026-03-16T20:28:03.468Z] Process exited with code: 0
