[2026-03-16T20:25:59.993Z] Running stage 1 (Google Places identity commit) only for roasted-duck-by-pa-ord-restaurant-4-iconic-thai-town-new-eater-38-addition
[dotenv@17.2.3] injecting env (0) from .env -- tip: 🗂️ backup and recover secrets: https://dotenvx.com/ops
[dotenv@17.2.3] injecting env (19) from .env.local -- tip: ⚙️  load multiple .env files with { path: ['.env.local', '.env'] }

Enrich: Roasted Duck by Pa Ord (roasted-duck-by-pa-ord-restaurant-4-iconic-thai-town-new-eater-38-addition)
  ID:      90a0c801-37f4-4983-b147-57e81776f333
  Website: http://www.ordroastedduck.com/
  GPID:    ChIJharH4mq_woAR3f7EfNbthQ8

Stage 1: Google Places identity commit — skipped (Google Places data already cached (placesDataCachedAt set))

Re-scanning issues...
  Issues: 0 created, 0 resolved, 5 unchanged

════════════════════════════════════════════════════════════
Enrichment summary: Roasted Duck by Pa Ord
════════════════════════════════════════════════════════════
  · Stage 1: Google Places identity commit (skipped)
  · Stage 2: Surface discovery (skipped)
  · Stage 3: Surface fetch (skipped)
  · Stage 4: Surface parse (skipped)
  · Stage 5: Identity signal extraction (AI) (skipped)
  · Stage 6: Website enrichment (skipped)
  · Stage 7: Tagline generation (AI) (skipped)


[2026-03-16T20:26:01.834Z] Process exited with code: 0
