[2026-03-16T20:28:52.570Z] Running stage 1 (Google Places identity commit) only for gimme-gimme-records
[dotenv@17.2.3] injecting env (0) from .env -- tip: ⚙️  specify custom .env file path with { path: '/custom/path/.env' }
[dotenv@17.2.3] injecting env (19) from .env.local -- tip: 🔐 prevent committing .env to code: https://dotenvx.com/precommit

Enrich: Gimme Gimme Records (gimme-gimme-records)
  ID:      59deb384-1e86-4355-8ed0-edacd88a5972
  Website: http://www.gimmegimmerecords.com/
  GPID:    ChIJw7X-TBDEwoARCbMucW4tJzI

Stage 1: Google Places identity commit — skipped (Google Places data already cached (placesDataCachedAt set))

Re-scanning issues...
  Issues: 1 created, 0 resolved, 6 unchanged

════════════════════════════════════════════════════════════
Enrichment summary: Gimme Gimme Records
════════════════════════════════════════════════════════════
  · Stage 1: Google Places identity commit (skipped)
  · Stage 2: Surface discovery (skipped)
  · Stage 3: Surface fetch (skipped)
  · Stage 4: Surface parse (skipped)
  · Stage 5: Identity signal extraction (AI) (skipped)
  · Stage 6: Website enrichment (skipped)
  · Stage 7: Tagline generation (AI) (skipped)


[2026-03-16T20:28:55.918Z] Process exited with code: 0
