[2026-03-16T20:27:27.554Z] Running stage 1 (Google Places identity commit) only for mariscos-jalisco
[dotenv@17.2.3] injecting env (0) from .env -- tip: 🔐 encrypt with Dotenvx: https://dotenvx.com
[dotenv@17.2.3] injecting env (19) from .env.local -- tip: 🔄 add secrets lifecycle management: https://dotenvx.com/ops

Enrich: Mariscos Jalisco (mariscos-jalisco)
  ID:      3ec4b282-cfcd-4cb0-a667-846a7c3205d5
  Website: https://www.mariscosjalisco.net/
  GPID:    ChIJy14FbLHIwoARySSWUFraG74

Stage 1: Google Places identity commit — skipped (Google Places data already cached (placesDataCachedAt set))

Re-scanning issues...
  Issues: 1 created, 0 resolved, 2 unchanged

════════════════════════════════════════════════════════════
Enrichment summary: Mariscos Jalisco
════════════════════════════════════════════════════════════
  · Stage 1: Google Places identity commit (skipped)
  · Stage 2: Surface discovery (skipped)
  · Stage 3: Surface fetch (skipped)
  · Stage 4: Surface parse (skipped)
  · Stage 5: Identity signal extraction (AI) (skipped)
  · Stage 6: Website enrichment (skipped)
  · Stage 7: Tagline generation (AI) (skipped)


[2026-03-16T20:27:29.527Z] Process exited with code: 0
