[2026-03-16T20:06:01.219Z] Running stage 1 (Google Places identity commit) only for pizzeria-sei-restaurant-3-hot2025-tokyo-neapolitan-pizza-pico-robertson-resy-pic
[dotenv@17.2.3] injecting env (0) from .env -- tip: 🔐 prevent committing .env to code: https://dotenvx.com/precommit
[dotenv@17.2.3] injecting env (19) from .env.local -- tip: 🔄 add secrets lifecycle management: https://dotenvx.com/ops

Enrich: Pizzeria Sei (pizzeria-sei-restaurant-3-hot2025-tokyo-neapolitan-pizza-pico-robertson-resy-pic)
  ID:      cf833284-6680-4a9f-a3eb-4a8c2a64d3d8
  Website: http://www.pizzeriasei.com/
  GPID:    ChIJZzA8EM25woAR4SmcyXbfxBE

Stage 1: Google Places identity commit — skipped (Google Places data already cached (placesDataCachedAt set))

Re-scanning issues...
  Issues: 1 created, 0 resolved, 3 unchanged

════════════════════════════════════════════════════════════
Enrichment summary: Pizzeria Sei
════════════════════════════════════════════════════════════
  · Stage 1: Google Places identity commit (skipped)
  · Stage 2: Surface discovery (skipped)
  · Stage 3: Surface fetch (skipped)
  · Stage 4: Surface parse (skipped)
  · Stage 5: Identity signal extraction (AI) (skipped)
  · Stage 6: Website enrichment (skipped)
  · Stage 7: Tagline generation (AI) (skipped)


[2026-03-16T20:06:04.463Z] Process exited with code: 0
