[2026-03-16T20:27:38.055Z] Running stage 1 (Google Places identity commit) only for pancho-lopez
[dotenv@17.2.3] injecting env (0) from .env -- tip: ⚙️  load multiple .env files with { path: ['.env.local', '.env'] }
[dotenv@17.2.3] injecting env (19) from .env.local -- tip: ⚙️  override existing env vars with { override: true }

Enrich: Carnes Asadas Pancho Lopez, Mexican Food in Los Angeles CA 🇲🇽 (pancho-lopez)
  ID:      b25c6640-50c2-4dde-a3b6-baac26b25578
  Website: http://carnesasadasorder.online/
  GPID:    ChIJU5QfL6LHwoARElU2Bdi-hLY

Stage 1: Google Places identity commit — skipped (Google Places data already cached (placesDataCachedAt set))

Re-scanning issues...
  Issues: 1 created, 0 resolved, 3 unchanged

════════════════════════════════════════════════════════════
Enrichment summary: Carnes Asadas Pancho Lopez, Mexican Food in Los Angeles CA 🇲🇽
════════════════════════════════════════════════════════════
  · Stage 1: Google Places identity commit (skipped)
  · Stage 2: Surface discovery (skipped)
  · Stage 3: Surface fetch (skipped)
  · Stage 4: Surface parse (skipped)
  · Stage 5: Identity signal extraction (AI) (skipped)
  · Stage 6: Website enrichment (skipped)
  · Stage 7: Tagline generation (AI) (skipped)


[2026-03-16T20:27:39.943Z] Process exited with code: 0
