[2026-03-16T20:25:59.600Z] Running stage 1 (Google Places identity commit) only for endorffeine-coffee-6-coffee-arts-district
[dotenv@17.2.3] injecting env (0) from .env -- tip: ⚙️  enable debug logging with { debug: true }
[dotenv@17.2.3] injecting env (19) from .env.local -- tip: ⚙️  override existing env vars with { override: true }

Enrich: endorffeine (endorffeine-coffee-6-coffee-arts-district)
  ID:      3cd72c30-fc68-45aa-885a-f25c1bf2fae4
  Website: http://endorffeine.coffee/
  GPID:    ChIJsTjh9VrGwoARfOkMqZCZRXQ

Stage 1: Google Places identity commit — skipped (Google Places data already cached (placesDataCachedAt set))
  ✓ needs_human_review cleared

Re-scanning issues...
  Issues: 0 created, 0 resolved, 6 unchanged

════════════════════════════════════════════════════════════
Enrichment summary: endorffeine
════════════════════════════════════════════════════════════
  · Stage 1: Google Places identity commit (skipped)
  · Stage 2: Surface discovery (skipped)
  · Stage 3: Surface fetch (skipped)
  · Stage 4: Surface parse (skipped)
  · Stage 5: Identity signal extraction (AI) (skipped)
  · Stage 6: Website enrichment (skipped)
  · Stage 7: Tagline generation (AI) (skipped)


[2026-03-16T20:26:01.767Z] Process exited with code: 0
