[2026-03-16T20:28:39.268Z] Running stage 1 (Google Places identity commit) only for melisse
[dotenv@17.2.3] injecting env (0) from .env -- tip: 👥 sync secrets across teammates & machines: https://dotenvx.com/ops
[dotenv@17.2.3] injecting env (19) from .env.local -- tip: 🔐 prevent building .env in docker: https://dotenvx.com/prebuild

Enrich: Mélisse Restaurant (melisse)
  ID:      a2254623-0602-4a7a-a492-a19b569324dc
  Website: http://citrinandmelisse.com/
  GPID:    ChIJ7fOMUsSkwoARIOVuE_23I1Q

Stage 1: Google Places identity commit — skipped (Google Places data already cached (placesDataCachedAt set))

Re-scanning issues...
  Issues: 1 created, 0 resolved, 3 unchanged

════════════════════════════════════════════════════════════
Enrichment summary: Mélisse Restaurant
════════════════════════════════════════════════════════════
  · Stage 1: Google Places identity commit (skipped)
  · Stage 2: Surface discovery (skipped)
  · Stage 3: Surface fetch (skipped)
  · Stage 4: Surface parse (skipped)
  · Stage 5: Identity signal extraction (AI) (skipped)
  · Stage 6: Website enrichment (skipped)
  · Stage 7: Tagline generation (AI) (skipped)


[2026-03-16T20:28:42.172Z] Process exited with code: 0
