[2026-03-16T20:28:32.972Z] Running stage 1 (Google Places identity commit) only for sunnys-bookshop
[dotenv@17.2.3] injecting env (0) from .env -- tip: 🔐 prevent committing .env to code: https://dotenvx.com/precommit
[dotenv@17.2.3] injecting env (19) from .env.local -- tip: 📡 add observability to secrets: https://dotenvx.com/ops

Enrich: Sunny's Bookshop (sunnys-bookshop)
  ID:      16f5420c-3780-4306-9ade-de04b3608a87
  Website: https://www.sunnysbookshop.com/
  GPID:    ChIJn_FJBRaZwoARM9bIOY-wawU

Stage 1: Google Places identity commit — skipped (Google Places data already cached (placesDataCachedAt set))

Re-scanning issues...
  Issues: 1 created, 0 resolved, 6 unchanged

════════════════════════════════════════════════════════════
Enrichment summary: Sunny's Bookshop
════════════════════════════════════════════════════════════
  · Stage 1: Google Places identity commit (skipped)
  · Stage 2: Surface discovery (skipped)
  · Stage 3: Surface fetch (skipped)
  · Stage 4: Surface parse (skipped)
  · Stage 5: Identity signal extraction (AI) (skipped)
  · Stage 6: Website enrichment (skipped)
  · Stage 7: Tagline generation (AI) (skipped)


[2026-03-16T20:28:35.252Z] Process exited with code: 0
