[2026-03-16T20:05:26.590Z] Running stage 1 (Google Places identity commit) only for sunset-tower-hotel-hotel-hotel-iconic-classic-art-deco-glam-west-hollywood-icon
[dotenv@17.2.3] injecting env (0) from .env -- tip: 🗂️ backup and recover secrets: https://dotenvx.com/ops
[dotenv@17.2.3] injecting env (19) from .env.local -- tip: 🔄 add secrets lifecycle management: https://dotenvx.com/ops

Enrich: Sunset Tower Hotel (sunset-tower-hotel-hotel-hotel-iconic-classic-art-deco-glam-west-hollywood-icon)
  ID:      88d55b04-61ca-4265-8c35-199f9047b4e1
  Website: http://www.sunsettowerhotel.com/
  GPID:    ChIJPR1jrb--woARjgvrg3cz16I

Stage 1: Google Places identity commit — skipped (Google Places data already cached (placesDataCachedAt set))
  ✓ needs_human_review cleared

Re-scanning issues...
  Issues: 1 created, 0 resolved, 4 unchanged

════════════════════════════════════════════════════════════
Enrichment summary: Sunset Tower Hotel
════════════════════════════════════════════════════════════
  · Stage 1: Google Places identity commit (skipped)
  · Stage 2: Surface discovery (skipped)
  · Stage 3: Surface fetch (skipped)
  · Stage 4: Surface parse (skipped)
  · Stage 5: Identity signal extraction (AI) (skipped)
  · Stage 6: Website enrichment (skipped)
  · Stage 7: Tagline generation (AI) (skipped)


[2026-03-16T20:05:28.593Z] Process exited with code: 0
